Command line:
   Instruction_decoder_Tb_isim_beh.exe
     -simmode  gui
     -simrunnum  0
     -socket  56017

Sun Nov  7 17:32:22 2021


 Elaboration Time: 0.02 sec

 Current Memory Usage: 244.335 Meg

 Total Signals          : 20
 Total Nets             : 92
 Total Signal Drivers   : 12
 Total Blocks           : 3
 Total Primitive Blocks : 2
 Total Processes        : 15
 Total Traceable Variables  : 25
 Total Scalar Nets and Variables : 251
Total Line Count : 62

 Total Simulation Time: 0.11 sec

 Current Memory Usage: 319.836 Meg

Sun Nov  7 17:33:48 2021

