Running: /opt/Xilinx/14.7/ISE_DS/ISE/bin/lin64/unwrapped/fuse -intstyle ise -incremental -lib unisims_ver -lib unimacro_ver -lib xilinxcorelib_ver -lib secureip -o /home/ishan/Desktop/sem5/COA lab/KGP_RISC/KGP_RISC/Instruction_decoder_Tb_isim_beh.exe -prj /home/ishan/Desktop/sem5/COA lab/KGP_RISC/KGP_RISC/Instruction_decoder_Tb_beh.prj work.Instruction_decoder_Tb work.glbl 
ISim P.20131013 (signature 0xfbc00daa)
Number of CPUs detected in this system: 4
Turning on mult-threading, number of parallel sub-compilation jobs: 8 
Determining compilation order of HDL files
Analyzing Verilog file "/home/ishan/Desktop/sem5/COA lab/KGP_RISC/KGP_RISC/Instruction_decoder.v" into library work
Analyzing Verilog file "/home/ishan/Desktop/sem5/COA lab/KGP_RISC/KGP_RISC/Instruction_decoder_Tb.v" into library work
Analyzing Verilog file "/opt/Xilinx/14.7/ISE_DS/ISE//verilog/src/glbl.v" into library work
Starting static elaboration
Completed static elaboration
Fuse Memory Usage: 95496 KB
Fuse CPU Usage: 1450 ms
Compiling module Instruction_Decoder
Compiling module Instruction_decoder_Tb
Compiling module glbl
Time Resolution for simulation is 1ps.
Waiting for 1 sub-compilation(s) to finish...
Compiled 3 Verilog Units
Built simulation executable /home/ishan/Desktop/sem5/COA lab/KGP_RISC/KGP_RISC/Instruction_decoder_Tb_isim_beh.exe
Fuse Memory Usage: 655672 KB
Fuse CPU Usage: 1460 ms
GCC CPU Usage: 360 ms
