#! /usr/bin/vvp
:ivl_version "10.3 (stable)";
:ivl_delay_selection "TYPICAL";
:vpi_time_precision + 0;
:vpi_module "system";
:vpi_module "vhdl_sys";
:vpi_module "v2005_math";
:vpi_module "va_math";
S_0x55f101fb8760 .scope module, "test_bench" "test_bench" 2 3;
 .timescale 0 0;
v0x55f101ff4bc0_0 .net "C", 0 0, L_0x55f1020117f0;  1 drivers
v0x55f101ff4c80_0 .var "a", 15 0;
v0x55f101ff4d40_0 .var "b", 15 0;
v0x55f101ff4e40_0 .var "cin", 0 0;
v0x55f101ff4ee0_0 .net "s", 15 0, L_0x55f102014e00;  1 drivers
v0x55f101ff4fd0_0 .net "sf", 16 0, L_0x55f10201a410;  1 drivers
L_0x55f10201a410 .concat [ 16 1 0 0], L_0x55f102014e00, L_0x55f1020117f0;
S_0x55f101f67d40 .scope module, "test" "cla16" 2 11, 3 19 0, S_0x55f101fb8760;
 .timescale 0 0;
    .port_info 0 /INPUT 16 "a"
    .port_info 1 /INPUT 16 "b"
    .port_info 2 /INPUT 1 "cin"
    .port_info 3 /OUTPUT 1 "C"
    .port_info 4 /OUTPUT 16 "s"
    .port_info 5 /OUTPUT 1 "G"
    .port_info 6 /OUTPUT 1 "P"
v0x55f101ff43c0_0 .net "C", 0 0, L_0x55f1020117f0;  alias, 1 drivers
v0x55f101ff4480_0 .net "G", 0 0, L_0x55f102019ca0;  1 drivers
v0x55f101ff4520_0 .net "P", 0 0, L_0x55f102016a20;  1 drivers
v0x55f101ff45c0_0 .net "a", 15 0, v0x55f101ff4c80_0;  1 drivers
v0x55f101ff4660_0 .net "b", 15 0, v0x55f101ff4d40_0;  1 drivers
v0x55f101ff4700_0 .net "c", 3 0, L_0x55f102017010;  1 drivers
v0x55f101ff47c0_0 .net "cin", 0 0, v0x55f101ff4e40_0;  1 drivers
v0x55f101ff48b0_0 .net "g", 3 0, L_0x55f102015000;  1 drivers
v0x55f101ff4950_0 .net "p", 3 0, L_0x55f102015230;  1 drivers
v0x55f101ff4a20_0 .net "s", 15 0, L_0x55f102014e00;  alias, 1 drivers
L_0x55f101ffd240 .part v0x55f101ff4c80_0, 0, 4;
L_0x55f101ffd330 .part v0x55f101ff4d40_0, 0, 4;
L_0x55f102005410 .part v0x55f101ff4c80_0, 4, 4;
L_0x55f1020054b0 .part v0x55f101ff4d40_0, 4, 4;
L_0x55f102005550 .part L_0x55f102017010, 0, 1;
L_0x55f10200d690 .part v0x55f101ff4c80_0, 8, 4;
L_0x55f10200d770 .part v0x55f101ff4d40_0, 8, 4;
L_0x55f10200d810 .part L_0x55f102017010, 1, 1;
L_0x55f102014bc0 .part v0x55f101ff4c80_0, 12, 4;
L_0x55f102014c60 .part v0x55f101ff4d40_0, 12, 4;
L_0x55f102014d60 .part L_0x55f102017010, 2, 1;
L_0x55f102014e00 .concat8 [ 4 4 4 4], L_0x55f101ff9910, L_0x55f102001ae0, L_0x55f102009d60, L_0x55f102011ab0;
L_0x55f102015000 .concat8 [ 1 1 1 1], L_0x55f101ffc110, L_0x55f1020042e0, L_0x55f10200c560, L_0x55f102013df0;
L_0x55f102015230 .concat8 [ 1 1 1 1], L_0x55f101ffd130, L_0x55f102005300, L_0x55f10200d580, L_0x55f102013fa0;
S_0x55f101f7bda0 .scope module, "A1" "cla4" 3 26, 4 1 0, S_0x55f101f67d40;
 .timescale 0 0;
    .port_info 0 /INPUT 4 "a"
    .port_info 1 /INPUT 4 "b"
    .port_info 2 /INPUT 1 "cin"
    .port_info 3 /OUTPUT 1 "C"
    .port_info 4 /OUTPUT 4 "s"
    .port_info 5 /OUTPUT 1 "G"
    .port_info 6 /OUTPUT 1 "P"
L_0x55f101ff5070 .functor XOR 4, L_0x55f101ffd240, L_0x55f101ffd330, C4<0000>, C4<0000>;
L_0x55f101ff5190 .functor AND 4, L_0x55f101ffd240, L_0x55f101ffd330, C4<1111>, C4<1111>;
L_0x55f101ff52d0 .functor BUFZ 1, v0x55f101ff4e40_0, C4<0>, C4<0>, C4<0>;
L_0x55f101ff54d0 .functor AND 1, L_0x55f101ff53e0, v0x55f101ff4e40_0, C4<1>, C4<1>;
L_0x55f101ff55c0 .functor OR 1, L_0x55f101ff5340, L_0x55f101ff54d0, C4<0>, C4<0>;
L_0x55f101ff59a0 .functor AND 1, L_0x55f101ff5770, L_0x55f101ff58d0, C4<1>, C4<1>;
L_0x55f101ff5ad0 .functor OR 1, L_0x55f101ff56d0, L_0x55f101ff59a0, C4<0>, C4<0>;
L_0x55f101ff5df0 .functor AND 1, L_0x55f101ff5be0, L_0x55f101ff5d50, C4<1>, C4<1>;
L_0x55f101ff5f00 .functor AND 1, L_0x55f101ff5df0, v0x55f101ff4e40_0, C4<1>, C4<1>;
L_0x55f101ff5fc0 .functor OR 1, L_0x55f101ff5ad0, L_0x55f101ff5f00, C4<0>, C4<0>;
L_0x55f101ff6500 .functor AND 1, L_0x55f101ff6360, L_0x55f101ff6460, C4<1>, C4<1>;
L_0x55f101ff65c0 .functor OR 1, L_0x55f101ff62c0, L_0x55f101ff6500, C4<0>, C4<0>;
L_0x55f101ff68f0 .functor AND 1, L_0x55f101ff6740, L_0x55f101ff6850, C4<1>, C4<1>;
L_0x55f101ff67e0 .functor AND 1, L_0x55f101ff68f0, L_0x55f101ff6a00, C4<1>, C4<1>;
L_0x55f101ff66d0 .functor OR 1, L_0x55f101ff65c0, L_0x55f101ff67e0, C4<0>, C4<0>;
L_0x55f101ff6eb0 .functor AND 1, L_0x55f101ff6ce0, L_0x55f101ff6d80, C4<1>, C4<1>;
L_0x55f101ff70f0 .functor AND 1, L_0x55f101ff6eb0, L_0x55f101ff7050, C4<1>, C4<1>;
L_0x55f101ff7200 .functor AND 1, L_0x55f101ff70f0, v0x55f101ff4e40_0, C4<1>, C4<1>;
L_0x55f101ff7360 .functor OR 1, L_0x55f101ff66d0, L_0x55f101ff7200, C4<0>, C4<0>;
L_0x55f101ff77f0 .functor AND 1, L_0x55f101ff7600, L_0x55f101ff76a0, C4<1>, C4<1>;
L_0x55f101ff79b0 .functor OR 1, L_0x55f101ff74c0, L_0x55f101ff77f0, C4<0>, C4<0>;
L_0x55f101ff7b80 .functor AND 1, L_0x55f101ff72c0, L_0x55f101ff7560, C4<1>, C4<1>;
L_0x55f101ff7df0 .functor AND 1, L_0x55f101ff7b80, L_0x55f101ff7d50, C4<1>, C4<1>;
L_0x55f101ff7f00 .functor OR 1, L_0x55f101ff79b0, L_0x55f101ff7df0, C4<0>, C4<0>;
L_0x55f101ff82f0 .functor AND 1, L_0x55f101ff80e0, L_0x55f101ff8250, C4<1>, C4<1>;
L_0x55f101ff8580 .functor AND 1, L_0x55f101ff82f0, L_0x55f101ff8400, C4<1>, C4<1>;
L_0x55f101ff8810 .functor AND 1, L_0x55f101ff8580, L_0x55f101ff8770, C4<1>, C4<1>;
L_0x55f101ff8920 .functor OR 1, L_0x55f101ff7f00, L_0x55f101ff8810, C4<0>, C4<0>;
L_0x55f101ff8d50 .functor AND 1, L_0x55f101ff8b20, L_0x55f101ff8cb0, C4<1>, C4<1>;
L_0x55f101ff9000 .functor AND 1, L_0x55f101ff8d50, L_0x55f101ff8e60, C4<1>, C4<1>;
L_0x55f101ff92b0 .functor AND 1, L_0x55f101ff9000, L_0x55f101ff9210, C4<1>, C4<1>;
L_0x55f101ff93c0 .functor AND 1, L_0x55f101ff92b0, v0x55f101ff4e40_0, C4<1>, C4<1>;
L_0x55f101ff9590 .functor OR 1, L_0x55f101ff8920, L_0x55f101ff93c0, C4<0>, C4<0>;
L_0x55f101ff9850 .functor XOR 1, L_0x55f101ff96a0, v0x55f101ff4e40_0, C4<0>, C4<0>;
L_0x55f101ff9ce0 .functor XOR 1, L_0x55f101ff9a30, L_0x55f101ff9ad0, C4<0>, C4<0>;
L_0x55f101ff9bc0 .functor XOR 1, L_0x55f101ff9df0, L_0x55f101ff9e90, C4<0>, C4<0>;
L_0x55f101ffa4b0 .functor XOR 1, L_0x55f101ffa230, L_0x55f101ffa410, C4<0>, C4<0>;
L_0x55f101ffaa50 .functor AND 1, L_0x55f101ffa7b0, L_0x55f101ffa850, C4<1>, C4<1>;
L_0x55f101ffaca0 .functor OR 1, L_0x55f101ffa5c0, L_0x55f101ffaa50, C4<0>, C4<0>;
L_0x55f101ffb060 .functor AND 1, L_0x55f101ffadb0, L_0x55f101ffae50, C4<1>, C4<1>;
L_0x55f101ffb360 .functor AND 1, L_0x55f101ffb060, L_0x55f101ffb2c0, C4<1>, C4<1>;
L_0x55f101ffb470 .functor OR 1, L_0x55f101ffaca0, L_0x55f101ffb360, C4<0>, C4<0>;
L_0x55f101ffb9a0 .functor AND 1, L_0x55f101ffb6e0, L_0x55f101ffb900, C4<1>, C4<1>;
L_0x55f101ffbce0 .functor AND 1, L_0x55f101ffb9a0, L_0x55f101ffbab0, C4<1>, C4<1>;
L_0x55f101ffc000 .functor AND 1, L_0x55f101ffbce0, L_0x55f101ffbf60, C4<1>, C4<1>;
L_0x55f101ffc110 .functor OR 1, L_0x55f101ffb470, L_0x55f101ffc000, C4<0>, C4<0>;
L_0x55f101ffca90 .functor AND 1, L_0x55f101ffc3a0, L_0x55f101ffc9f0, C4<1>, C4<1>;
L_0x55f101ffcdf0 .functor AND 1, L_0x55f101ffca90, L_0x55f101ffcba0, C4<1>, C4<1>;
L_0x55f101ffd130 .functor AND 1, L_0x55f101ffcdf0, L_0x55f101ffd090, C4<1>, C4<1>;
v0x55f101f872e0_0 .net "C", 0 0, L_0x55f101ff9590;  1 drivers
v0x55f101fd80b0_0 .net "G", 0 0, L_0x55f101ffc110;  1 drivers
v0x55f101fd8170_0 .net "P", 0 0, L_0x55f101ffd130;  1 drivers
v0x55f101fd8210_0 .net *"_s102", 0 0, L_0x55f101ff80e0;  1 drivers
v0x55f101fd82f0_0 .net *"_s104", 0 0, L_0x55f101ff8250;  1 drivers
v0x55f101fd8420_0 .net *"_s105", 0 0, L_0x55f101ff82f0;  1 drivers
v0x55f101fd84e0_0 .net *"_s108", 0 0, L_0x55f101ff8400;  1 drivers
v0x55f101fd85c0_0 .net *"_s109", 0 0, L_0x55f101ff8580;  1 drivers
v0x55f101fd8680_0 .net *"_s11", 0 0, L_0x55f101ff5340;  1 drivers
v0x55f101fd8760_0 .net *"_s112", 0 0, L_0x55f101ff8770;  1 drivers
v0x55f101fd8840_0 .net *"_s113", 0 0, L_0x55f101ff8810;  1 drivers
v0x55f101fd8900_0 .net *"_s115", 0 0, L_0x55f101ff8920;  1 drivers
v0x55f101fd89c0_0 .net *"_s118", 0 0, L_0x55f101ff8b20;  1 drivers
v0x55f101fd8aa0_0 .net *"_s120", 0 0, L_0x55f101ff8cb0;  1 drivers
v0x55f101fd8b80_0 .net *"_s121", 0 0, L_0x55f101ff8d50;  1 drivers
v0x55f101fd8c40_0 .net *"_s124", 0 0, L_0x55f101ff8e60;  1 drivers
v0x55f101fd8d20_0 .net *"_s125", 0 0, L_0x55f101ff9000;  1 drivers
v0x55f101fd8de0_0 .net *"_s128", 0 0, L_0x55f101ff9210;  1 drivers
v0x55f101fd8ec0_0 .net *"_s129", 0 0, L_0x55f101ff92b0;  1 drivers
v0x55f101fd8f80_0 .net *"_s13", 0 0, L_0x55f101ff53e0;  1 drivers
v0x55f101fd9060_0 .net *"_s131", 0 0, L_0x55f101ff93c0;  1 drivers
v0x55f101fd9120_0 .net *"_s138", 0 0, L_0x55f101ff96a0;  1 drivers
v0x55f101fd9200_0 .net *"_s139", 0 0, L_0x55f101ff9850;  1 drivers
v0x55f101fd92e0_0 .net *"_s14", 0 0, L_0x55f101ff54d0;  1 drivers
v0x55f101fd93a0_0 .net *"_s144", 0 0, L_0x55f101ff9a30;  1 drivers
v0x55f101fd9480_0 .net *"_s146", 0 0, L_0x55f101ff9ad0;  1 drivers
v0x55f101fd9560_0 .net *"_s147", 0 0, L_0x55f101ff9ce0;  1 drivers
v0x55f101fd9640_0 .net *"_s152", 0 0, L_0x55f101ff9df0;  1 drivers
v0x55f101fd9720_0 .net *"_s154", 0 0, L_0x55f101ff9e90;  1 drivers
v0x55f101fd9800_0 .net *"_s155", 0 0, L_0x55f101ff9bc0;  1 drivers
v0x55f101fd98e0_0 .net *"_s16", 0 0, L_0x55f101ff55c0;  1 drivers
v0x55f101fd99a0_0 .net *"_s161", 0 0, L_0x55f101ffa230;  1 drivers
v0x55f101fd9a80_0 .net *"_s163", 0 0, L_0x55f101ffa410;  1 drivers
v0x55f101fd9d70_0 .net *"_s164", 0 0, L_0x55f101ffa4b0;  1 drivers
v0x55f101fd9e50_0 .net *"_s167", 0 0, L_0x55f101ffa5c0;  1 drivers
v0x55f101fd9f30_0 .net *"_s169", 0 0, L_0x55f101ffa7b0;  1 drivers
v0x55f101fda010_0 .net *"_s171", 0 0, L_0x55f101ffa850;  1 drivers
v0x55f101fda0f0_0 .net *"_s172", 0 0, L_0x55f101ffaa50;  1 drivers
v0x55f101fda1b0_0 .net *"_s174", 0 0, L_0x55f101ffaca0;  1 drivers
v0x55f101fda270_0 .net *"_s177", 0 0, L_0x55f101ffadb0;  1 drivers
v0x55f101fda350_0 .net *"_s179", 0 0, L_0x55f101ffae50;  1 drivers
v0x55f101fda430_0 .net *"_s180", 0 0, L_0x55f101ffb060;  1 drivers
v0x55f101fda4f0_0 .net *"_s183", 0 0, L_0x55f101ffb2c0;  1 drivers
v0x55f101fda5d0_0 .net *"_s184", 0 0, L_0x55f101ffb360;  1 drivers
v0x55f101fda690_0 .net *"_s186", 0 0, L_0x55f101ffb470;  1 drivers
v0x55f101fda750_0 .net *"_s189", 0 0, L_0x55f101ffb6e0;  1 drivers
v0x55f101fda830_0 .net *"_s191", 0 0, L_0x55f101ffb900;  1 drivers
v0x55f101fda910_0 .net *"_s192", 0 0, L_0x55f101ffb9a0;  1 drivers
v0x55f101fda9d0_0 .net *"_s195", 0 0, L_0x55f101ffbab0;  1 drivers
v0x55f101fdaab0_0 .net *"_s196", 0 0, L_0x55f101ffbce0;  1 drivers
v0x55f101fdab70_0 .net *"_s199", 0 0, L_0x55f101ffbf60;  1 drivers
v0x55f101fdac50_0 .net *"_s200", 0 0, L_0x55f101ffc000;  1 drivers
v0x55f101fdad10_0 .net *"_s205", 0 0, L_0x55f101ffc3a0;  1 drivers
v0x55f101fdadf0_0 .net *"_s207", 0 0, L_0x55f101ffc9f0;  1 drivers
v0x55f101fdaed0_0 .net *"_s208", 0 0, L_0x55f101ffca90;  1 drivers
v0x55f101fdaf90_0 .net *"_s21", 0 0, L_0x55f101ff56d0;  1 drivers
v0x55f101fdb070_0 .net *"_s211", 0 0, L_0x55f101ffcba0;  1 drivers
v0x55f101fdb150_0 .net *"_s212", 0 0, L_0x55f101ffcdf0;  1 drivers
v0x55f101fdb210_0 .net *"_s215", 0 0, L_0x55f101ffd090;  1 drivers
v0x55f101fdb2f0_0 .net *"_s23", 0 0, L_0x55f101ff5770;  1 drivers
v0x55f101fdb3d0_0 .net *"_s25", 0 0, L_0x55f101ff58d0;  1 drivers
v0x55f101fdb4b0_0 .net *"_s26", 0 0, L_0x55f101ff59a0;  1 drivers
v0x55f101fdb570_0 .net *"_s28", 0 0, L_0x55f101ff5ad0;  1 drivers
v0x55f101fdb630_0 .net *"_s31", 0 0, L_0x55f101ff5be0;  1 drivers
v0x55f101fdb710_0 .net *"_s33", 0 0, L_0x55f101ff5d50;  1 drivers
v0x55f101fdbc00_0 .net *"_s34", 0 0, L_0x55f101ff5df0;  1 drivers
v0x55f101fdbcc0_0 .net *"_s36", 0 0, L_0x55f101ff5f00;  1 drivers
v0x55f101fdbd80_0 .net *"_s38", 0 0, L_0x55f101ff5fc0;  1 drivers
v0x55f101fdbe40_0 .net *"_s44", 0 0, L_0x55f101ff62c0;  1 drivers
v0x55f101fdbf20_0 .net *"_s46", 0 0, L_0x55f101ff6360;  1 drivers
v0x55f101fdc000_0 .net *"_s48", 0 0, L_0x55f101ff6460;  1 drivers
v0x55f101fdc0e0_0 .net *"_s49", 0 0, L_0x55f101ff6500;  1 drivers
v0x55f101fdc1a0_0 .net *"_s51", 0 0, L_0x55f101ff65c0;  1 drivers
v0x55f101fdc260_0 .net *"_s54", 0 0, L_0x55f101ff6740;  1 drivers
v0x55f101fdc340_0 .net *"_s56", 0 0, L_0x55f101ff6850;  1 drivers
v0x55f101fdc420_0 .net *"_s57", 0 0, L_0x55f101ff68f0;  1 drivers
v0x55f101fdc4e0_0 .net *"_s60", 0 0, L_0x55f101ff6a00;  1 drivers
v0x55f101fdc5c0_0 .net *"_s61", 0 0, L_0x55f101ff67e0;  1 drivers
v0x55f101fdc680_0 .net *"_s63", 0 0, L_0x55f101ff66d0;  1 drivers
v0x55f101fdc740_0 .net *"_s66", 0 0, L_0x55f101ff6ce0;  1 drivers
v0x55f101fdc820_0 .net *"_s68", 0 0, L_0x55f101ff6d80;  1 drivers
v0x55f101fdc900_0 .net *"_s69", 0 0, L_0x55f101ff6eb0;  1 drivers
v0x55f101fdc9c0_0 .net *"_s7", 0 0, L_0x55f101ff52d0;  1 drivers
v0x55f101fdcaa0_0 .net *"_s72", 0 0, L_0x55f101ff7050;  1 drivers
v0x55f101fdcb80_0 .net *"_s73", 0 0, L_0x55f101ff70f0;  1 drivers
v0x55f101fdcc40_0 .net *"_s75", 0 0, L_0x55f101ff7200;  1 drivers
v0x55f101fdcd00_0 .net *"_s77", 0 0, L_0x55f101ff7360;  1 drivers
v0x55f101fdcdc0_0 .net *"_s80", 0 0, L_0x55f101ff74c0;  1 drivers
v0x55f101fdcea0_0 .net *"_s82", 0 0, L_0x55f101ff7600;  1 drivers
v0x55f101fdcf80_0 .net *"_s84", 0 0, L_0x55f101ff76a0;  1 drivers
v0x55f101fdd060_0 .net *"_s85", 0 0, L_0x55f101ff77f0;  1 drivers
v0x55f101fdd120_0 .net *"_s87", 0 0, L_0x55f101ff79b0;  1 drivers
v0x55f101fdd1e0_0 .net *"_s90", 0 0, L_0x55f101ff72c0;  1 drivers
v0x55f101fdd2c0_0 .net *"_s92", 0 0, L_0x55f101ff7560;  1 drivers
v0x55f101fdd3a0_0 .net *"_s93", 0 0, L_0x55f101ff7b80;  1 drivers
v0x55f101fdd460_0 .net *"_s96", 0 0, L_0x55f101ff7d50;  1 drivers
v0x55f101fdd540_0 .net *"_s97", 0 0, L_0x55f101ff7df0;  1 drivers
v0x55f101fdd600_0 .net *"_s99", 0 0, L_0x55f101ff7f00;  1 drivers
v0x55f101fdd6c0_0 .net "a", 3 0, L_0x55f101ffd240;  1 drivers
v0x55f101fdd7a0_0 .net "b", 3 0, L_0x55f101ffd330;  1 drivers
v0x55f101fdd880_0 .net "c", 3 0, L_0x55f101ff6130;  1 drivers
v0x55f101fdd960_0 .net "cin", 0 0, v0x55f101ff4e40_0;  alias, 1 drivers
v0x55f101fdda20_0 .net "g", 3 0, L_0x55f101ff5190;  1 drivers
v0x55f101fddb00_0 .net "p", 3 0, L_0x55f101ff5070;  1 drivers
v0x55f101fddbe0_0 .net "s", 3 0, L_0x55f101ff9910;  1 drivers
L_0x55f101ff5340 .part L_0x55f101ff5190, 0, 1;
L_0x55f101ff53e0 .part L_0x55f101ff5070, 0, 1;
L_0x55f101ff56d0 .part L_0x55f101ff5190, 1, 1;
L_0x55f101ff5770 .part L_0x55f101ff5190, 0, 1;
L_0x55f101ff58d0 .part L_0x55f101ff5070, 1, 1;
L_0x55f101ff5be0 .part L_0x55f101ff5070, 0, 1;
L_0x55f101ff5d50 .part L_0x55f101ff5070, 1, 1;
L_0x55f101ff6130 .concat8 [ 1 1 1 1], L_0x55f101ff52d0, L_0x55f101ff55c0, L_0x55f101ff5fc0, L_0x55f101ff7360;
L_0x55f101ff62c0 .part L_0x55f101ff5190, 2, 1;
L_0x55f101ff6360 .part L_0x55f101ff5190, 1, 1;
L_0x55f101ff6460 .part L_0x55f101ff5070, 2, 1;
L_0x55f101ff6740 .part L_0x55f101ff5190, 0, 1;
L_0x55f101ff6850 .part L_0x55f101ff5070, 2, 1;
L_0x55f101ff6a00 .part L_0x55f101ff5070, 1, 1;
L_0x55f101ff6ce0 .part L_0x55f101ff5070, 2, 1;
L_0x55f101ff6d80 .part L_0x55f101ff5070, 1, 1;
L_0x55f101ff7050 .part L_0x55f101ff5070, 0, 1;
L_0x55f101ff74c0 .part L_0x55f101ff5190, 3, 1;
L_0x55f101ff7600 .part L_0x55f101ff5190, 2, 1;
L_0x55f101ff76a0 .part L_0x55f101ff5070, 3, 1;
L_0x55f101ff72c0 .part L_0x55f101ff5190, 1, 1;
L_0x55f101ff7560 .part L_0x55f101ff5070, 3, 1;
L_0x55f101ff7d50 .part L_0x55f101ff5070, 2, 1;
L_0x55f101ff80e0 .part L_0x55f101ff5190, 0, 1;
L_0x55f101ff8250 .part L_0x55f101ff5070, 3, 1;
L_0x55f101ff8400 .part L_0x55f101ff5070, 2, 1;
L_0x55f101ff8770 .part L_0x55f101ff5070, 1, 1;
L_0x55f101ff8b20 .part L_0x55f101ff5070, 3, 1;
L_0x55f101ff8cb0 .part L_0x55f101ff5070, 2, 1;
L_0x55f101ff8e60 .part L_0x55f101ff5070, 1, 1;
L_0x55f101ff9210 .part L_0x55f101ff5070, 0, 1;
L_0x55f101ff96a0 .part L_0x55f101ff5070, 0, 1;
L_0x55f101ff9a30 .part L_0x55f101ff5070, 1, 1;
L_0x55f101ff9ad0 .part L_0x55f101ff6130, 1, 1;
L_0x55f101ff9df0 .part L_0x55f101ff5070, 2, 1;
L_0x55f101ff9e90 .part L_0x55f101ff6130, 2, 1;
L_0x55f101ff9910 .concat8 [ 1 1 1 1], L_0x55f101ff9850, L_0x55f101ff9ce0, L_0x55f101ff9bc0, L_0x55f101ffa4b0;
L_0x55f101ffa230 .part L_0x55f101ff5070, 3, 1;
L_0x55f101ffa410 .part L_0x55f101ff6130, 3, 1;
L_0x55f101ffa5c0 .part L_0x55f101ff5190, 3, 1;
L_0x55f101ffa7b0 .part L_0x55f101ff5190, 2, 1;
L_0x55f101ffa850 .part L_0x55f101ff5070, 3, 1;
L_0x55f101ffadb0 .part L_0x55f101ff5190, 1, 1;
L_0x55f101ffae50 .part L_0x55f101ff5070, 3, 1;
L_0x55f101ffb2c0 .part L_0x55f101ff5070, 2, 1;
L_0x55f101ffb6e0 .part L_0x55f101ff5190, 0, 1;
L_0x55f101ffb900 .part L_0x55f101ff5070, 3, 1;
L_0x55f101ffbab0 .part L_0x55f101ff5070, 2, 1;
L_0x55f101ffbf60 .part L_0x55f101ff5070, 1, 1;
L_0x55f101ffc3a0 .part L_0x55f101ff5070, 3, 1;
L_0x55f101ffc9f0 .part L_0x55f101ff5070, 2, 1;
L_0x55f101ffcba0 .part L_0x55f101ff5070, 1, 1;
L_0x55f101ffd090 .part L_0x55f101ff5070, 0, 1;
S_0x55f101f84390 .scope module, "A2" "cla4" 3 27, 4 1 0, S_0x55f101f67d40;
 .timescale 0 0;
    .port_info 0 /INPUT 4 "a"
    .port_info 1 /INPUT 4 "b"
    .port_info 2 /INPUT 1 "cin"
    .port_info 3 /OUTPUT 1 "C"
    .port_info 4 /OUTPUT 4 "s"
    .port_info 5 /OUTPUT 1 "G"
    .port_info 6 /OUTPUT 1 "P"
L_0x55f101ffd420 .functor XOR 4, L_0x55f102005410, L_0x55f1020054b0, C4<0000>, C4<0000>;
L_0x55f101ffd490 .functor AND 4, L_0x55f102005410, L_0x55f1020054b0, C4<1111>, C4<1111>;
L_0x55f101ffd5a0 .functor BUFZ 1, L_0x55f102005550, C4<0>, C4<0>, C4<0>;
L_0x55f101ffd7f0 .functor AND 1, L_0x55f101ffd700, L_0x55f102005550, C4<1>, C4<1>;
L_0x55f101ffd930 .functor OR 1, L_0x55f101ffd610, L_0x55f101ffd7f0, C4<0>, C4<0>;
L_0x55f101ffdc50 .functor AND 1, L_0x55f101ffdae0, L_0x55f101ffdbb0, C4<1>, C4<1>;
L_0x55f101ffdd80 .functor OR 1, L_0x55f101ffda40, L_0x55f101ffdc50, C4<0>, C4<0>;
L_0x55f101ffe010 .functor AND 1, L_0x55f101ffde90, L_0x55f101ffdf70, C4<1>, C4<1>;
L_0x55f101ffe120 .functor AND 1, L_0x55f101ffe010, L_0x55f102005550, C4<1>, C4<1>;
L_0x55f101ffe1e0 .functor OR 1, L_0x55f101ffdd80, L_0x55f101ffe120, C4<0>, C4<0>;
L_0x55f101ffe720 .functor AND 1, L_0x55f101ffe580, L_0x55f101ffe680, C4<1>, C4<1>;
L_0x55f101ffe7e0 .functor OR 1, L_0x55f101ffe4e0, L_0x55f101ffe720, C4<0>, C4<0>;
L_0x55f101ffeb10 .functor AND 1, L_0x55f101ffe960, L_0x55f101ffea70, C4<1>, C4<1>;
L_0x55f101ffea00 .functor AND 1, L_0x55f101ffeb10, L_0x55f101ffec20, C4<1>, C4<1>;
L_0x55f101ffe8f0 .functor OR 1, L_0x55f101ffe7e0, L_0x55f101ffea00, C4<0>, C4<0>;
L_0x55f101fff0d0 .functor AND 1, L_0x55f101ffef00, L_0x55f101ffefa0, C4<1>, C4<1>;
L_0x55f101fff310 .functor AND 1, L_0x55f101fff0d0, L_0x55f101fff270, C4<1>, C4<1>;
L_0x55f101fff420 .functor AND 1, L_0x55f101fff310, L_0x55f102005550, C4<1>, C4<1>;
L_0x55f101fff580 .functor OR 1, L_0x55f101ffe8f0, L_0x55f101fff420, C4<0>, C4<0>;
L_0x55f101fff9c0 .functor AND 1, L_0x55f101fff7d0, L_0x55f101fff870, C4<1>, C4<1>;
L_0x55f101fffb80 .functor OR 1, L_0x55f101fff690, L_0x55f101fff9c0, C4<0>, C4<0>;
L_0x55f101fffd50 .functor AND 1, L_0x55f101fff4e0, L_0x55f101fff730, C4<1>, C4<1>;
L_0x55f101ffffc0 .functor AND 1, L_0x55f101fffd50, L_0x55f101ffff20, C4<1>, C4<1>;
L_0x55f1020000d0 .functor OR 1, L_0x55f101fffb80, L_0x55f101ffffc0, C4<0>, C4<0>;
L_0x55f1020004c0 .functor AND 1, L_0x55f1020002b0, L_0x55f102000420, C4<1>, C4<1>;
L_0x55f102000750 .functor AND 1, L_0x55f1020004c0, L_0x55f1020005d0, C4<1>, C4<1>;
L_0x55f1020009e0 .functor AND 1, L_0x55f102000750, L_0x55f102000940, C4<1>, C4<1>;
L_0x55f102000af0 .functor OR 1, L_0x55f1020000d0, L_0x55f1020009e0, C4<0>, C4<0>;
L_0x55f102000f20 .functor AND 1, L_0x55f102000cf0, L_0x55f102000e80, C4<1>, C4<1>;
L_0x55f1020011d0 .functor AND 1, L_0x55f102000f20, L_0x55f102001030, C4<1>, C4<1>;
L_0x55f102001480 .functor AND 1, L_0x55f1020011d0, L_0x55f1020013e0, C4<1>, C4<1>;
L_0x55f102001590 .functor AND 1, L_0x55f102001480, L_0x55f102005550, C4<1>, C4<1>;
L_0x55f102001760 .functor OR 1, L_0x55f102000af0, L_0x55f102001590, C4<0>, C4<0>;
L_0x55f102001a20 .functor XOR 1, L_0x55f102001870, L_0x55f102005550, C4<0>, C4<0>;
L_0x55f102001eb0 .functor XOR 1, L_0x55f102001c00, L_0x55f102001ca0, C4<0>, C4<0>;
L_0x55f102001d90 .functor XOR 1, L_0x55f102001fc0, L_0x55f102002060, C4<0>, C4<0>;
L_0x55f102002680 .functor XOR 1, L_0x55f102002400, L_0x55f1020025e0, C4<0>, C4<0>;
L_0x55f102002c20 .functor AND 1, L_0x55f102002980, L_0x55f102002a20, C4<1>, C4<1>;
L_0x55f102002e70 .functor OR 1, L_0x55f102002790, L_0x55f102002c20, C4<0>, C4<0>;
L_0x55f102003230 .functor AND 1, L_0x55f102002f80, L_0x55f102003020, C4<1>, C4<1>;
L_0x55f102003530 .functor AND 1, L_0x55f102003230, L_0x55f102003490, C4<1>, C4<1>;
L_0x55f102003640 .functor OR 1, L_0x55f102002e70, L_0x55f102003530, C4<0>, C4<0>;
L_0x55f102003b70 .functor AND 1, L_0x55f1020038b0, L_0x55f102003ad0, C4<1>, C4<1>;
L_0x55f102003eb0 .functor AND 1, L_0x55f102003b70, L_0x55f102003c80, C4<1>, C4<1>;
L_0x55f1020041d0 .functor AND 1, L_0x55f102003eb0, L_0x55f102004130, C4<1>, C4<1>;
L_0x55f1020042e0 .functor OR 1, L_0x55f102003640, L_0x55f1020041d0, C4<0>, C4<0>;
L_0x55f102004c60 .functor AND 1, L_0x55f102004570, L_0x55f102004bc0, C4<1>, C4<1>;
L_0x55f102004fc0 .functor AND 1, L_0x55f102004c60, L_0x55f102004d70, C4<1>, C4<1>;
L_0x55f102005300 .functor AND 1, L_0x55f102004fc0, L_0x55f102005260, C4<1>, C4<1>;
v0x55f101fdde70_0 .net "C", 0 0, L_0x55f102001760;  1 drivers
v0x55f101fddf30_0 .net "G", 0 0, L_0x55f1020042e0;  1 drivers
v0x55f101fddff0_0 .net "P", 0 0, L_0x55f102005300;  1 drivers
v0x55f101fde090_0 .net *"_s102", 0 0, L_0x55f1020002b0;  1 drivers
v0x55f101fde170_0 .net *"_s104", 0 0, L_0x55f102000420;  1 drivers
v0x55f101fde2a0_0 .net *"_s105", 0 0, L_0x55f1020004c0;  1 drivers
v0x55f101fde360_0 .net *"_s108", 0 0, L_0x55f1020005d0;  1 drivers
v0x55f101fde440_0 .net *"_s109", 0 0, L_0x55f102000750;  1 drivers
v0x55f101fde500_0 .net *"_s11", 0 0, L_0x55f101ffd610;  1 drivers
v0x55f101fde5e0_0 .net *"_s112", 0 0, L_0x55f102000940;  1 drivers
v0x55f101fde6c0_0 .net *"_s113", 0 0, L_0x55f1020009e0;  1 drivers
v0x55f101fde780_0 .net *"_s115", 0 0, L_0x55f102000af0;  1 drivers
v0x55f101fde840_0 .net *"_s118", 0 0, L_0x55f102000cf0;  1 drivers
v0x55f101fde920_0 .net *"_s120", 0 0, L_0x55f102000e80;  1 drivers
v0x55f101fdea00_0 .net *"_s121", 0 0, L_0x55f102000f20;  1 drivers
v0x55f101fdeac0_0 .net *"_s124", 0 0, L_0x55f102001030;  1 drivers
v0x55f101fdeba0_0 .net *"_s125", 0 0, L_0x55f1020011d0;  1 drivers
v0x55f101fdec60_0 .net *"_s128", 0 0, L_0x55f1020013e0;  1 drivers
v0x55f101fded40_0 .net *"_s129", 0 0, L_0x55f102001480;  1 drivers
v0x55f101fdee00_0 .net *"_s13", 0 0, L_0x55f101ffd700;  1 drivers
v0x55f101fdeee0_0 .net *"_s131", 0 0, L_0x55f102001590;  1 drivers
v0x55f101fdefa0_0 .net *"_s138", 0 0, L_0x55f102001870;  1 drivers
v0x55f101fdf080_0 .net *"_s139", 0 0, L_0x55f102001a20;  1 drivers
v0x55f101fdf160_0 .net *"_s14", 0 0, L_0x55f101ffd7f0;  1 drivers
v0x55f101fdf220_0 .net *"_s144", 0 0, L_0x55f102001c00;  1 drivers
v0x55f101fdf300_0 .net *"_s146", 0 0, L_0x55f102001ca0;  1 drivers
v0x55f101fdf3e0_0 .net *"_s147", 0 0, L_0x55f102001eb0;  1 drivers
v0x55f101fdf4c0_0 .net *"_s152", 0 0, L_0x55f102001fc0;  1 drivers
v0x55f101fdf5a0_0 .net *"_s154", 0 0, L_0x55f102002060;  1 drivers
v0x55f101fdf680_0 .net *"_s155", 0 0, L_0x55f102001d90;  1 drivers
v0x55f101fdf760_0 .net *"_s16", 0 0, L_0x55f101ffd930;  1 drivers
v0x55f101fdf820_0 .net *"_s161", 0 0, L_0x55f102002400;  1 drivers
v0x55f101fdf900_0 .net *"_s163", 0 0, L_0x55f1020025e0;  1 drivers
v0x55f101fdf9e0_0 .net *"_s164", 0 0, L_0x55f102002680;  1 drivers
v0x55f101fdfac0_0 .net *"_s167", 0 0, L_0x55f102002790;  1 drivers
v0x55f101fdfba0_0 .net *"_s169", 0 0, L_0x55f102002980;  1 drivers
v0x55f101fdfc80_0 .net *"_s171", 0 0, L_0x55f102002a20;  1 drivers
v0x55f101fdfd60_0 .net *"_s172", 0 0, L_0x55f102002c20;  1 drivers
v0x55f101fdfe20_0 .net *"_s174", 0 0, L_0x55f102002e70;  1 drivers
v0x55f101fdfee0_0 .net *"_s177", 0 0, L_0x55f102002f80;  1 drivers
v0x55f101fdffc0_0 .net *"_s179", 0 0, L_0x55f102003020;  1 drivers
v0x55f101fe00a0_0 .net *"_s180", 0 0, L_0x55f102003230;  1 drivers
v0x55f101fe0160_0 .net *"_s183", 0 0, L_0x55f102003490;  1 drivers
v0x55f101fe0240_0 .net *"_s184", 0 0, L_0x55f102003530;  1 drivers
v0x55f101fe0300_0 .net *"_s186", 0 0, L_0x55f102003640;  1 drivers
v0x55f101fe03c0_0 .net *"_s189", 0 0, L_0x55f1020038b0;  1 drivers
v0x55f101fe04a0_0 .net *"_s191", 0 0, L_0x55f102003ad0;  1 drivers
v0x55f101fe0580_0 .net *"_s192", 0 0, L_0x55f102003b70;  1 drivers
v0x55f101fe0640_0 .net *"_s195", 0 0, L_0x55f102003c80;  1 drivers
v0x55f101fe0720_0 .net *"_s196", 0 0, L_0x55f102003eb0;  1 drivers
v0x55f101fe07e0_0 .net *"_s199", 0 0, L_0x55f102004130;  1 drivers
v0x55f101fe08c0_0 .net *"_s200", 0 0, L_0x55f1020041d0;  1 drivers
v0x55f101fe0980_0 .net *"_s205", 0 0, L_0x55f102004570;  1 drivers
v0x55f101fe0a60_0 .net *"_s207", 0 0, L_0x55f102004bc0;  1 drivers
v0x55f101fe0b40_0 .net *"_s208", 0 0, L_0x55f102004c60;  1 drivers
v0x55f101fe0c00_0 .net *"_s21", 0 0, L_0x55f101ffda40;  1 drivers
v0x55f101fe0ce0_0 .net *"_s211", 0 0, L_0x55f102004d70;  1 drivers
v0x55f101fe0dc0_0 .net *"_s212", 0 0, L_0x55f102004fc0;  1 drivers
v0x55f101fe0e80_0 .net *"_s215", 0 0, L_0x55f102005260;  1 drivers
v0x55f101fe0f60_0 .net *"_s23", 0 0, L_0x55f101ffdae0;  1 drivers
v0x55f101fe1040_0 .net *"_s25", 0 0, L_0x55f101ffdbb0;  1 drivers
v0x55f101fe1120_0 .net *"_s26", 0 0, L_0x55f101ffdc50;  1 drivers
v0x55f101fe11e0_0 .net *"_s28", 0 0, L_0x55f101ffdd80;  1 drivers
v0x55f101fe12a0_0 .net *"_s31", 0 0, L_0x55f101ffde90;  1 drivers
v0x55f101fe1380_0 .net *"_s33", 0 0, L_0x55f101ffdf70;  1 drivers
v0x55f101fe1870_0 .net *"_s34", 0 0, L_0x55f101ffe010;  1 drivers
v0x55f101fe1930_0 .net *"_s36", 0 0, L_0x55f101ffe120;  1 drivers
v0x55f101fe19f0_0 .net *"_s38", 0 0, L_0x55f101ffe1e0;  1 drivers
v0x55f101fe1ab0_0 .net *"_s44", 0 0, L_0x55f101ffe4e0;  1 drivers
v0x55f101fe1b90_0 .net *"_s46", 0 0, L_0x55f101ffe580;  1 drivers
v0x55f101fe1c70_0 .net *"_s48", 0 0, L_0x55f101ffe680;  1 drivers
v0x55f101fe1d50_0 .net *"_s49", 0 0, L_0x55f101ffe720;  1 drivers
v0x55f101fe1e10_0 .net *"_s51", 0 0, L_0x55f101ffe7e0;  1 drivers
v0x55f101fe1ed0_0 .net *"_s54", 0 0, L_0x55f101ffe960;  1 drivers
v0x55f101fe1fb0_0 .net *"_s56", 0 0, L_0x55f101ffea70;  1 drivers
v0x55f101fe2090_0 .net *"_s57", 0 0, L_0x55f101ffeb10;  1 drivers
v0x55f101fe2150_0 .net *"_s60", 0 0, L_0x55f101ffec20;  1 drivers
v0x55f101fe2230_0 .net *"_s61", 0 0, L_0x55f101ffea00;  1 drivers
v0x55f101fe22f0_0 .net *"_s63", 0 0, L_0x55f101ffe8f0;  1 drivers
v0x55f101fe23b0_0 .net *"_s66", 0 0, L_0x55f101ffef00;  1 drivers
v0x55f101fe2490_0 .net *"_s68", 0 0, L_0x55f101ffefa0;  1 drivers
v0x55f101fe2570_0 .net *"_s69", 0 0, L_0x55f101fff0d0;  1 drivers
v0x55f101fe2630_0 .net *"_s7", 0 0, L_0x55f101ffd5a0;  1 drivers
v0x55f101fe2710_0 .net *"_s72", 0 0, L_0x55f101fff270;  1 drivers
v0x55f101fe27f0_0 .net *"_s73", 0 0, L_0x55f101fff310;  1 drivers
v0x55f101fe28b0_0 .net *"_s75", 0 0, L_0x55f101fff420;  1 drivers
v0x55f101fe2970_0 .net *"_s77", 0 0, L_0x55f101fff580;  1 drivers
v0x55f101fe2a30_0 .net *"_s80", 0 0, L_0x55f101fff690;  1 drivers
v0x55f101fe2b10_0 .net *"_s82", 0 0, L_0x55f101fff7d0;  1 drivers
v0x55f101fe2bf0_0 .net *"_s84", 0 0, L_0x55f101fff870;  1 drivers
v0x55f101fe2cd0_0 .net *"_s85", 0 0, L_0x55f101fff9c0;  1 drivers
v0x55f101fe2d90_0 .net *"_s87", 0 0, L_0x55f101fffb80;  1 drivers
v0x55f101fe2e50_0 .net *"_s90", 0 0, L_0x55f101fff4e0;  1 drivers
v0x55f101fe2f30_0 .net *"_s92", 0 0, L_0x55f101fff730;  1 drivers
v0x55f101fe3010_0 .net *"_s93", 0 0, L_0x55f101fffd50;  1 drivers
v0x55f101fe30d0_0 .net *"_s96", 0 0, L_0x55f101ffff20;  1 drivers
v0x55f101fe31b0_0 .net *"_s97", 0 0, L_0x55f101ffffc0;  1 drivers
v0x55f101fe3270_0 .net *"_s99", 0 0, L_0x55f1020000d0;  1 drivers
v0x55f101fe3330_0 .net "a", 3 0, L_0x55f102005410;  1 drivers
v0x55f101fe3410_0 .net "b", 3 0, L_0x55f1020054b0;  1 drivers
v0x55f101fe34f0_0 .net "c", 3 0, L_0x55f101ffe350;  1 drivers
v0x55f101fe35d0_0 .net "cin", 0 0, L_0x55f102005550;  1 drivers
v0x55f101fe3690_0 .net "g", 3 0, L_0x55f101ffd490;  1 drivers
v0x55f101fe3770_0 .net "p", 3 0, L_0x55f101ffd420;  1 drivers
v0x55f101fe3850_0 .net "s", 3 0, L_0x55f102001ae0;  1 drivers
L_0x55f101ffd610 .part L_0x55f101ffd490, 0, 1;
L_0x55f101ffd700 .part L_0x55f101ffd420, 0, 1;
L_0x55f101ffda40 .part L_0x55f101ffd490, 1, 1;
L_0x55f101ffdae0 .part L_0x55f101ffd490, 0, 1;
L_0x55f101ffdbb0 .part L_0x55f101ffd420, 1, 1;
L_0x55f101ffde90 .part L_0x55f101ffd420, 0, 1;
L_0x55f101ffdf70 .part L_0x55f101ffd420, 1, 1;
L_0x55f101ffe350 .concat8 [ 1 1 1 1], L_0x55f101ffd5a0, L_0x55f101ffd930, L_0x55f101ffe1e0, L_0x55f101fff580;
L_0x55f101ffe4e0 .part L_0x55f101ffd490, 2, 1;
L_0x55f101ffe580 .part L_0x55f101ffd490, 1, 1;
L_0x55f101ffe680 .part L_0x55f101ffd420, 2, 1;
L_0x55f101ffe960 .part L_0x55f101ffd490, 0, 1;
L_0x55f101ffea70 .part L_0x55f101ffd420, 2, 1;
L_0x55f101ffec20 .part L_0x55f101ffd420, 1, 1;
L_0x55f101ffef00 .part L_0x55f101ffd420, 2, 1;
L_0x55f101ffefa0 .part L_0x55f101ffd420, 1, 1;
L_0x55f101fff270 .part L_0x55f101ffd420, 0, 1;
L_0x55f101fff690 .part L_0x55f101ffd490, 3, 1;
L_0x55f101fff7d0 .part L_0x55f101ffd490, 2, 1;
L_0x55f101fff870 .part L_0x55f101ffd420, 3, 1;
L_0x55f101fff4e0 .part L_0x55f101ffd490, 1, 1;
L_0x55f101fff730 .part L_0x55f101ffd420, 3, 1;
L_0x55f101ffff20 .part L_0x55f101ffd420, 2, 1;
L_0x55f1020002b0 .part L_0x55f101ffd490, 0, 1;
L_0x55f102000420 .part L_0x55f101ffd420, 3, 1;
L_0x55f1020005d0 .part L_0x55f101ffd420, 2, 1;
L_0x55f102000940 .part L_0x55f101ffd420, 1, 1;
L_0x55f102000cf0 .part L_0x55f101ffd420, 3, 1;
L_0x55f102000e80 .part L_0x55f101ffd420, 2, 1;
L_0x55f102001030 .part L_0x55f101ffd420, 1, 1;
L_0x55f1020013e0 .part L_0x55f101ffd420, 0, 1;
L_0x55f102001870 .part L_0x55f101ffd420, 0, 1;
L_0x55f102001c00 .part L_0x55f101ffd420, 1, 1;
L_0x55f102001ca0 .part L_0x55f101ffe350, 1, 1;
L_0x55f102001fc0 .part L_0x55f101ffd420, 2, 1;
L_0x55f102002060 .part L_0x55f101ffe350, 2, 1;
L_0x55f102001ae0 .concat8 [ 1 1 1 1], L_0x55f102001a20, L_0x55f102001eb0, L_0x55f102001d90, L_0x55f102002680;
L_0x55f102002400 .part L_0x55f101ffd420, 3, 1;
L_0x55f1020025e0 .part L_0x55f101ffe350, 3, 1;
L_0x55f102002790 .part L_0x55f101ffd490, 3, 1;
L_0x55f102002980 .part L_0x55f101ffd490, 2, 1;
L_0x55f102002a20 .part L_0x55f101ffd420, 3, 1;
L_0x55f102002f80 .part L_0x55f101ffd490, 1, 1;
L_0x55f102003020 .part L_0x55f101ffd420, 3, 1;
L_0x55f102003490 .part L_0x55f101ffd420, 2, 1;
L_0x55f1020038b0 .part L_0x55f101ffd490, 0, 1;
L_0x55f102003ad0 .part L_0x55f101ffd420, 3, 1;
L_0x55f102003c80 .part L_0x55f101ffd420, 2, 1;
L_0x55f102004130 .part L_0x55f101ffd420, 1, 1;
L_0x55f102004570 .part L_0x55f101ffd420, 3, 1;
L_0x55f102004bc0 .part L_0x55f101ffd420, 2, 1;
L_0x55f102004d70 .part L_0x55f101ffd420, 1, 1;
L_0x55f102005260 .part L_0x55f101ffd420, 0, 1;
S_0x55f101f983c0 .scope module, "A3" "cla4" 3 28, 4 1 0, S_0x55f101f67d40;
 .timescale 0 0;
    .port_info 0 /INPUT 4 "a"
    .port_info 1 /INPUT 4 "b"
    .port_info 2 /INPUT 1 "cin"
    .port_info 3 /OUTPUT 1 "C"
    .port_info 4 /OUTPUT 4 "s"
    .port_info 5 /OUTPUT 1 "G"
    .port_info 6 /OUTPUT 1 "P"
L_0x55f102005640 .functor XOR 4, L_0x55f10200d690, L_0x55f10200d770, C4<0000>, C4<0000>;
L_0x55f1020056b0 .functor AND 4, L_0x55f10200d690, L_0x55f10200d770, C4<1111>, C4<1111>;
L_0x55f1020057f0 .functor BUFZ 1, L_0x55f10200d810, C4<0>, C4<0>, C4<0>;
L_0x55f102005a70 .functor AND 1, L_0x55f102005980, L_0x55f10200d810, C4<1>, C4<1>;
L_0x55f102005bb0 .functor OR 1, L_0x55f102005860, L_0x55f102005a70, C4<0>, C4<0>;
L_0x55f102005ed0 .functor AND 1, L_0x55f102005d60, L_0x55f102005e30, C4<1>, C4<1>;
L_0x55f102006000 .functor OR 1, L_0x55f102005cc0, L_0x55f102005ed0, C4<0>, C4<0>;
L_0x55f102006290 .functor AND 1, L_0x55f102006110, L_0x55f1020061f0, C4<1>, C4<1>;
L_0x55f1020063a0 .functor AND 1, L_0x55f102006290, L_0x55f10200d810, C4<1>, C4<1>;
L_0x55f102006460 .functor OR 1, L_0x55f102006000, L_0x55f1020063a0, C4<0>, C4<0>;
L_0x55f1020069a0 .functor AND 1, L_0x55f102006800, L_0x55f102006900, C4<1>, C4<1>;
L_0x55f102006a60 .functor OR 1, L_0x55f102006760, L_0x55f1020069a0, C4<0>, C4<0>;
L_0x55f102006d90 .functor AND 1, L_0x55f102006be0, L_0x55f102006cf0, C4<1>, C4<1>;
L_0x55f102006c80 .functor AND 1, L_0x55f102006d90, L_0x55f102006ea0, C4<1>, C4<1>;
L_0x55f102006b70 .functor OR 1, L_0x55f102006a60, L_0x55f102006c80, C4<0>, C4<0>;
L_0x55f102007350 .functor AND 1, L_0x55f102007180, L_0x55f102007220, C4<1>, C4<1>;
L_0x55f102007590 .functor AND 1, L_0x55f102007350, L_0x55f1020074f0, C4<1>, C4<1>;
L_0x55f1020076a0 .functor AND 1, L_0x55f102007590, L_0x55f10200d810, C4<1>, C4<1>;
L_0x55f102007800 .functor OR 1, L_0x55f102006b70, L_0x55f1020076a0, C4<0>, C4<0>;
L_0x55f102007c40 .functor AND 1, L_0x55f102007a50, L_0x55f102007af0, C4<1>, C4<1>;
L_0x55f102007e00 .functor OR 1, L_0x55f102007910, L_0x55f102007c40, C4<0>, C4<0>;
L_0x55f102007fd0 .functor AND 1, L_0x55f102007760, L_0x55f1020079b0, C4<1>, C4<1>;
L_0x55f102008240 .functor AND 1, L_0x55f102007fd0, L_0x55f1020081a0, C4<1>, C4<1>;
L_0x55f102008350 .functor OR 1, L_0x55f102007e00, L_0x55f102008240, C4<0>, C4<0>;
L_0x55f102008740 .functor AND 1, L_0x55f102008530, L_0x55f1020086a0, C4<1>, C4<1>;
L_0x55f1020089d0 .functor AND 1, L_0x55f102008740, L_0x55f102008850, C4<1>, C4<1>;
L_0x55f102008c60 .functor AND 1, L_0x55f1020089d0, L_0x55f102008bc0, C4<1>, C4<1>;
L_0x55f102008d70 .functor OR 1, L_0x55f102008350, L_0x55f102008c60, C4<0>, C4<0>;
L_0x55f1020091a0 .functor AND 1, L_0x55f102008f70, L_0x55f102009100, C4<1>, C4<1>;
L_0x55f102009450 .functor AND 1, L_0x55f1020091a0, L_0x55f1020092b0, C4<1>, C4<1>;
L_0x55f102009700 .functor AND 1, L_0x55f102009450, L_0x55f102009660, C4<1>, C4<1>;
L_0x55f102009810 .functor AND 1, L_0x55f102009700, L_0x55f10200d810, C4<1>, C4<1>;
L_0x55f1020099e0 .functor OR 1, L_0x55f102008d70, L_0x55f102009810, C4<0>, C4<0>;
L_0x55f102009ca0 .functor XOR 1, L_0x55f102009af0, L_0x55f10200d810, C4<0>, C4<0>;
L_0x55f10200a130 .functor XOR 1, L_0x55f102009e80, L_0x55f102009f20, C4<0>, C4<0>;
L_0x55f10200a010 .functor XOR 1, L_0x55f10200a240, L_0x55f10200a2e0, C4<0>, C4<0>;
L_0x55f10200a900 .functor XOR 1, L_0x55f10200a680, L_0x55f10200a860, C4<0>, C4<0>;
L_0x55f10200aea0 .functor AND 1, L_0x55f10200ac00, L_0x55f10200aca0, C4<1>, C4<1>;
L_0x55f10200b0f0 .functor OR 1, L_0x55f10200aa10, L_0x55f10200aea0, C4<0>, C4<0>;
L_0x55f10200b4b0 .functor AND 1, L_0x55f10200b200, L_0x55f10200b2a0, C4<1>, C4<1>;
L_0x55f10200b7b0 .functor AND 1, L_0x55f10200b4b0, L_0x55f10200b710, C4<1>, C4<1>;
L_0x55f10200b8c0 .functor OR 1, L_0x55f10200b0f0, L_0x55f10200b7b0, C4<0>, C4<0>;
L_0x55f10200bdf0 .functor AND 1, L_0x55f10200bb30, L_0x55f10200bd50, C4<1>, C4<1>;
L_0x55f10200c130 .functor AND 1, L_0x55f10200bdf0, L_0x55f10200bf00, C4<1>, C4<1>;
L_0x55f10200c450 .functor AND 1, L_0x55f10200c130, L_0x55f10200c3b0, C4<1>, C4<1>;
L_0x55f10200c560 .functor OR 1, L_0x55f10200b8c0, L_0x55f10200c450, C4<0>, C4<0>;
L_0x55f10200cee0 .functor AND 1, L_0x55f10200c7f0, L_0x55f10200ce40, C4<1>, C4<1>;
L_0x55f10200d240 .functor AND 1, L_0x55f10200cee0, L_0x55f10200cff0, C4<1>, C4<1>;
L_0x55f10200d580 .functor AND 1, L_0x55f10200d240, L_0x55f10200d4e0, C4<1>, C4<1>;
v0x55f101fe3ac0_0 .net "C", 0 0, L_0x55f1020099e0;  1 drivers
v0x55f101fe3b80_0 .net "G", 0 0, L_0x55f10200c560;  1 drivers
v0x55f101fe3c40_0 .net "P", 0 0, L_0x55f10200d580;  1 drivers
v0x55f101fe3ce0_0 .net *"_s102", 0 0, L_0x55f102008530;  1 drivers
v0x55f101fe3dc0_0 .net *"_s104", 0 0, L_0x55f1020086a0;  1 drivers
v0x55f101fe3ef0_0 .net *"_s105", 0 0, L_0x55f102008740;  1 drivers
v0x55f101fe3fb0_0 .net *"_s108", 0 0, L_0x55f102008850;  1 drivers
v0x55f101fe4090_0 .net *"_s109", 0 0, L_0x55f1020089d0;  1 drivers
v0x55f101fe4150_0 .net *"_s11", 0 0, L_0x55f102005860;  1 drivers
v0x55f101fe4230_0 .net *"_s112", 0 0, L_0x55f102008bc0;  1 drivers
v0x55f101fe4310_0 .net *"_s113", 0 0, L_0x55f102008c60;  1 drivers
v0x55f101fe43d0_0 .net *"_s115", 0 0, L_0x55f102008d70;  1 drivers
v0x55f101fe4490_0 .net *"_s118", 0 0, L_0x55f102008f70;  1 drivers
v0x55f101fe4570_0 .net *"_s120", 0 0, L_0x55f102009100;  1 drivers
v0x55f101fe4650_0 .net *"_s121", 0 0, L_0x55f1020091a0;  1 drivers
v0x55f101fe4710_0 .net *"_s124", 0 0, L_0x55f1020092b0;  1 drivers
v0x55f101fe47f0_0 .net *"_s125", 0 0, L_0x55f102009450;  1 drivers
v0x55f101fe48b0_0 .net *"_s128", 0 0, L_0x55f102009660;  1 drivers
v0x55f101fe4990_0 .net *"_s129", 0 0, L_0x55f102009700;  1 drivers
v0x55f101fe4a50_0 .net *"_s13", 0 0, L_0x55f102005980;  1 drivers
v0x55f101fe4b30_0 .net *"_s131", 0 0, L_0x55f102009810;  1 drivers
v0x55f101fe4bf0_0 .net *"_s138", 0 0, L_0x55f102009af0;  1 drivers
v0x55f101fe4cd0_0 .net *"_s139", 0 0, L_0x55f102009ca0;  1 drivers
v0x55f101fe4db0_0 .net *"_s14", 0 0, L_0x55f102005a70;  1 drivers
v0x55f101fe4e70_0 .net *"_s144", 0 0, L_0x55f102009e80;  1 drivers
v0x55f101fe4f50_0 .net *"_s146", 0 0, L_0x55f102009f20;  1 drivers
v0x55f101fe5030_0 .net *"_s147", 0 0, L_0x55f10200a130;  1 drivers
v0x55f101fe5110_0 .net *"_s152", 0 0, L_0x55f10200a240;  1 drivers
v0x55f101fe51f0_0 .net *"_s154", 0 0, L_0x55f10200a2e0;  1 drivers
v0x55f101fe52d0_0 .net *"_s155", 0 0, L_0x55f10200a010;  1 drivers
v0x55f101fe53b0_0 .net *"_s16", 0 0, L_0x55f102005bb0;  1 drivers
v0x55f101fe5470_0 .net *"_s161", 0 0, L_0x55f10200a680;  1 drivers
v0x55f101fe5550_0 .net *"_s163", 0 0, L_0x55f10200a860;  1 drivers
v0x55f101fe5630_0 .net *"_s164", 0 0, L_0x55f10200a900;  1 drivers
v0x55f101fe5710_0 .net *"_s167", 0 0, L_0x55f10200aa10;  1 drivers
v0x55f101fe57f0_0 .net *"_s169", 0 0, L_0x55f10200ac00;  1 drivers
v0x55f101fe58d0_0 .net *"_s171", 0 0, L_0x55f10200aca0;  1 drivers
v0x55f101fe59b0_0 .net *"_s172", 0 0, L_0x55f10200aea0;  1 drivers
v0x55f101fe5a70_0 .net *"_s174", 0 0, L_0x55f10200b0f0;  1 drivers
v0x55f101fe5b30_0 .net *"_s177", 0 0, L_0x55f10200b200;  1 drivers
v0x55f101fe5c10_0 .net *"_s179", 0 0, L_0x55f10200b2a0;  1 drivers
v0x55f101fe5cf0_0 .net *"_s180", 0 0, L_0x55f10200b4b0;  1 drivers
v0x55f101fe5db0_0 .net *"_s183", 0 0, L_0x55f10200b710;  1 drivers
v0x55f101fe5e90_0 .net *"_s184", 0 0, L_0x55f10200b7b0;  1 drivers
v0x55f101fe5f50_0 .net *"_s186", 0 0, L_0x55f10200b8c0;  1 drivers
v0x55f101fe6010_0 .net *"_s189", 0 0, L_0x55f10200bb30;  1 drivers
v0x55f101fe60f0_0 .net *"_s191", 0 0, L_0x55f10200bd50;  1 drivers
v0x55f101fe61d0_0 .net *"_s192", 0 0, L_0x55f10200bdf0;  1 drivers
v0x55f101fe6290_0 .net *"_s195", 0 0, L_0x55f10200bf00;  1 drivers
v0x55f101fe6370_0 .net *"_s196", 0 0, L_0x55f10200c130;  1 drivers
v0x55f101fe6430_0 .net *"_s199", 0 0, L_0x55f10200c3b0;  1 drivers
v0x55f101fe6510_0 .net *"_s200", 0 0, L_0x55f10200c450;  1 drivers
v0x55f101fe65d0_0 .net *"_s205", 0 0, L_0x55f10200c7f0;  1 drivers
v0x55f101fe66b0_0 .net *"_s207", 0 0, L_0x55f10200ce40;  1 drivers
v0x55f101fe6790_0 .net *"_s208", 0 0, L_0x55f10200cee0;  1 drivers
v0x55f101fe6850_0 .net *"_s21", 0 0, L_0x55f102005cc0;  1 drivers
v0x55f101fe6930_0 .net *"_s211", 0 0, L_0x55f10200cff0;  1 drivers
v0x55f101fe6a10_0 .net *"_s212", 0 0, L_0x55f10200d240;  1 drivers
v0x55f101fe6ad0_0 .net *"_s215", 0 0, L_0x55f10200d4e0;  1 drivers
v0x55f101fe6bb0_0 .net *"_s23", 0 0, L_0x55f102005d60;  1 drivers
v0x55f101fe6c90_0 .net *"_s25", 0 0, L_0x55f102005e30;  1 drivers
v0x55f101fe6d70_0 .net *"_s26", 0 0, L_0x55f102005ed0;  1 drivers
v0x55f101fe6e30_0 .net *"_s28", 0 0, L_0x55f102006000;  1 drivers
v0x55f101fe6ef0_0 .net *"_s31", 0 0, L_0x55f102006110;  1 drivers
v0x55f101fe6fd0_0 .net *"_s33", 0 0, L_0x55f1020061f0;  1 drivers
v0x55f101fe74c0_0 .net *"_s34", 0 0, L_0x55f102006290;  1 drivers
v0x55f101fe7580_0 .net *"_s36", 0 0, L_0x55f1020063a0;  1 drivers
v0x55f101fe7640_0 .net *"_s38", 0 0, L_0x55f102006460;  1 drivers
v0x55f101fe7700_0 .net *"_s44", 0 0, L_0x55f102006760;  1 drivers
v0x55f101fe77e0_0 .net *"_s46", 0 0, L_0x55f102006800;  1 drivers
v0x55f101fe78c0_0 .net *"_s48", 0 0, L_0x55f102006900;  1 drivers
v0x55f101fe79a0_0 .net *"_s49", 0 0, L_0x55f1020069a0;  1 drivers
v0x55f101fe7a60_0 .net *"_s51", 0 0, L_0x55f102006a60;  1 drivers
v0x55f101fe7b20_0 .net *"_s54", 0 0, L_0x55f102006be0;  1 drivers
v0x55f101fe7c00_0 .net *"_s56", 0 0, L_0x55f102006cf0;  1 drivers
v0x55f101fe7ce0_0 .net *"_s57", 0 0, L_0x55f102006d90;  1 drivers
v0x55f101fe7da0_0 .net *"_s60", 0 0, L_0x55f102006ea0;  1 drivers
v0x55f101fe7e80_0 .net *"_s61", 0 0, L_0x55f102006c80;  1 drivers
v0x55f101fe7f40_0 .net *"_s63", 0 0, L_0x55f102006b70;  1 drivers
v0x55f101fe8000_0 .net *"_s66", 0 0, L_0x55f102007180;  1 drivers
v0x55f101fe80e0_0 .net *"_s68", 0 0, L_0x55f102007220;  1 drivers
v0x55f101fe81c0_0 .net *"_s69", 0 0, L_0x55f102007350;  1 drivers
v0x55f101fe8280_0 .net *"_s7", 0 0, L_0x55f1020057f0;  1 drivers
v0x55f101fe8360_0 .net *"_s72", 0 0, L_0x55f1020074f0;  1 drivers
v0x55f101fe8440_0 .net *"_s73", 0 0, L_0x55f102007590;  1 drivers
v0x55f101fe8500_0 .net *"_s75", 0 0, L_0x55f1020076a0;  1 drivers
v0x55f101fe85c0_0 .net *"_s77", 0 0, L_0x55f102007800;  1 drivers
v0x55f101fe8680_0 .net *"_s80", 0 0, L_0x55f102007910;  1 drivers
v0x55f101fe8760_0 .net *"_s82", 0 0, L_0x55f102007a50;  1 drivers
v0x55f101fe8840_0 .net *"_s84", 0 0, L_0x55f102007af0;  1 drivers
v0x55f101fe8920_0 .net *"_s85", 0 0, L_0x55f102007c40;  1 drivers
v0x55f101fe89e0_0 .net *"_s87", 0 0, L_0x55f102007e00;  1 drivers
v0x55f101fe8aa0_0 .net *"_s90", 0 0, L_0x55f102007760;  1 drivers
v0x55f101fe8b80_0 .net *"_s92", 0 0, L_0x55f1020079b0;  1 drivers
v0x55f101fe8c60_0 .net *"_s93", 0 0, L_0x55f102007fd0;  1 drivers
v0x55f101fe8d20_0 .net *"_s96", 0 0, L_0x55f1020081a0;  1 drivers
v0x55f101fe8e00_0 .net *"_s97", 0 0, L_0x55f102008240;  1 drivers
v0x55f101fe8ec0_0 .net *"_s99", 0 0, L_0x55f102008350;  1 drivers
v0x55f101fe8f80_0 .net "a", 3 0, L_0x55f10200d690;  1 drivers
v0x55f101fe9060_0 .net "b", 3 0, L_0x55f10200d770;  1 drivers
v0x55f101fe9140_0 .net "c", 3 0, L_0x55f1020065d0;  1 drivers
v0x55f101fe9220_0 .net "cin", 0 0, L_0x55f10200d810;  1 drivers
v0x55f101fe92e0_0 .net "g", 3 0, L_0x55f1020056b0;  1 drivers
v0x55f101fe93c0_0 .net "p", 3 0, L_0x55f102005640;  1 drivers
v0x55f101fe94a0_0 .net "s", 3 0, L_0x55f102009d60;  1 drivers
L_0x55f102005860 .part L_0x55f1020056b0, 0, 1;
L_0x55f102005980 .part L_0x55f102005640, 0, 1;
L_0x55f102005cc0 .part L_0x55f1020056b0, 1, 1;
L_0x55f102005d60 .part L_0x55f1020056b0, 0, 1;
L_0x55f102005e30 .part L_0x55f102005640, 1, 1;
L_0x55f102006110 .part L_0x55f102005640, 0, 1;
L_0x55f1020061f0 .part L_0x55f102005640, 1, 1;
L_0x55f1020065d0 .concat8 [ 1 1 1 1], L_0x55f1020057f0, L_0x55f102005bb0, L_0x55f102006460, L_0x55f102007800;
L_0x55f102006760 .part L_0x55f1020056b0, 2, 1;
L_0x55f102006800 .part L_0x55f1020056b0, 1, 1;
L_0x55f102006900 .part L_0x55f102005640, 2, 1;
L_0x55f102006be0 .part L_0x55f1020056b0, 0, 1;
L_0x55f102006cf0 .part L_0x55f102005640, 2, 1;
L_0x55f102006ea0 .part L_0x55f102005640, 1, 1;
L_0x55f102007180 .part L_0x55f102005640, 2, 1;
L_0x55f102007220 .part L_0x55f102005640, 1, 1;
L_0x55f1020074f0 .part L_0x55f102005640, 0, 1;
L_0x55f102007910 .part L_0x55f1020056b0, 3, 1;
L_0x55f102007a50 .part L_0x55f1020056b0, 2, 1;
L_0x55f102007af0 .part L_0x55f102005640, 3, 1;
L_0x55f102007760 .part L_0x55f1020056b0, 1, 1;
L_0x55f1020079b0 .part L_0x55f102005640, 3, 1;
L_0x55f1020081a0 .part L_0x55f102005640, 2, 1;
L_0x55f102008530 .part L_0x55f1020056b0, 0, 1;
L_0x55f1020086a0 .part L_0x55f102005640, 3, 1;
L_0x55f102008850 .part L_0x55f102005640, 2, 1;
L_0x55f102008bc0 .part L_0x55f102005640, 1, 1;
L_0x55f102008f70 .part L_0x55f102005640, 3, 1;
L_0x55f102009100 .part L_0x55f102005640, 2, 1;
L_0x55f1020092b0 .part L_0x55f102005640, 1, 1;
L_0x55f102009660 .part L_0x55f102005640, 0, 1;
L_0x55f102009af0 .part L_0x55f102005640, 0, 1;
L_0x55f102009e80 .part L_0x55f102005640, 1, 1;
L_0x55f102009f20 .part L_0x55f1020065d0, 1, 1;
L_0x55f10200a240 .part L_0x55f102005640, 2, 1;
L_0x55f10200a2e0 .part L_0x55f1020065d0, 2, 1;
L_0x55f102009d60 .concat8 [ 1 1 1 1], L_0x55f102009ca0, L_0x55f10200a130, L_0x55f10200a010, L_0x55f10200a900;
L_0x55f10200a680 .part L_0x55f102005640, 3, 1;
L_0x55f10200a860 .part L_0x55f1020065d0, 3, 1;
L_0x55f10200aa10 .part L_0x55f1020056b0, 3, 1;
L_0x55f10200ac00 .part L_0x55f1020056b0, 2, 1;
L_0x55f10200aca0 .part L_0x55f102005640, 3, 1;
L_0x55f10200b200 .part L_0x55f1020056b0, 1, 1;
L_0x55f10200b2a0 .part L_0x55f102005640, 3, 1;
L_0x55f10200b710 .part L_0x55f102005640, 2, 1;
L_0x55f10200bb30 .part L_0x55f1020056b0, 0, 1;
L_0x55f10200bd50 .part L_0x55f102005640, 3, 1;
L_0x55f10200bf00 .part L_0x55f102005640, 2, 1;
L_0x55f10200c3b0 .part L_0x55f102005640, 1, 1;
L_0x55f10200c7f0 .part L_0x55f102005640, 3, 1;
L_0x55f10200ce40 .part L_0x55f102005640, 2, 1;
L_0x55f10200cff0 .part L_0x55f102005640, 1, 1;
L_0x55f10200d4e0 .part L_0x55f102005640, 0, 1;
S_0x55f101fa09b0 .scope module, "A4" "cla4" 3 29, 4 1 0, S_0x55f101f67d40;
 .timescale 0 0;
    .port_info 0 /INPUT 4 "a"
    .port_info 1 /INPUT 4 "b"
    .port_info 2 /INPUT 1 "cin"
    .port_info 3 /OUTPUT 1 "C"
    .port_info 4 /OUTPUT 4 "s"
    .port_info 5 /OUTPUT 1 "G"
    .port_info 6 /OUTPUT 1 "P"
L_0x55f10200d900 .functor XOR 4, L_0x55f102014bc0, L_0x55f102014c60, C4<0000>, C4<0000>;
L_0x55f10200d970 .functor AND 4, L_0x55f102014bc0, L_0x55f102014c60, C4<1111>, C4<1111>;
L_0x55f10200d9e0 .functor BUFZ 1, L_0x55f102014d60, C4<0>, C4<0>, C4<0>;
L_0x55f10200dc60 .functor AND 1, L_0x55f10200db70, L_0x55f102014d60, C4<1>, C4<1>;
L_0x55f10200dda0 .functor OR 1, L_0x55f10200da50, L_0x55f10200dc60, C4<0>, C4<0>;
L_0x55f10200e090 .functor AND 1, L_0x55f10200df50, L_0x55f10200dff0, C4<1>, C4<1>;
L_0x55f10200e1c0 .functor OR 1, L_0x55f10200deb0, L_0x55f10200e090, C4<0>, C4<0>;
L_0x55f10200e410 .functor AND 1, L_0x55f10200e2d0, L_0x55f10200e370, C4<1>, C4<1>;
L_0x55f10200e520 .functor AND 1, L_0x55f10200e410, L_0x55f102014d60, C4<1>, C4<1>;
L_0x55f10200e5e0 .functor OR 1, L_0x55f10200e1c0, L_0x55f10200e520, C4<0>, C4<0>;
L_0x55f10200eb20 .functor AND 1, L_0x55f10200e980, L_0x55f10200ea80, C4<1>, C4<1>;
L_0x55f10200ebe0 .functor OR 1, L_0x55f10200e8e0, L_0x55f10200eb20, C4<0>, C4<0>;
L_0x55f10200ef10 .functor AND 1, L_0x55f10200ed60, L_0x55f10200ee70, C4<1>, C4<1>;
L_0x55f10200ee00 .functor AND 1, L_0x55f10200ef10, L_0x55f10200f020, C4<1>, C4<1>;
L_0x55f10200ecf0 .functor OR 1, L_0x55f10200ebe0, L_0x55f10200ee00, C4<0>, C4<0>;
L_0x55f10200f4d0 .functor AND 1, L_0x55f10200f300, L_0x55f10200f3a0, C4<1>, C4<1>;
L_0x55f10200f710 .functor AND 1, L_0x55f10200f4d0, L_0x55f10200f670, C4<1>, C4<1>;
L_0x55f10200f820 .functor AND 1, L_0x55f10200f710, L_0x55f102014d60, C4<1>, C4<1>;
L_0x55f10200f980 .functor OR 1, L_0x55f10200ecf0, L_0x55f10200f820, C4<0>, C4<0>;
L_0x55f10200fdc0 .functor AND 1, L_0x55f10200fbd0, L_0x55f10200fc70, C4<1>, C4<1>;
L_0x55f10200ff80 .functor OR 1, L_0x55f10200fa90, L_0x55f10200fdc0, C4<0>, C4<0>;
L_0x55f102010150 .functor AND 1, L_0x55f10200f8e0, L_0x55f10200fb30, C4<1>, C4<1>;
L_0x55f102010320 .functor AND 1, L_0x55f102010150, L_0x55f10200fed0, C4<1>, C4<1>;
L_0x55f102010430 .functor OR 1, L_0x55f10200ff80, L_0x55f102010320, C4<0>, C4<0>;
L_0x55f102010780 .functor AND 1, L_0x55f102010610, L_0x55f102010090, C4<1>, C4<1>;
L_0x55f102010a10 .functor AND 1, L_0x55f102010780, L_0x55f102010890, C4<1>, C4<1>;
L_0x55f102010c00 .functor AND 1, L_0x55f102010a10, L_0x55f102010540, C4<1>, C4<1>;
L_0x55f102010d10 .functor OR 1, L_0x55f102010430, L_0x55f102010c00, C4<0>, C4<0>;
L_0x55f1020110a0 .functor AND 1, L_0x55f102010f10, L_0x55f102010930, C4<1>, C4<1>;
L_0x55f102011350 .functor AND 1, L_0x55f1020110a0, L_0x55f1020111b0, C4<1>, C4<1>;
L_0x55f102011560 .functor AND 1, L_0x55f102011350, L_0x55f102010e20, C4<1>, C4<1>;
L_0x55f102011620 .functor AND 1, L_0x55f102011560, L_0x55f102014d60, C4<1>, C4<1>;
L_0x55f1020117f0 .functor OR 1, L_0x55f102010d10, L_0x55f102011620, C4<0>, C4<0>;
L_0x55f102011250 .functor XOR 1, L_0x55f102011900, L_0x55f102014d60, C4<0>, C4<0>;
L_0x55f102011e80 .functor XOR 1, L_0x55f102011bd0, L_0x55f102011c70, C4<0>, C4<0>;
L_0x55f102011d60 .functor XOR 1, L_0x55f102011f90, L_0x55f102012030, C4<0>, C4<0>;
L_0x55f102012650 .functor XOR 1, L_0x55f1020123d0, L_0x55f1020125b0, C4<0>, C4<0>;
L_0x55f102012bf0 .functor AND 1, L_0x55f102012950, L_0x55f1020129f0, C4<1>, C4<1>;
L_0x55f102012200 .functor OR 1, L_0x55f102012760, L_0x55f102012bf0, C4<0>, C4<0>;
L_0x55f1020130f0 .functor AND 1, L_0x55f102012e40, L_0x55f102012ee0, C4<1>, C4<1>;
L_0x55f102012da0 .functor AND 1, L_0x55f1020130f0, L_0x55f102012d00, C4<1>, C4<1>;
L_0x55f1020133f0 .functor OR 1, L_0x55f102012200, L_0x55f102012da0, C4<0>, C4<0>;
L_0x55f1020137e0 .functor AND 1, L_0x55f102013200, L_0x55f1020132a0, C4<1>, C4<1>;
L_0x55f102013b20 .functor AND 1, L_0x55f1020137e0, L_0x55f1020138f0, C4<1>, C4<1>;
L_0x55f1020135a0 .functor AND 1, L_0x55f102013b20, L_0x55f102013500, C4<1>, C4<1>;
L_0x55f102013df0 .functor OR 1, L_0x55f1020133f0, L_0x55f1020135a0, C4<0>, C4<0>;
L_0x55f10200f1e0 .functor AND 1, L_0x55f102013c30, L_0x55f102013cd0, C4<1>, C4<1>;
L_0x55f1020148d0 .functor AND 1, L_0x55f10200f1e0, L_0x55f102014680, C4<1>, C4<1>;
L_0x55f102013fa0 .functor AND 1, L_0x55f1020148d0, L_0x55f102013f00, C4<1>, C4<1>;
v0x55f101fe9710_0 .net "C", 0 0, L_0x55f1020117f0;  alias, 1 drivers
v0x55f101fe97f0_0 .net "G", 0 0, L_0x55f102013df0;  1 drivers
v0x55f101fe98b0_0 .net "P", 0 0, L_0x55f102013fa0;  1 drivers
v0x55f101fe9950_0 .net *"_s102", 0 0, L_0x55f102010610;  1 drivers
v0x55f101fe9a30_0 .net *"_s104", 0 0, L_0x55f102010090;  1 drivers
v0x55f101fe9b60_0 .net *"_s105", 0 0, L_0x55f102010780;  1 drivers
v0x55f101fe9c20_0 .net *"_s108", 0 0, L_0x55f102010890;  1 drivers
v0x55f101fe9d00_0 .net *"_s109", 0 0, L_0x55f102010a10;  1 drivers
v0x55f101fe9dc0_0 .net *"_s11", 0 0, L_0x55f10200da50;  1 drivers
v0x55f101fe9ea0_0 .net *"_s112", 0 0, L_0x55f102010540;  1 drivers
v0x55f101fe9f80_0 .net *"_s113", 0 0, L_0x55f102010c00;  1 drivers
v0x55f101fea040_0 .net *"_s115", 0 0, L_0x55f102010d10;  1 drivers
v0x55f101fea100_0 .net *"_s118", 0 0, L_0x55f102010f10;  1 drivers
v0x55f101fea1e0_0 .net *"_s120", 0 0, L_0x55f102010930;  1 drivers
v0x55f101fea2c0_0 .net *"_s121", 0 0, L_0x55f1020110a0;  1 drivers
v0x55f101fea380_0 .net *"_s124", 0 0, L_0x55f1020111b0;  1 drivers
v0x55f101fea460_0 .net *"_s125", 0 0, L_0x55f102011350;  1 drivers
v0x55f101fea520_0 .net *"_s128", 0 0, L_0x55f102010e20;  1 drivers
v0x55f101fea600_0 .net *"_s129", 0 0, L_0x55f102011560;  1 drivers
v0x55f101fea6c0_0 .net *"_s13", 0 0, L_0x55f10200db70;  1 drivers
v0x55f101fea7a0_0 .net *"_s131", 0 0, L_0x55f102011620;  1 drivers
v0x55f101fea860_0 .net *"_s138", 0 0, L_0x55f102011900;  1 drivers
v0x55f101fea940_0 .net *"_s139", 0 0, L_0x55f102011250;  1 drivers
v0x55f101feaa20_0 .net *"_s14", 0 0, L_0x55f10200dc60;  1 drivers
v0x55f101feaae0_0 .net *"_s144", 0 0, L_0x55f102011bd0;  1 drivers
v0x55f101feabc0_0 .net *"_s146", 0 0, L_0x55f102011c70;  1 drivers
v0x55f101feaca0_0 .net *"_s147", 0 0, L_0x55f102011e80;  1 drivers
v0x55f101fead80_0 .net *"_s152", 0 0, L_0x55f102011f90;  1 drivers
v0x55f101feae60_0 .net *"_s154", 0 0, L_0x55f102012030;  1 drivers
v0x55f101feaf40_0 .net *"_s155", 0 0, L_0x55f102011d60;  1 drivers
v0x55f101feb020_0 .net *"_s16", 0 0, L_0x55f10200dda0;  1 drivers
v0x55f101feb0e0_0 .net *"_s161", 0 0, L_0x55f1020123d0;  1 drivers
v0x55f101feb1c0_0 .net *"_s163", 0 0, L_0x55f1020125b0;  1 drivers
v0x55f101feb2a0_0 .net *"_s164", 0 0, L_0x55f102012650;  1 drivers
v0x55f101feb380_0 .net *"_s167", 0 0, L_0x55f102012760;  1 drivers
v0x55f101feb460_0 .net *"_s169", 0 0, L_0x55f102012950;  1 drivers
v0x55f101feb540_0 .net *"_s171", 0 0, L_0x55f1020129f0;  1 drivers
v0x55f101feb620_0 .net *"_s172", 0 0, L_0x55f102012bf0;  1 drivers
v0x55f101feb6e0_0 .net *"_s174", 0 0, L_0x55f102012200;  1 drivers
v0x55f101feb7a0_0 .net *"_s177", 0 0, L_0x55f102012e40;  1 drivers
v0x55f101feb880_0 .net *"_s179", 0 0, L_0x55f102012ee0;  1 drivers
v0x55f101feb960_0 .net *"_s180", 0 0, L_0x55f1020130f0;  1 drivers
v0x55f101feba20_0 .net *"_s183", 0 0, L_0x55f102012d00;  1 drivers
v0x55f101febb00_0 .net *"_s184", 0 0, L_0x55f102012da0;  1 drivers
v0x55f101febbc0_0 .net *"_s186", 0 0, L_0x55f1020133f0;  1 drivers
v0x55f101febc80_0 .net *"_s189", 0 0, L_0x55f102013200;  1 drivers
v0x55f101febd60_0 .net *"_s191", 0 0, L_0x55f1020132a0;  1 drivers
v0x55f101febe40_0 .net *"_s192", 0 0, L_0x55f1020137e0;  1 drivers
v0x55f101febf00_0 .net *"_s195", 0 0, L_0x55f1020138f0;  1 drivers
v0x55f101febfe0_0 .net *"_s196", 0 0, L_0x55f102013b20;  1 drivers
v0x55f101fec0a0_0 .net *"_s199", 0 0, L_0x55f102013500;  1 drivers
v0x55f101fec180_0 .net *"_s200", 0 0, L_0x55f1020135a0;  1 drivers
v0x55f101fec240_0 .net *"_s205", 0 0, L_0x55f102013c30;  1 drivers
v0x55f101fec320_0 .net *"_s207", 0 0, L_0x55f102013cd0;  1 drivers
v0x55f101fec400_0 .net *"_s208", 0 0, L_0x55f10200f1e0;  1 drivers
v0x55f101fec4c0_0 .net *"_s21", 0 0, L_0x55f10200deb0;  1 drivers
v0x55f101fec5a0_0 .net *"_s211", 0 0, L_0x55f102014680;  1 drivers
v0x55f101fec680_0 .net *"_s212", 0 0, L_0x55f1020148d0;  1 drivers
v0x55f101fec740_0 .net *"_s215", 0 0, L_0x55f102013f00;  1 drivers
v0x55f101fec820_0 .net *"_s23", 0 0, L_0x55f10200df50;  1 drivers
v0x55f101fec900_0 .net *"_s25", 0 0, L_0x55f10200dff0;  1 drivers
v0x55f101fec9e0_0 .net *"_s26", 0 0, L_0x55f10200e090;  1 drivers
v0x55f101fecaa0_0 .net *"_s28", 0 0, L_0x55f10200e1c0;  1 drivers
v0x55f101fecb60_0 .net *"_s31", 0 0, L_0x55f10200e2d0;  1 drivers
v0x55f101fecc40_0 .net *"_s33", 0 0, L_0x55f10200e370;  1 drivers
v0x55f101fed130_0 .net *"_s34", 0 0, L_0x55f10200e410;  1 drivers
v0x55f101fed1f0_0 .net *"_s36", 0 0, L_0x55f10200e520;  1 drivers
v0x55f101fed2b0_0 .net *"_s38", 0 0, L_0x55f10200e5e0;  1 drivers
v0x55f101fed370_0 .net *"_s44", 0 0, L_0x55f10200e8e0;  1 drivers
v0x55f101fed450_0 .net *"_s46", 0 0, L_0x55f10200e980;  1 drivers
v0x55f101fed530_0 .net *"_s48", 0 0, L_0x55f10200ea80;  1 drivers
v0x55f101fed610_0 .net *"_s49", 0 0, L_0x55f10200eb20;  1 drivers
v0x55f101fed6d0_0 .net *"_s51", 0 0, L_0x55f10200ebe0;  1 drivers
v0x55f101fed790_0 .net *"_s54", 0 0, L_0x55f10200ed60;  1 drivers
v0x55f101fed870_0 .net *"_s56", 0 0, L_0x55f10200ee70;  1 drivers
v0x55f101fed950_0 .net *"_s57", 0 0, L_0x55f10200ef10;  1 drivers
v0x55f101feda10_0 .net *"_s60", 0 0, L_0x55f10200f020;  1 drivers
v0x55f101fedaf0_0 .net *"_s61", 0 0, L_0x55f10200ee00;  1 drivers
v0x55f101fedbb0_0 .net *"_s63", 0 0, L_0x55f10200ecf0;  1 drivers
v0x55f101fedc70_0 .net *"_s66", 0 0, L_0x55f10200f300;  1 drivers
v0x55f101fedd50_0 .net *"_s68", 0 0, L_0x55f10200f3a0;  1 drivers
v0x55f101fede30_0 .net *"_s69", 0 0, L_0x55f10200f4d0;  1 drivers
v0x55f101fedef0_0 .net *"_s7", 0 0, L_0x55f10200d9e0;  1 drivers
v0x55f101fedfd0_0 .net *"_s72", 0 0, L_0x55f10200f670;  1 drivers
v0x55f101fee0b0_0 .net *"_s73", 0 0, L_0x55f10200f710;  1 drivers
v0x55f101fee170_0 .net *"_s75", 0 0, L_0x55f10200f820;  1 drivers
v0x55f101fee230_0 .net *"_s77", 0 0, L_0x55f10200f980;  1 drivers
v0x55f101fee2f0_0 .net *"_s80", 0 0, L_0x55f10200fa90;  1 drivers
v0x55f101fee3d0_0 .net *"_s82", 0 0, L_0x55f10200fbd0;  1 drivers
v0x55f101fee4b0_0 .net *"_s84", 0 0, L_0x55f10200fc70;  1 drivers
v0x55f101fee590_0 .net *"_s85", 0 0, L_0x55f10200fdc0;  1 drivers
v0x55f101fee650_0 .net *"_s87", 0 0, L_0x55f10200ff80;  1 drivers
v0x55f101fee710_0 .net *"_s90", 0 0, L_0x55f10200f8e0;  1 drivers
v0x55f101fee7f0_0 .net *"_s92", 0 0, L_0x55f10200fb30;  1 drivers
v0x55f101fee8d0_0 .net *"_s93", 0 0, L_0x55f102010150;  1 drivers
v0x55f101fee990_0 .net *"_s96", 0 0, L_0x55f10200fed0;  1 drivers
v0x55f101feea70_0 .net *"_s97", 0 0, L_0x55f102010320;  1 drivers
v0x55f101feeb30_0 .net *"_s99", 0 0, L_0x55f102010430;  1 drivers
v0x55f101feebf0_0 .net "a", 3 0, L_0x55f102014bc0;  1 drivers
v0x55f101feecd0_0 .net "b", 3 0, L_0x55f102014c60;  1 drivers
v0x55f101feedb0_0 .net "c", 3 0, L_0x55f10200e750;  1 drivers
v0x55f101feee90_0 .net "cin", 0 0, L_0x55f102014d60;  1 drivers
v0x55f101feef50_0 .net "g", 3 0, L_0x55f10200d970;  1 drivers
v0x55f101fef030_0 .net "p", 3 0, L_0x55f10200d900;  1 drivers
v0x55f101fef110_0 .net "s", 3 0, L_0x55f102011ab0;  1 drivers
L_0x55f10200da50 .part L_0x55f10200d970, 0, 1;
L_0x55f10200db70 .part L_0x55f10200d900, 0, 1;
L_0x55f10200deb0 .part L_0x55f10200d970, 1, 1;
L_0x55f10200df50 .part L_0x55f10200d970, 0, 1;
L_0x55f10200dff0 .part L_0x55f10200d900, 1, 1;
L_0x55f10200e2d0 .part L_0x55f10200d900, 0, 1;
L_0x55f10200e370 .part L_0x55f10200d900, 1, 1;
L_0x55f10200e750 .concat8 [ 1 1 1 1], L_0x55f10200d9e0, L_0x55f10200dda0, L_0x55f10200e5e0, L_0x55f10200f980;
L_0x55f10200e8e0 .part L_0x55f10200d970, 2, 1;
L_0x55f10200e980 .part L_0x55f10200d970, 1, 1;
L_0x55f10200ea80 .part L_0x55f10200d900, 2, 1;
L_0x55f10200ed60 .part L_0x55f10200d970, 0, 1;
L_0x55f10200ee70 .part L_0x55f10200d900, 2, 1;
L_0x55f10200f020 .part L_0x55f10200d900, 1, 1;
L_0x55f10200f300 .part L_0x55f10200d900, 2, 1;
L_0x55f10200f3a0 .part L_0x55f10200d900, 1, 1;
L_0x55f10200f670 .part L_0x55f10200d900, 0, 1;
L_0x55f10200fa90 .part L_0x55f10200d970, 3, 1;
L_0x55f10200fbd0 .part L_0x55f10200d970, 2, 1;
L_0x55f10200fc70 .part L_0x55f10200d900, 3, 1;
L_0x55f10200f8e0 .part L_0x55f10200d970, 1, 1;
L_0x55f10200fb30 .part L_0x55f10200d900, 3, 1;
L_0x55f10200fed0 .part L_0x55f10200d900, 2, 1;
L_0x55f102010610 .part L_0x55f10200d970, 0, 1;
L_0x55f102010090 .part L_0x55f10200d900, 3, 1;
L_0x55f102010890 .part L_0x55f10200d900, 2, 1;
L_0x55f102010540 .part L_0x55f10200d900, 1, 1;
L_0x55f102010f10 .part L_0x55f10200d900, 3, 1;
L_0x55f102010930 .part L_0x55f10200d900, 2, 1;
L_0x55f1020111b0 .part L_0x55f10200d900, 1, 1;
L_0x55f102010e20 .part L_0x55f10200d900, 0, 1;
L_0x55f102011900 .part L_0x55f10200d900, 0, 1;
L_0x55f102011bd0 .part L_0x55f10200d900, 1, 1;
L_0x55f102011c70 .part L_0x55f10200e750, 1, 1;
L_0x55f102011f90 .part L_0x55f10200d900, 2, 1;
L_0x55f102012030 .part L_0x55f10200e750, 2, 1;
L_0x55f102011ab0 .concat8 [ 1 1 1 1], L_0x55f102011250, L_0x55f102011e80, L_0x55f102011d60, L_0x55f102012650;
L_0x55f1020123d0 .part L_0x55f10200d900, 3, 1;
L_0x55f1020125b0 .part L_0x55f10200e750, 3, 1;
L_0x55f102012760 .part L_0x55f10200d970, 3, 1;
L_0x55f102012950 .part L_0x55f10200d970, 2, 1;
L_0x55f1020129f0 .part L_0x55f10200d900, 3, 1;
L_0x55f102012e40 .part L_0x55f10200d970, 1, 1;
L_0x55f102012ee0 .part L_0x55f10200d900, 3, 1;
L_0x55f102012d00 .part L_0x55f10200d900, 2, 1;
L_0x55f102013200 .part L_0x55f10200d970, 0, 1;
L_0x55f1020132a0 .part L_0x55f10200d900, 3, 1;
L_0x55f1020138f0 .part L_0x55f10200d900, 2, 1;
L_0x55f102013500 .part L_0x55f10200d900, 1, 1;
L_0x55f102013c30 .part L_0x55f10200d900, 3, 1;
L_0x55f102013cd0 .part L_0x55f10200d900, 2, 1;
L_0x55f102014680 .part L_0x55f10200d900, 1, 1;
L_0x55f102013f00 .part L_0x55f10200d900, 0, 1;
S_0x55f101fef2d0 .scope module, "L1" "LCU" 3 31, 3 3 0, S_0x55f101f67d40;
 .timescale 0 0;
    .port_info 0 /INPUT 4 "g"
    .port_info 1 /INPUT 4 "p"
    .port_info 2 /INPUT 1 "cin"
    .port_info 3 /OUTPUT 4 "c"
    .port_info 4 /OUTPUT 1 "G"
    .port_info 5 /OUTPUT 1 "P"
L_0x55f102014f90 .functor AND 1, L_0x55f102015580, v0x55f101ff4e40_0, C4<1>, C4<1>;
L_0x55f102015670 .functor OR 1, L_0x55f1020154e0, L_0x55f102014f90, C4<0>, C4<0>;
L_0x55f1020159f0 .functor AND 1, L_0x55f102015820, L_0x55f1020158c0, C4<1>, C4<1>;
L_0x55f102015a60 .functor OR 1, L_0x55f102015780, L_0x55f1020159f0, C4<0>, C4<0>;
L_0x55f102015cb0 .functor AND 1, L_0x55f102015b70, L_0x55f102015c10, C4<1>, C4<1>;
L_0x55f102015dc0 .functor AND 1, L_0x55f102015cb0, v0x55f101ff4e40_0, C4<1>, C4<1>;
L_0x55f102015e80 .functor OR 1, L_0x55f102015a60, L_0x55f102015dc0, C4<0>, C4<0>;
L_0x55f1020161c0 .functor AND 1, L_0x55f102016080, L_0x55f102016120, C4<1>, C4<1>;
L_0x55f1020162d0 .functor OR 1, L_0x55f102015f90, L_0x55f1020161c0, C4<0>, C4<0>;
L_0x55f102016590 .functor AND 1, L_0x55f1020163e0, L_0x55f102016480, C4<1>, C4<1>;
L_0x55f102016740 .functor AND 1, L_0x55f102016590, L_0x55f1020166a0, C4<1>, C4<1>;
L_0x55f102016800 .functor OR 1, L_0x55f1020162d0, L_0x55f102016740, C4<0>, C4<0>;
L_0x55f102016520 .functor AND 1, L_0x55f102016980, L_0x55f102016aa0, C4<1>, C4<1>;
L_0x55f102016d10 .functor AND 1, L_0x55f102016520, L_0x55f102016be0, C4<1>, C4<1>;
L_0x55f102016910 .functor AND 1, L_0x55f102016d10, v0x55f101ff4e40_0, C4<1>, C4<1>;
L_0x55f102016e70 .functor OR 1, L_0x55f102016800, L_0x55f102016910, C4<0>, C4<0>;
L_0x55f1020174d0 .functor AND 1, L_0x55f1020172e0, L_0x55f102017380, C4<1>, C4<1>;
L_0x55f1020175e0 .functor OR 1, L_0x55f1020171a0, L_0x55f1020174d0, C4<0>, C4<0>;
L_0x55f102017420 .functor AND 1, L_0x55f102017240, L_0x55f102017790, C4<1>, C4<1>;
L_0x55f102017a30 .functor AND 1, L_0x55f102017420, L_0x55f102017990, C4<1>, C4<1>;
L_0x55f102017bf0 .functor OR 1, L_0x55f1020175e0, L_0x55f102017a30, C4<0>, C4<0>;
L_0x55f102017dd0 .functor AND 1, L_0x55f1020176f0, L_0x55f102017830, C4<1>, C4<1>;
L_0x55f102017d00 .functor AND 1, L_0x55f102017dd0, L_0x55f102017b40, C4<1>, C4<1>;
L_0x55f102018170 .functor AND 1, L_0x55f102017d00, L_0x55f1020180d0, C4<1>, C4<1>;
L_0x55f102017ee0 .functor OR 1, L_0x55f102017bf0, L_0x55f102018170, C4<0>, C4<0>;
L_0x55f102018530 .functor AND 1, L_0x55f1020183a0, L_0x55f102017fa0, C4<1>, C4<1>;
L_0x55f102018440 .functor AND 1, L_0x55f102018530, L_0x55f102018280, C4<1>, C4<1>;
L_0x55f102018910 .functor AND 1, L_0x55f102018440, L_0x55f102018870, C4<1>, C4<1>;
L_0x55f102018640 .functor AND 1, L_0x55f102018910, v0x55f101ff4e40_0, C4<1>, C4<1>;
L_0x55f102018b10 .functor OR 1, L_0x55f102017ee0, L_0x55f102018640, C4<0>, C4<0>;
L_0x55f1020187a0 .functor AND 1, L_0x55f102018700, L_0x55f102018e80, C4<1>, C4<1>;
L_0x55f102019090 .functor OR 1, L_0x55f102018a20, L_0x55f1020187a0, C4<0>, C4<0>;
L_0x55f102018f20 .functor AND 1, L_0x55f102018c70, L_0x55f1020192b0, C4<1>, C4<1>;
L_0x55f102019520 .functor AND 1, L_0x55f102018f20, L_0x55f102019480, C4<1>, C4<1>;
L_0x55f102019700 .functor OR 1, L_0x55f102019090, L_0x55f102019520, C4<0>, C4<0>;
L_0x55f1020193f0 .functor AND 1, L_0x55f102019810, L_0x55f102019350, C4<1>, C4<1>;
L_0x55f102019680 .functor AND 1, L_0x55f1020193f0, L_0x55f1020195e0, C4<1>, C4<1>;
L_0x55f102019f20 .functor AND 1, L_0x55f102019680, L_0x55f102019b60, C4<1>, C4<1>;
L_0x55f102019ca0 .functor OR 1, L_0x55f102019700, L_0x55f102019f20, C4<0>, C4<0>;
L_0x55f102019e50 .functor AND 1, L_0x55f10201a1c0, L_0x55f102019db0, C4<1>, C4<1>;
L_0x55f10201a0d0 .functor AND 1, L_0x55f102019e50, L_0x55f10201a030, C4<1>, C4<1>;
L_0x55f102016a20 .functor AND 1, L_0x55f10201a0d0, L_0x55f10201a300, C4<1>, C4<1>;
v0x55f101fef540_0 .net "G", 0 0, L_0x55f102019ca0;  alias, 1 drivers
v0x55f101fef620_0 .net "P", 0 0, L_0x55f102016a20;  alias, 1 drivers
v0x55f101fef6e0_0 .net *"_s102", 0 0, L_0x55f102017b40;  1 drivers
v0x55f101fef7a0_0 .net *"_s103", 0 0, L_0x55f102017d00;  1 drivers
v0x55f101fef860_0 .net *"_s106", 0 0, L_0x55f1020180d0;  1 drivers
v0x55f101fef990_0 .net *"_s107", 0 0, L_0x55f102018170;  1 drivers
v0x55f101fefa50_0 .net *"_s109", 0 0, L_0x55f102017ee0;  1 drivers
v0x55f101fefb10_0 .net *"_s112", 0 0, L_0x55f1020183a0;  1 drivers
v0x55f101fefbf0_0 .net *"_s114", 0 0, L_0x55f102017fa0;  1 drivers
v0x55f101fefcd0_0 .net *"_s115", 0 0, L_0x55f102018530;  1 drivers
v0x55f101fefd90_0 .net *"_s118", 0 0, L_0x55f102018280;  1 drivers
v0x55f101fefe70_0 .net *"_s119", 0 0, L_0x55f102018440;  1 drivers
v0x55f101feff30_0 .net *"_s122", 0 0, L_0x55f102018870;  1 drivers
v0x55f101ff0010_0 .net *"_s123", 0 0, L_0x55f102018910;  1 drivers
v0x55f101ff00d0_0 .net *"_s125", 0 0, L_0x55f102018640;  1 drivers
v0x55f101ff0190_0 .net *"_s127", 0 0, L_0x55f102018b10;  1 drivers
v0x55f101ff0250_0 .net *"_s13", 0 0, L_0x55f102015780;  1 drivers
v0x55f101ff0330_0 .net *"_s130", 0 0, L_0x55f102018a20;  1 drivers
v0x55f101ff0410_0 .net *"_s132", 0 0, L_0x55f102018700;  1 drivers
v0x55f101ff04f0_0 .net *"_s134", 0 0, L_0x55f102018e80;  1 drivers
v0x55f101ff05d0_0 .net *"_s135", 0 0, L_0x55f1020187a0;  1 drivers
v0x55f101ff0690_0 .net *"_s137", 0 0, L_0x55f102019090;  1 drivers
v0x55f101ff0750_0 .net *"_s140", 0 0, L_0x55f102018c70;  1 drivers
v0x55f101ff0830_0 .net *"_s142", 0 0, L_0x55f1020192b0;  1 drivers
v0x55f101ff0910_0 .net *"_s143", 0 0, L_0x55f102018f20;  1 drivers
v0x55f101ff09d0_0 .net *"_s146", 0 0, L_0x55f102019480;  1 drivers
v0x55f101ff0ab0_0 .net *"_s147", 0 0, L_0x55f102019520;  1 drivers
v0x55f101ff0b70_0 .net *"_s149", 0 0, L_0x55f102019700;  1 drivers
v0x55f101ff0c30_0 .net *"_s15", 0 0, L_0x55f102015820;  1 drivers
v0x55f101ff0d10_0 .net *"_s152", 0 0, L_0x55f102019810;  1 drivers
v0x55f101ff0df0_0 .net *"_s154", 0 0, L_0x55f102019350;  1 drivers
v0x55f101ff0ed0_0 .net *"_s155", 0 0, L_0x55f1020193f0;  1 drivers
v0x55f101ff0f90_0 .net *"_s158", 0 0, L_0x55f1020195e0;  1 drivers
v0x55f101ff1070_0 .net *"_s159", 0 0, L_0x55f102019680;  1 drivers
v0x55f101ff1130_0 .net *"_s162", 0 0, L_0x55f102019b60;  1 drivers
v0x55f101ff1210_0 .net *"_s163", 0 0, L_0x55f102019f20;  1 drivers
v0x55f101ff12d0_0 .net *"_s168", 0 0, L_0x55f10201a1c0;  1 drivers
v0x55f101ff13b0_0 .net *"_s17", 0 0, L_0x55f1020158c0;  1 drivers
v0x55f101ff1490_0 .net *"_s170", 0 0, L_0x55f102019db0;  1 drivers
v0x55f101ff1570_0 .net *"_s171", 0 0, L_0x55f102019e50;  1 drivers
v0x55f101ff1630_0 .net *"_s174", 0 0, L_0x55f10201a030;  1 drivers
v0x55f101ff1710_0 .net *"_s175", 0 0, L_0x55f10201a0d0;  1 drivers
v0x55f101ff17d0_0 .net *"_s178", 0 0, L_0x55f10201a300;  1 drivers
v0x55f101ff18b0_0 .net *"_s18", 0 0, L_0x55f1020159f0;  1 drivers
v0x55f101ff1970_0 .net *"_s20", 0 0, L_0x55f102015a60;  1 drivers
v0x55f101ff1a30_0 .net *"_s23", 0 0, L_0x55f102015b70;  1 drivers
v0x55f101ff1b10_0 .net *"_s25", 0 0, L_0x55f102015c10;  1 drivers
v0x55f101ff1bf0_0 .net *"_s26", 0 0, L_0x55f102015cb0;  1 drivers
v0x55f101ff1cb0_0 .net *"_s28", 0 0, L_0x55f102015dc0;  1 drivers
v0x55f101ff1d70_0 .net *"_s3", 0 0, L_0x55f1020154e0;  1 drivers
v0x55f101ff1e50_0 .net *"_s30", 0 0, L_0x55f102015e80;  1 drivers
v0x55f101ff1f10_0 .net *"_s35", 0 0, L_0x55f102015f90;  1 drivers
v0x55f101ff1ff0_0 .net *"_s37", 0 0, L_0x55f102016080;  1 drivers
v0x55f101ff20d0_0 .net *"_s39", 0 0, L_0x55f102016120;  1 drivers
v0x55f101ff21b0_0 .net *"_s40", 0 0, L_0x55f1020161c0;  1 drivers
v0x55f101ff2270_0 .net *"_s42", 0 0, L_0x55f1020162d0;  1 drivers
v0x55f101ff2330_0 .net *"_s45", 0 0, L_0x55f1020163e0;  1 drivers
v0x55f101ff2410_0 .net *"_s47", 0 0, L_0x55f102016480;  1 drivers
v0x55f101ff24f0_0 .net *"_s48", 0 0, L_0x55f102016590;  1 drivers
v0x55f101ff25b0_0 .net *"_s5", 0 0, L_0x55f102015580;  1 drivers
v0x55f101ff2690_0 .net *"_s51", 0 0, L_0x55f1020166a0;  1 drivers
v0x55f101ff2770_0 .net *"_s52", 0 0, L_0x55f102016740;  1 drivers
v0x55f101ff2830_0 .net *"_s54", 0 0, L_0x55f102016800;  1 drivers
v0x55f101ff28f0_0 .net *"_s57", 0 0, L_0x55f102016980;  1 drivers
v0x55f101ff29d0_0 .net *"_s59", 0 0, L_0x55f102016aa0;  1 drivers
v0x55f101ff2ec0_0 .net *"_s6", 0 0, L_0x55f102014f90;  1 drivers
v0x55f101ff2f80_0 .net *"_s60", 0 0, L_0x55f102016520;  1 drivers
v0x55f101ff3040_0 .net *"_s63", 0 0, L_0x55f102016be0;  1 drivers
v0x55f101ff3120_0 .net *"_s64", 0 0, L_0x55f102016d10;  1 drivers
v0x55f101ff31e0_0 .net *"_s66", 0 0, L_0x55f102016910;  1 drivers
v0x55f101ff32a0_0 .net *"_s68", 0 0, L_0x55f102016e70;  1 drivers
v0x55f101ff3360_0 .net *"_s74", 0 0, L_0x55f1020171a0;  1 drivers
v0x55f101ff3440_0 .net *"_s76", 0 0, L_0x55f1020172e0;  1 drivers
v0x55f101ff3520_0 .net *"_s78", 0 0, L_0x55f102017380;  1 drivers
v0x55f101ff3600_0 .net *"_s79", 0 0, L_0x55f1020174d0;  1 drivers
v0x55f101ff36c0_0 .net *"_s8", 0 0, L_0x55f102015670;  1 drivers
v0x55f101ff3780_0 .net *"_s81", 0 0, L_0x55f1020175e0;  1 drivers
v0x55f101ff3840_0 .net *"_s84", 0 0, L_0x55f102017240;  1 drivers
v0x55f101ff3920_0 .net *"_s86", 0 0, L_0x55f102017790;  1 drivers
v0x55f101ff3a00_0 .net *"_s87", 0 0, L_0x55f102017420;  1 drivers
v0x55f101ff3ac0_0 .net *"_s90", 0 0, L_0x55f102017990;  1 drivers
v0x55f101ff3ba0_0 .net *"_s91", 0 0, L_0x55f102017a30;  1 drivers
v0x55f101ff3c60_0 .net *"_s93", 0 0, L_0x55f102017bf0;  1 drivers
v0x55f101ff3d20_0 .net *"_s96", 0 0, L_0x55f1020176f0;  1 drivers
v0x55f101ff3e00_0 .net *"_s98", 0 0, L_0x55f102017830;  1 drivers
v0x55f101ff3ee0_0 .net *"_s99", 0 0, L_0x55f102017dd0;  1 drivers
v0x55f101ff3fa0_0 .net "c", 3 0, L_0x55f102017010;  alias, 1 drivers
v0x55f101ff4080_0 .net "cin", 0 0, v0x55f101ff4e40_0;  alias, 1 drivers
v0x55f101ff4120_0 .net "g", 3 0, L_0x55f102015000;  alias, 1 drivers
v0x55f101ff41e0_0 .net "p", 3 0, L_0x55f102015230;  alias, 1 drivers
L_0x55f1020154e0 .part L_0x55f102015000, 0, 1;
L_0x55f102015580 .part L_0x55f102015230, 0, 1;
L_0x55f102015780 .part L_0x55f102015000, 1, 1;
L_0x55f102015820 .part L_0x55f102015000, 0, 1;
L_0x55f1020158c0 .part L_0x55f102015230, 1, 1;
L_0x55f102015b70 .part L_0x55f102015230, 0, 1;
L_0x55f102015c10 .part L_0x55f102015230, 1, 1;
L_0x55f102015f90 .part L_0x55f102015000, 2, 1;
L_0x55f102016080 .part L_0x55f102015000, 1, 1;
L_0x55f102016120 .part L_0x55f102015230, 2, 1;
L_0x55f1020163e0 .part L_0x55f102015000, 0, 1;
L_0x55f102016480 .part L_0x55f102015230, 2, 1;
L_0x55f1020166a0 .part L_0x55f102015230, 1, 1;
L_0x55f102016980 .part L_0x55f102015230, 2, 1;
L_0x55f102016aa0 .part L_0x55f102015230, 1, 1;
L_0x55f102016be0 .part L_0x55f102015230, 0, 1;
L_0x55f102017010 .concat8 [ 1 1 1 1], L_0x55f102015670, L_0x55f102015e80, L_0x55f102016e70, L_0x55f102018b10;
L_0x55f1020171a0 .part L_0x55f102015000, 3, 1;
L_0x55f1020172e0 .part L_0x55f102015000, 2, 1;
L_0x55f102017380 .part L_0x55f102015230, 3, 1;
L_0x55f102017240 .part L_0x55f102015000, 1, 1;
L_0x55f102017790 .part L_0x55f102015230, 3, 1;
L_0x55f102017990 .part L_0x55f102015230, 2, 1;
L_0x55f1020176f0 .part L_0x55f102015000, 0, 1;
L_0x55f102017830 .part L_0x55f102015230, 3, 1;
L_0x55f102017b40 .part L_0x55f102015230, 2, 1;
L_0x55f1020180d0 .part L_0x55f102015230, 1, 1;
L_0x55f1020183a0 .part L_0x55f102015230, 3, 1;
L_0x55f102017fa0 .part L_0x55f102015230, 2, 1;
L_0x55f102018280 .part L_0x55f102015230, 1, 1;
L_0x55f102018870 .part L_0x55f102015230, 0, 1;
L_0x55f102018a20 .part L_0x55f102015000, 3, 1;
L_0x55f102018700 .part L_0x55f102015000, 2, 1;
L_0x55f102018e80 .part L_0x55f102015230, 3, 1;
L_0x55f102018c70 .part L_0x55f102015000, 1, 1;
L_0x55f1020192b0 .part L_0x55f102015230, 3, 1;
L_0x55f102019480 .part L_0x55f102015230, 2, 1;
L_0x55f102019810 .part L_0x55f102015000, 0, 1;
L_0x55f102019350 .part L_0x55f102015230, 3, 1;
L_0x55f1020195e0 .part L_0x55f102015230, 2, 1;
L_0x55f102019b60 .part L_0x55f102015230, 1, 1;
L_0x55f10201a1c0 .part L_0x55f102015230, 3, 1;
L_0x55f102019db0 .part L_0x55f102015230, 2, 1;
L_0x55f10201a030 .part L_0x55f102015230, 1, 1;
L_0x55f10201a300 .part L_0x55f102015230, 0, 1;
    .scope S_0x55f101fb8760;
T_0 ;
    %pushi/vec4 54421, 0, 16;
    %store/vec4 v0x55f101ff4c80_0, 0, 16;
    %pushi/vec4 14949, 0, 16;
    %store/vec4 v0x55f101ff4d40_0, 0, 16;
    %pushi/vec4 0, 0, 1;
    %store/vec4 v0x55f101ff4e40_0, 0, 1;
    %delay 10, 0;
    %pushi/vec4 61531, 0, 16;
    %store/vec4 v0x55f101ff4c80_0, 0, 16;
    %pushi/vec4 32957, 0, 16;
    %store/vec4 v0x55f101ff4d40_0, 0, 16;
    %pushi/vec4 0, 0, 1;
    %store/vec4 v0x55f101ff4e40_0, 0, 1;
    %delay 10, 0;
    %pushi/vec4 48973, 0, 16;
    %store/vec4 v0x55f101ff4c80_0, 0, 16;
    %pushi/vec4 57458, 0, 16;
    %store/vec4 v0x55f101ff4d40_0, 0, 16;
    %pushi/vec4 0, 0, 1;
    %store/vec4 v0x55f101ff4e40_0, 0, 1;
    %end;
    .thread T_0;
    .scope S_0x55f101fb8760;
T_1 ;
    %vpi_call 2 20 "$monitor", "a=%b=%d b=%b=%d \011 a+b=%b=%d \011 time=%0d", v0x55f101ff4c80_0, v0x55f101ff4c80_0, v0x55f101ff4d40_0, v0x55f101ff4d40_0, v0x55f101ff4fd0_0, v0x55f101ff4fd0_0, $time {0 0 0};
    %end;
    .thread T_1;
# The file index is used to find the file name in the following table.
:file_names 5;
    "N/A";
    "<interactive>";
    "test_bench.v";
    "./16bitCLA.v";
    "./../4bitCLA/4bitCLA.v";
