#! /usr/bin/vvp
:ivl_version "10.3 (stable)";
:ivl_delay_selection "TYPICAL";
:vpi_time_precision + 0;
:vpi_module "system";
:vpi_module "vhdl_sys";
:vpi_module "v2005_math";
:vpi_module "va_math";
S_0x556686f48390 .scope module, "test_bench" "test_bench" 2 3;
 .timescale 0 0;
v0x556686f61730_0 .var "a", 0 0;
v0x556686f617f0_0 .var "b", 0 0;
v0x556686f618c0_0 .net "c", 0 0, L_0x556686f61ea0;  1 drivers
v0x556686f619c0_0 .var "c0", 0 0;
v0x556686f61a90_0 .var "expected_c", 0 0;
v0x556686f61b30_0 .var "expected_s", 0 0;
v0x556686f61bd0_0 .net "s", 0 0, L_0x556686f37510;  1 drivers
S_0x556686f48510 .scope module, "test" "full_adder" 2 8, 3 1 0, S_0x556686f48390;
 .timescale 0 0;
    .port_info 0 /OUTPUT 1 "s"
    .port_info 1 /OUTPUT 1 "c"
    .port_info 2 /INPUT 1 "a"
    .port_info 3 /INPUT 1 "b"
    .port_info 4 /INPUT 1 "c0"
L_0x556686f374a0 .functor XOR 1, v0x556686f61730_0, v0x556686f617f0_0, C4<0>, C4<0>;
L_0x556686f37510 .functor XOR 1, L_0x556686f374a0, v0x556686f619c0_0, C4<0>, C4<0>;
L_0x556686f61e30 .functor OR 1, L_0x556686f61fe0, L_0x556686f620a0, C4<0>, C4<0>;
L_0x556686f61ea0 .functor OR 1, L_0x556686f621a0, L_0x556686f61e30, C4<0>, C4<0>;
L_0x556686f61fe0 .functor AND 1, v0x556686f61730_0, v0x556686f617f0_0, C4<1>, C4<1>;
L_0x556686f620a0 .functor AND 1, v0x556686f61730_0, v0x556686f619c0_0, C4<1>, C4<1>;
L_0x556686f621a0 .functor AND 1, v0x556686f617f0_0, v0x556686f619c0_0, C4<1>, C4<1>;
v0x556686f11070_0 .net "a", 0 0, v0x556686f61730_0;  1 drivers
v0x556686f60f70_0 .net "b", 0 0, v0x556686f617f0_0;  1 drivers
v0x556686f61030_0 .net "c", 0 0, L_0x556686f61ea0;  alias, 1 drivers
v0x556686f61100_0 .net "c0", 0 0, v0x556686f619c0_0;  1 drivers
v0x556686f611c0_0 .net "s", 0 0, L_0x556686f37510;  alias, 1 drivers
v0x556686f612d0_0 .net "t1", 0 0, L_0x556686f374a0;  1 drivers
v0x556686f61390_0 .net "t2", 0 0, L_0x556686f61fe0;  1 drivers
v0x556686f61450_0 .net "t3", 0 0, L_0x556686f620a0;  1 drivers
v0x556686f61510_0 .net "t4", 0 0, L_0x556686f621a0;  1 drivers
v0x556686f615d0_0 .net "t5", 0 0, L_0x556686f61e30;  1 drivers
    .scope S_0x556686f48390;
T_0 ;
    %pushi/vec4 0, 0, 1;
    %store/vec4 v0x556686f61730_0, 0, 1;
    %pushi/vec4 0, 0, 1;
    %store/vec4 v0x556686f617f0_0, 0, 1;
    %pushi/vec4 0, 0, 1;
    %store/vec4 v0x556686f619c0_0, 0, 1;
    %pushi/vec4 0, 0, 1;
    %store/vec4 v0x556686f61b30_0, 0, 1;
    %pushi/vec4 0, 0, 1;
    %store/vec4 v0x556686f61a90_0, 0, 1;
    %delay 10, 0;
    %pushi/vec4 1, 0, 1;
    %store/vec4 v0x556686f61730_0, 0, 1;
    %pushi/vec4 0, 0, 1;
    %store/vec4 v0x556686f617f0_0, 0, 1;
    %pushi/vec4 0, 0, 1;
    %store/vec4 v0x556686f619c0_0, 0, 1;
    %pushi/vec4 1, 0, 1;
    %store/vec4 v0x556686f61b30_0, 0, 1;
    %pushi/vec4 0, 0, 1;
    %store/vec4 v0x556686f61a90_0, 0, 1;
    %delay 10, 0;
    %pushi/vec4 0, 0, 1;
    %store/vec4 v0x556686f61730_0, 0, 1;
    %pushi/vec4 1, 0, 1;
    %store/vec4 v0x556686f617f0_0, 0, 1;
    %pushi/vec4 0, 0, 1;
    %store/vec4 v0x556686f619c0_0, 0, 1;
    %pushi/vec4 1, 0, 1;
    %store/vec4 v0x556686f61b30_0, 0, 1;
    %pushi/vec4 0, 0, 1;
    %store/vec4 v0x556686f61a90_0, 0, 1;
    %delay 10, 0;
    %pushi/vec4 1, 0, 1;
    %store/vec4 v0x556686f61730_0, 0, 1;
    %pushi/vec4 1, 0, 1;
    %store/vec4 v0x556686f617f0_0, 0, 1;
    %pushi/vec4 0, 0, 1;
    %store/vec4 v0x556686f619c0_0, 0, 1;
    %pushi/vec4 0, 0, 1;
    %store/vec4 v0x556686f61b30_0, 0, 1;
    %pushi/vec4 1, 0, 1;
    %store/vec4 v0x556686f61a90_0, 0, 1;
    %delay 10, 0;
    %pushi/vec4 0, 0, 1;
    %store/vec4 v0x556686f61730_0, 0, 1;
    %pushi/vec4 0, 0, 1;
    %store/vec4 v0x556686f617f0_0, 0, 1;
    %pushi/vec4 1, 0, 1;
    %store/vec4 v0x556686f619c0_0, 0, 1;
    %pushi/vec4 1, 0, 1;
    %store/vec4 v0x556686f61b30_0, 0, 1;
    %pushi/vec4 0, 0, 1;
    %store/vec4 v0x556686f61a90_0, 0, 1;
    %delay 10, 0;
    %pushi/vec4 1, 0, 1;
    %store/vec4 v0x556686f61730_0, 0, 1;
    %pushi/vec4 0, 0, 1;
    %store/vec4 v0x556686f617f0_0, 0, 1;
    %pushi/vec4 1, 0, 1;
    %store/vec4 v0x556686f619c0_0, 0, 1;
    %pushi/vec4 0, 0, 1;
    %store/vec4 v0x556686f61b30_0, 0, 1;
    %pushi/vec4 1, 0, 1;
    %store/vec4 v0x556686f61a90_0, 0, 1;
    %delay 10, 0;
    %pushi/vec4 0, 0, 1;
    %store/vec4 v0x556686f61730_0, 0, 1;
    %pushi/vec4 1, 0, 1;
    %store/vec4 v0x556686f617f0_0, 0, 1;
    %pushi/vec4 1, 0, 1;
    %store/vec4 v0x556686f619c0_0, 0, 1;
    %pushi/vec4 0, 0, 1;
    %store/vec4 v0x556686f61b30_0, 0, 1;
    %pushi/vec4 1, 0, 1;
    %store/vec4 v0x556686f61a90_0, 0, 1;
    %delay 10, 0;
    %pushi/vec4 1, 0, 1;
    %store/vec4 v0x556686f61730_0, 0, 1;
    %pushi/vec4 1, 0, 1;
    %store/vec4 v0x556686f617f0_0, 0, 1;
    %pushi/vec4 1, 0, 1;
    %store/vec4 v0x556686f619c0_0, 0, 1;
    %pushi/vec4 1, 0, 1;
    %store/vec4 v0x556686f61b30_0, 0, 1;
    %pushi/vec4 1, 0, 1;
    %store/vec4 v0x556686f61a90_0, 0, 1;
    %end;
    .thread T_0;
    .scope S_0x556686f48390;
T_1 ;
    %vpi_call 2 21 "$monitor", "a=%b b=%b c0=%b \011 c=%b s=%b \011expected c=%b expected s=%b \011 time=%0d", v0x556686f61730_0, v0x556686f617f0_0, v0x556686f619c0_0, v0x556686f618c0_0, v0x556686f61bd0_0, v0x556686f61a90_0, v0x556686f61b30_0, $time {0 0 0};
    %end;
    .thread T_1;
# The file index is used to find the file name in the following table.
:file_names 4;
    "N/A";
    "<interactive>";
    "test_FA.v";
    "./FA.v";
