#! /usr/bin/vvp
:ivl_version "10.3 (stable)";
:ivl_delay_selection "TYPICAL";
:vpi_time_precision + 0;
:vpi_module "system";
:vpi_module "vhdl_sys";
:vpi_module "v2005_math";
:vpi_module "va_math";
S_0x55efa03dd3f0 .scope module, "test32" "test32" 2 3;
 .timescale 0 0;
v0x55efa0408d30_0 .var "a", 31 0;
v0x55efa0408e10_0 .var "b", 31 0;
v0x55efa0408eb0_0 .net "c", 0 0, L_0x55efa041cf20;  1 drivers
v0x55efa0409010_0 .var "cin", 0 0;
v0x55efa0409140_0 .var "expected", 32 0;
v0x55efa04091e0_0 .net "s", 31 0, L_0x55efa041e0c0;  1 drivers
v0x55efa04092a0_0 .net "sf", 32 0, L_0x55efa041e160;  1 drivers
L_0x55efa041e160 .concat [ 32 1 0 0], L_0x55efa041e0c0, L_0x55efa041cf20;
S_0x55efa03db810 .scope module, "test" "rca32" 2 11, 3 3 0, S_0x55efa03dd3f0;
 .timescale 0 0;
    .port_info 0 /INPUT 32 "a"
    .port_info 1 /INPUT 32 "b"
    .port_info 2 /INPUT 1 "c0"
    .port_info 3 /OUTPUT 1 "c"
    .port_info 4 /OUTPUT 32 "s"
v0x55efa0408810_0 .net "a", 31 0, v0x55efa0408d30_0;  1 drivers
v0x55efa0408910_0 .net "b", 31 0, v0x55efa0408e10_0;  1 drivers
v0x55efa04089f0_0 .net "c", 0 0, L_0x55efa041cf20;  alias, 1 drivers
v0x55efa0408a90_0 .net "c0", 0 0, v0x55efa0409010_0;  1 drivers
v0x55efa0408b30_0 .net "s", 31 0, L_0x55efa041e0c0;  alias, 1 drivers
v0x55efa0408bf0_0 .net "temp_carry", 0 0, L_0x55efa04128f0;  1 drivers
L_0x55efa0413950 .part v0x55efa0408d30_0, 0, 16;
L_0x55efa0413a40 .part v0x55efa0408e10_0, 0, 16;
L_0x55efa041df80 .part v0x55efa0408d30_0, 16, 16;
L_0x55efa041e020 .part v0x55efa0408e10_0, 16, 16;
L_0x55efa041e0c0 .concat8 [ 16 16 0 0], L_0x55efa0413860, L_0x55efa041de90;
S_0x55efa03d9c30 .scope module, "A1" "rca16" 3 9, 4 3 0, S_0x55efa03db810;
 .timescale 0 0;
    .port_info 0 /INPUT 16 "a"
    .port_info 1 /INPUT 16 "b"
    .port_info 2 /INPUT 1 "c0"
    .port_info 3 /OUTPUT 1 "c"
    .port_info 4 /OUTPUT 16 "s"
v0x55efa03fb4f0_0 .net "a", 15 0, L_0x55efa0413950;  1 drivers
v0x55efa03fb5f0_0 .net "b", 15 0, L_0x55efa0413a40;  1 drivers
v0x55efa03fb6d0_0 .net "c", 0 0, L_0x55efa04128f0;  alias, 1 drivers
v0x55efa03fb7c0_0 .net "c0", 0 0, v0x55efa0409010_0;  alias, 1 drivers
v0x55efa03fb8b0_0 .net "s", 15 0, L_0x55efa0413860;  1 drivers
v0x55efa03fb9c0_0 .net "temp_carry", 0 0, L_0x55efa040d930;  1 drivers
L_0x55efa040e540 .part L_0x55efa0413950, 0, 8;
L_0x55efa040e5e0 .part L_0x55efa0413a40, 0, 8;
L_0x55efa0413720 .part L_0x55efa0413950, 8, 8;
L_0x55efa04137c0 .part L_0x55efa0413a40, 8, 8;
L_0x55efa0413860 .concat8 [ 8 8 0 0], L_0x55efa040dcc0, L_0x55efa0412c80;
S_0x55efa03d8050 .scope module, "A1" "rca8" 4 9, 5 3 0, S_0x55efa03d9c30;
 .timescale 0 0;
    .port_info 0 /INPUT 8 "a"
    .port_info 1 /INPUT 8 "b"
    .port_info 2 /INPUT 1 "c0"
    .port_info 3 /OUTPUT 8 "s"
    .port_info 4 /OUTPUT 1 "c"
v0x55efa03f4d60_0 .net "a", 7 0, L_0x55efa040e540;  1 drivers
v0x55efa03f4e60_0 .net "b", 7 0, L_0x55efa040e5e0;  1 drivers
v0x55efa03f4f40_0 .net "c", 0 0, L_0x55efa040d930;  alias, 1 drivers
v0x55efa03f5010_0 .net "c0", 0 0, v0x55efa0409010_0;  alias, 1 drivers
v0x55efa03f50e0_0 .net "s", 7 0, L_0x55efa040dcc0;  1 drivers
v0x55efa03f5180_0 .net "temp_carry", 6 0, L_0x55efa040d110;  1 drivers
L_0x55efa0409980 .part L_0x55efa040e540, 0, 1;
L_0x55efa0409ab0 .part L_0x55efa040e5e0, 0, 1;
L_0x55efa040a200 .part L_0x55efa040e540, 1, 1;
L_0x55efa040a330 .part L_0x55efa040e5e0, 1, 1;
L_0x55efa040a460 .part L_0x55efa040d110, 0, 1;
L_0x55efa040ab70 .part L_0x55efa040e540, 2, 1;
L_0x55efa040ace0 .part L_0x55efa040e5e0, 2, 1;
L_0x55efa040ae10 .part L_0x55efa040d110, 1, 1;
L_0x55efa040b4f0 .part L_0x55efa040e540, 3, 1;
L_0x55efa040b6b0 .part L_0x55efa040e5e0, 3, 1;
L_0x55efa040b8d0 .part L_0x55efa040d110, 2, 1;
L_0x55efa040be20 .part L_0x55efa040e540, 4, 1;
L_0x55efa040bfc0 .part L_0x55efa040e5e0, 4, 1;
L_0x55efa040c0f0 .part L_0x55efa040d110, 3, 1;
L_0x55efa040c7b0 .part L_0x55efa040e540, 5, 1;
L_0x55efa040c8e0 .part L_0x55efa040e5e0, 5, 1;
L_0x55efa040caa0 .part L_0x55efa040d110, 4, 1;
LS_0x55efa040d110_0_0 .concat8 [ 1 1 1 1], L_0x55efa0409510, L_0x55efa0409d90, L_0x55efa040a6e0, L_0x55efa040b0e0;
LS_0x55efa040d110_0_4 .concat8 [ 1 1 1 0], L_0x55efa040bb50, L_0x55efa040c410, L_0x55efa040cd20;
L_0x55efa040d110 .concat8 [ 4 3 0 0], LS_0x55efa040d110_0_0, LS_0x55efa040d110_0_4;
L_0x55efa040d4d0 .part L_0x55efa040e540, 6, 1;
L_0x55efa040d570 .part L_0x55efa040e5e0, 6, 1;
L_0x55efa040d430 .part L_0x55efa040d110, 5, 1;
LS_0x55efa040dcc0_0_0 .concat8 [ 1 1 1 1], L_0x55efa03e17b0, L_0x55efa0409c50, L_0x55efa040a600, L_0x55efa040b000;
LS_0x55efa040dcc0_0_4 .concat8 [ 1 1 1 1], L_0x55efa040ba70, L_0x55efa040c330, L_0x55efa040cc40, L_0x55efa040d850;
L_0x55efa040dcc0 .concat8 [ 4 4 0 0], LS_0x55efa040dcc0_0_0, LS_0x55efa040dcc0_0_4;
L_0x55efa040e0f0 .part L_0x55efa040e540, 7, 1;
L_0x55efa040e220 .part L_0x55efa040e5e0, 7, 1;
L_0x55efa040e390 .part L_0x55efa040d110, 6, 1;
S_0x55efa03d6470 .scope module, "f1" "full_adder" 5 9, 6 1 0, S_0x55efa03d8050;
 .timescale 0 0;
    .port_info 0 /OUTPUT 1 "s"
    .port_info 1 /OUTPUT 1 "c"
    .port_info 2 /INPUT 1 "a"
    .port_info 3 /INPUT 1 "b"
    .port_info 4 /INPUT 1 "c0"
L_0x55efa03e1740 .functor XOR 1, L_0x55efa0409980, L_0x55efa0409ab0, C4<0>, C4<0>;
L_0x55efa03e17b0 .functor XOR 1, L_0x55efa03e1740, v0x55efa0409010_0, C4<0>, C4<0>;
L_0x55efa0409440 .functor OR 1, L_0x55efa0409660, L_0x55efa04097c0, C4<0>, C4<0>;
L_0x55efa0409510 .functor OR 1, L_0x55efa04098c0, L_0x55efa0409440, C4<0>, C4<0>;
L_0x55efa0409660 .functor AND 1, L_0x55efa0409980, L_0x55efa0409ab0, C4<1>, C4<1>;
L_0x55efa04097c0 .functor AND 1, L_0x55efa0409980, v0x55efa0409010_0, C4<1>, C4<1>;
L_0x55efa04098c0 .functor AND 1, L_0x55efa0409ab0, v0x55efa0409010_0, C4<1>, C4<1>;
v0x55efa03d2f30_0 .net "a", 0 0, L_0x55efa0409980;  1 drivers
v0x55efa03b74e0_0 .net "b", 0 0, L_0x55efa0409ab0;  1 drivers
v0x55efa03ef810_0 .net "c", 0 0, L_0x55efa0409510;  1 drivers
v0x55efa03ef8b0_0 .net "c0", 0 0, v0x55efa0409010_0;  alias, 1 drivers
v0x55efa03ef970_0 .net "s", 0 0, L_0x55efa03e17b0;  1 drivers
v0x55efa03efa80_0 .net "t1", 0 0, L_0x55efa03e1740;  1 drivers
v0x55efa03efb40_0 .net "t2", 0 0, L_0x55efa0409660;  1 drivers
v0x55efa03efc00_0 .net "t3", 0 0, L_0x55efa04097c0;  1 drivers
v0x55efa03efcc0_0 .net "t4", 0 0, L_0x55efa04098c0;  1 drivers
v0x55efa03efd80_0 .net "t5", 0 0, L_0x55efa0409440;  1 drivers
S_0x55efa03efee0 .scope module, "f2" "full_adder" 5 10, 6 1 0, S_0x55efa03d8050;
 .timescale 0 0;
    .port_info 0 /OUTPUT 1 "s"
    .port_info 1 /OUTPUT 1 "c"
    .port_info 2 /INPUT 1 "a"
    .port_info 3 /INPUT 1 "b"
    .port_info 4 /INPUT 1 "c0"
L_0x55efa0409be0 .functor XOR 1, L_0x55efa040a200, L_0x55efa040a330, C4<0>, C4<0>;
L_0x55efa0409c50 .functor XOR 1, L_0x55efa0409be0, L_0x55efa040a460, C4<0>, C4<0>;
L_0x55efa0409cc0 .functor OR 1, L_0x55efa0409e90, L_0x55efa0409ff0, C4<0>, C4<0>;
L_0x55efa0409d90 .functor OR 1, L_0x55efa040a140, L_0x55efa0409cc0, C4<0>, C4<0>;
L_0x55efa0409e90 .functor AND 1, L_0x55efa040a200, L_0x55efa040a330, C4<1>, C4<1>;
L_0x55efa0409ff0 .functor AND 1, L_0x55efa040a200, L_0x55efa040a460, C4<1>, C4<1>;
L_0x55efa040a140 .functor AND 1, L_0x55efa040a330, L_0x55efa040a460, C4<1>, C4<1>;
v0x55efa03f0100_0 .net "a", 0 0, L_0x55efa040a200;  1 drivers
v0x55efa03f01c0_0 .net "b", 0 0, L_0x55efa040a330;  1 drivers
v0x55efa03f0280_0 .net "c", 0 0, L_0x55efa0409d90;  1 drivers
v0x55efa03f0350_0 .net "c0", 0 0, L_0x55efa040a460;  1 drivers
v0x55efa03f0410_0 .net "s", 0 0, L_0x55efa0409c50;  1 drivers
v0x55efa03f0520_0 .net "t1", 0 0, L_0x55efa0409be0;  1 drivers
v0x55efa03f05e0_0 .net "t2", 0 0, L_0x55efa0409e90;  1 drivers
v0x55efa03f06a0_0 .net "t3", 0 0, L_0x55efa0409ff0;  1 drivers
v0x55efa03f0760_0 .net "t4", 0 0, L_0x55efa040a140;  1 drivers
v0x55efa03f08b0_0 .net "t5", 0 0, L_0x55efa0409cc0;  1 drivers
S_0x55efa03f0a10 .scope module, "f3" "full_adder" 5 11, 6 1 0, S_0x55efa03d8050;
 .timescale 0 0;
    .port_info 0 /OUTPUT 1 "s"
    .port_info 1 /OUTPUT 1 "c"
    .port_info 2 /INPUT 1 "a"
    .port_info 3 /INPUT 1 "b"
    .port_info 4 /INPUT 1 "c0"
L_0x55efa040a590 .functor XOR 1, L_0x55efa040ab70, L_0x55efa040ace0, C4<0>, C4<0>;
L_0x55efa040a600 .functor XOR 1, L_0x55efa040a590, L_0x55efa040ae10, C4<0>, C4<0>;
L_0x55efa040a670 .functor OR 1, L_0x55efa040a800, L_0x55efa040a960, C4<0>, C4<0>;
L_0x55efa040a6e0 .functor OR 1, L_0x55efa040aab0, L_0x55efa040a670, C4<0>, C4<0>;
L_0x55efa040a800 .functor AND 1, L_0x55efa040ab70, L_0x55efa040ace0, C4<1>, C4<1>;
L_0x55efa040a960 .functor AND 1, L_0x55efa040ab70, L_0x55efa040ae10, C4<1>, C4<1>;
L_0x55efa040aab0 .functor AND 1, L_0x55efa040ace0, L_0x55efa040ae10, C4<1>, C4<1>;
v0x55efa03f0c40_0 .net "a", 0 0, L_0x55efa040ab70;  1 drivers
v0x55efa03f0d00_0 .net "b", 0 0, L_0x55efa040ace0;  1 drivers
v0x55efa03f0dc0_0 .net "c", 0 0, L_0x55efa040a6e0;  1 drivers
v0x55efa03f0e90_0 .net "c0", 0 0, L_0x55efa040ae10;  1 drivers
v0x55efa03f0f50_0 .net "s", 0 0, L_0x55efa040a600;  1 drivers
v0x55efa03f1060_0 .net "t1", 0 0, L_0x55efa040a590;  1 drivers
v0x55efa03f1120_0 .net "t2", 0 0, L_0x55efa040a800;  1 drivers
v0x55efa03f11e0_0 .net "t3", 0 0, L_0x55efa040a960;  1 drivers
v0x55efa03f12a0_0 .net "t4", 0 0, L_0x55efa040aab0;  1 drivers
v0x55efa03f13f0_0 .net "t5", 0 0, L_0x55efa040a670;  1 drivers
S_0x55efa03f1550 .scope module, "f4" "full_adder" 5 12, 6 1 0, S_0x55efa03d8050;
 .timescale 0 0;
    .port_info 0 /OUTPUT 1 "s"
    .port_info 1 /OUTPUT 1 "c"
    .port_info 2 /INPUT 1 "a"
    .port_info 3 /INPUT 1 "b"
    .port_info 4 /INPUT 1 "c0"
L_0x55efa040af90 .functor XOR 1, L_0x55efa040b4f0, L_0x55efa040b6b0, C4<0>, C4<0>;
L_0x55efa040b000 .functor XOR 1, L_0x55efa040af90, L_0x55efa040b8d0, C4<0>, C4<0>;
L_0x55efa040b070 .functor OR 1, L_0x55efa040b180, L_0x55efa040b2e0, C4<0>, C4<0>;
L_0x55efa040b0e0 .functor OR 1, L_0x55efa040b430, L_0x55efa040b070, C4<0>, C4<0>;
L_0x55efa040b180 .functor AND 1, L_0x55efa040b4f0, L_0x55efa040b6b0, C4<1>, C4<1>;
L_0x55efa040b2e0 .functor AND 1, L_0x55efa040b4f0, L_0x55efa040b8d0, C4<1>, C4<1>;
L_0x55efa040b430 .functor AND 1, L_0x55efa040b6b0, L_0x55efa040b8d0, C4<1>, C4<1>;
v0x55efa03f1750_0 .net "a", 0 0, L_0x55efa040b4f0;  1 drivers
v0x55efa03f1830_0 .net "b", 0 0, L_0x55efa040b6b0;  1 drivers
v0x55efa03f18f0_0 .net "c", 0 0, L_0x55efa040b0e0;  1 drivers
v0x55efa03f19c0_0 .net "c0", 0 0, L_0x55efa040b8d0;  1 drivers
v0x55efa03f1a80_0 .net "s", 0 0, L_0x55efa040b000;  1 drivers
v0x55efa03f1b90_0 .net "t1", 0 0, L_0x55efa040af90;  1 drivers
v0x55efa03f1c50_0 .net "t2", 0 0, L_0x55efa040b180;  1 drivers
v0x55efa03f1d10_0 .net "t3", 0 0, L_0x55efa040b2e0;  1 drivers
v0x55efa03f1dd0_0 .net "t4", 0 0, L_0x55efa040b430;  1 drivers
v0x55efa03f1f20_0 .net "t5", 0 0, L_0x55efa040b070;  1 drivers
S_0x55efa03f2080 .scope module, "f5" "full_adder" 5 13, 6 1 0, S_0x55efa03d8050;
 .timescale 0 0;
    .port_info 0 /OUTPUT 1 "s"
    .port_info 1 /OUTPUT 1 "c"
    .port_info 2 /INPUT 1 "a"
    .port_info 3 /INPUT 1 "b"
    .port_info 4 /INPUT 1 "c0"
L_0x55efa040ba00 .functor XOR 1, L_0x55efa040be20, L_0x55efa040bfc0, C4<0>, C4<0>;
L_0x55efa040ba70 .functor XOR 1, L_0x55efa040ba00, L_0x55efa040c0f0, C4<0>, C4<0>;
L_0x55efa040bae0 .functor OR 1, L_0x55efa040bbf0, L_0x55efa040bc60, C4<0>, C4<0>;
L_0x55efa040bb50 .functor OR 1, L_0x55efa040bd60, L_0x55efa040bae0, C4<0>, C4<0>;
L_0x55efa040bbf0 .functor AND 1, L_0x55efa040be20, L_0x55efa040bfc0, C4<1>, C4<1>;
L_0x55efa040bc60 .functor AND 1, L_0x55efa040be20, L_0x55efa040c0f0, C4<1>, C4<1>;
L_0x55efa040bd60 .functor AND 1, L_0x55efa040bfc0, L_0x55efa040c0f0, C4<1>, C4<1>;
v0x55efa03f22d0_0 .net "a", 0 0, L_0x55efa040be20;  1 drivers
v0x55efa03f23b0_0 .net "b", 0 0, L_0x55efa040bfc0;  1 drivers
v0x55efa03f2470_0 .net "c", 0 0, L_0x55efa040bb50;  1 drivers
v0x55efa03f2510_0 .net "c0", 0 0, L_0x55efa040c0f0;  1 drivers
v0x55efa03f25d0_0 .net "s", 0 0, L_0x55efa040ba70;  1 drivers
v0x55efa03f26e0_0 .net "t1", 0 0, L_0x55efa040ba00;  1 drivers
v0x55efa03f27a0_0 .net "t2", 0 0, L_0x55efa040bbf0;  1 drivers
v0x55efa03f2860_0 .net "t3", 0 0, L_0x55efa040bc60;  1 drivers
v0x55efa03f2920_0 .net "t4", 0 0, L_0x55efa040bd60;  1 drivers
v0x55efa03f2a70_0 .net "t5", 0 0, L_0x55efa040bae0;  1 drivers
S_0x55efa03f2bd0 .scope module, "f6" "full_adder" 5 14, 6 1 0, S_0x55efa03d8050;
 .timescale 0 0;
    .port_info 0 /OUTPUT 1 "s"
    .port_info 1 /OUTPUT 1 "c"
    .port_info 2 /INPUT 1 "a"
    .port_info 3 /INPUT 1 "b"
    .port_info 4 /INPUT 1 "c0"
L_0x55efa040bf50 .functor XOR 1, L_0x55efa040c7b0, L_0x55efa040c8e0, C4<0>, C4<0>;
L_0x55efa040c330 .functor XOR 1, L_0x55efa040bf50, L_0x55efa040caa0, C4<0>, C4<0>;
L_0x55efa040c3a0 .functor OR 1, L_0x55efa040c4e0, L_0x55efa040c5a0, C4<0>, C4<0>;
L_0x55efa040c410 .functor OR 1, L_0x55efa040c6f0, L_0x55efa040c3a0, C4<0>, C4<0>;
L_0x55efa040c4e0 .functor AND 1, L_0x55efa040c7b0, L_0x55efa040c8e0, C4<1>, C4<1>;
L_0x55efa040c5a0 .functor AND 1, L_0x55efa040c7b0, L_0x55efa040caa0, C4<1>, C4<1>;
L_0x55efa040c6f0 .functor AND 1, L_0x55efa040c8e0, L_0x55efa040caa0, C4<1>, C4<1>;
v0x55efa03f2dd0_0 .net "a", 0 0, L_0x55efa040c7b0;  1 drivers
v0x55efa03f2eb0_0 .net "b", 0 0, L_0x55efa040c8e0;  1 drivers
v0x55efa03f2f70_0 .net "c", 0 0, L_0x55efa040c410;  1 drivers
v0x55efa03f3040_0 .net "c0", 0 0, L_0x55efa040caa0;  1 drivers
v0x55efa03f3100_0 .net "s", 0 0, L_0x55efa040c330;  1 drivers
v0x55efa03f3210_0 .net "t1", 0 0, L_0x55efa040bf50;  1 drivers
v0x55efa03f32d0_0 .net "t2", 0 0, L_0x55efa040c4e0;  1 drivers
v0x55efa03f3390_0 .net "t3", 0 0, L_0x55efa040c5a0;  1 drivers
v0x55efa03f3450_0 .net "t4", 0 0, L_0x55efa040c6f0;  1 drivers
v0x55efa03f35a0_0 .net "t5", 0 0, L_0x55efa040c3a0;  1 drivers
S_0x55efa03f3700 .scope module, "f7" "full_adder" 5 15, 6 1 0, S_0x55efa03d8050;
 .timescale 0 0;
    .port_info 0 /OUTPUT 1 "s"
    .port_info 1 /OUTPUT 1 "c"
    .port_info 2 /INPUT 1 "a"
    .port_info 3 /INPUT 1 "b"
    .port_info 4 /INPUT 1 "c0"
L_0x55efa040cbd0 .functor XOR 1, L_0x55efa040d4d0, L_0x55efa040d570, C4<0>, C4<0>;
L_0x55efa040cc40 .functor XOR 1, L_0x55efa040cbd0, L_0x55efa040d430, C4<0>, C4<0>;
L_0x55efa040ccb0 .functor OR 1, L_0x55efa040cdf0, L_0x55efa040cf00, C4<0>, C4<0>;
L_0x55efa040cd20 .functor OR 1, L_0x55efa040d050, L_0x55efa040ccb0, C4<0>, C4<0>;
L_0x55efa040cdf0 .functor AND 1, L_0x55efa040d4d0, L_0x55efa040d570, C4<1>, C4<1>;
L_0x55efa040cf00 .functor AND 1, L_0x55efa040d4d0, L_0x55efa040d430, C4<1>, C4<1>;
L_0x55efa040d050 .functor AND 1, L_0x55efa040d570, L_0x55efa040d430, C4<1>, C4<1>;
v0x55efa03f3900_0 .net "a", 0 0, L_0x55efa040d4d0;  1 drivers
v0x55efa03f39e0_0 .net "b", 0 0, L_0x55efa040d570;  1 drivers
v0x55efa03f3aa0_0 .net "c", 0 0, L_0x55efa040cd20;  1 drivers
v0x55efa03f3b70_0 .net "c0", 0 0, L_0x55efa040d430;  1 drivers
v0x55efa03f3c30_0 .net "s", 0 0, L_0x55efa040cc40;  1 drivers
v0x55efa03f3d40_0 .net "t1", 0 0, L_0x55efa040cbd0;  1 drivers
v0x55efa03f3e00_0 .net "t2", 0 0, L_0x55efa040cdf0;  1 drivers
v0x55efa03f3ec0_0 .net "t3", 0 0, L_0x55efa040cf00;  1 drivers
v0x55efa03f3f80_0 .net "t4", 0 0, L_0x55efa040d050;  1 drivers
v0x55efa03f40d0_0 .net "t5", 0 0, L_0x55efa040ccb0;  1 drivers
S_0x55efa03f4230 .scope module, "f8" "full_adder" 5 16, 6 1 0, S_0x55efa03d8050;
 .timescale 0 0;
    .port_info 0 /OUTPUT 1 "s"
    .port_info 1 /OUTPUT 1 "c"
    .port_info 2 /INPUT 1 "a"
    .port_info 3 /INPUT 1 "b"
    .port_info 4 /INPUT 1 "c0"
L_0x55efa040d7e0 .functor XOR 1, L_0x55efa040e0f0, L_0x55efa040e220, C4<0>, C4<0>;
L_0x55efa040d850 .functor XOR 1, L_0x55efa040d7e0, L_0x55efa040e390, C4<0>, C4<0>;
L_0x55efa040d8c0 .functor OR 1, L_0x55efa040d9a0, L_0x55efa040dab0, C4<0>, C4<0>;
L_0x55efa040d930 .functor OR 1, L_0x55efa040dc00, L_0x55efa040d8c0, C4<0>, C4<0>;
L_0x55efa040d9a0 .functor AND 1, L_0x55efa040e0f0, L_0x55efa040e220, C4<1>, C4<1>;
L_0x55efa040dab0 .functor AND 1, L_0x55efa040e0f0, L_0x55efa040e390, C4<1>, C4<1>;
L_0x55efa040dc00 .functor AND 1, L_0x55efa040e220, L_0x55efa040e390, C4<1>, C4<1>;
v0x55efa03f4430_0 .net "a", 0 0, L_0x55efa040e0f0;  1 drivers
v0x55efa03f4510_0 .net "b", 0 0, L_0x55efa040e220;  1 drivers
v0x55efa03f45d0_0 .net "c", 0 0, L_0x55efa040d930;  alias, 1 drivers
v0x55efa03f46a0_0 .net "c0", 0 0, L_0x55efa040e390;  1 drivers
v0x55efa03f4760_0 .net "s", 0 0, L_0x55efa040d850;  1 drivers
v0x55efa03f4870_0 .net "t1", 0 0, L_0x55efa040d7e0;  1 drivers
v0x55efa03f4930_0 .net "t2", 0 0, L_0x55efa040d9a0;  1 drivers
v0x55efa03f49f0_0 .net "t3", 0 0, L_0x55efa040dab0;  1 drivers
v0x55efa03f4ab0_0 .net "t4", 0 0, L_0x55efa040dc00;  1 drivers
v0x55efa03f4c00_0 .net "t5", 0 0, L_0x55efa040d8c0;  1 drivers
S_0x55efa03f52e0 .scope module, "A2" "rca8" 4 10, 5 3 0, S_0x55efa03d9c30;
 .timescale 0 0;
    .port_info 0 /INPUT 8 "a"
    .port_info 1 /INPUT 8 "b"
    .port_info 2 /INPUT 1 "c0"
    .port_info 3 /OUTPUT 8 "s"
    .port_info 4 /OUTPUT 1 "c"
v0x55efa03faf80_0 .net "a", 7 0, L_0x55efa0413720;  1 drivers
v0x55efa03fb080_0 .net "b", 7 0, L_0x55efa04137c0;  1 drivers
v0x55efa03fb160_0 .net "c", 0 0, L_0x55efa04128f0;  alias, 1 drivers
v0x55efa03fb230_0 .net "c0", 0 0, L_0x55efa040d930;  alias, 1 drivers
v0x55efa03fb2d0_0 .net "s", 7 0, L_0x55efa0412c80;  1 drivers
v0x55efa03fb370_0 .net "temp_carry", 6 0, L_0x55efa04120d0;  1 drivers
L_0x55efa040ec20 .part L_0x55efa0413720, 0, 1;
L_0x55efa040ecc0 .part L_0x55efa04137c0, 0, 1;
L_0x55efa040f290 .part L_0x55efa0413720, 1, 1;
L_0x55efa040f3c0 .part L_0x55efa04137c0, 1, 1;
L_0x55efa040f4f0 .part L_0x55efa04120d0, 0, 1;
L_0x55efa040fbd0 .part L_0x55efa0413720, 2, 1;
L_0x55efa040fd40 .part L_0x55efa04137c0, 2, 1;
L_0x55efa040fe70 .part L_0x55efa04120d0, 1, 1;
L_0x55efa0410510 .part L_0x55efa0413720, 3, 1;
L_0x55efa04106d0 .part L_0x55efa04137c0, 3, 1;
L_0x55efa04108f0 .part L_0x55efa04120d0, 2, 1;
L_0x55efa0410e40 .part L_0x55efa0413720, 4, 1;
L_0x55efa0410fe0 .part L_0x55efa04137c0, 4, 1;
L_0x55efa0411110 .part L_0x55efa04120d0, 3, 1;
L_0x55efa04117a0 .part L_0x55efa0413720, 5, 1;
L_0x55efa04118d0 .part L_0x55efa04137c0, 5, 1;
L_0x55efa0411a90 .part L_0x55efa04120d0, 4, 1;
LS_0x55efa04120d0_0_0 .concat8 [ 1 1 1 1], L_0x55efa040e7d0, L_0x55efa040eeb0, L_0x55efa040f770, L_0x55efa0410140;
LS_0x55efa04120d0_0_4 .concat8 [ 1 1 1 0], L_0x55efa0410b70, L_0x55efa0411430, L_0x55efa0411d10;
L_0x55efa04120d0 .concat8 [ 4 3 0 0], LS_0x55efa04120d0_0_0, LS_0x55efa04120d0_0_4;
L_0x55efa0412490 .part L_0x55efa0413720, 6, 1;
L_0x55efa0412530 .part L_0x55efa04137c0, 6, 1;
L_0x55efa04123f0 .part L_0x55efa04120d0, 5, 1;
LS_0x55efa0412c80_0_0 .concat8 [ 1 1 1 1], L_0x55efa040e6f0, L_0x55efa040edd0, L_0x55efa040f690, L_0x55efa0410060;
LS_0x55efa0412c80_0_4 .concat8 [ 1 1 1 1], L_0x55efa0410a90, L_0x55efa0411350, L_0x55efa0411c30, L_0x55efa0412810;
L_0x55efa0412c80 .concat8 [ 4 4 0 0], LS_0x55efa0412c80_0_0, LS_0x55efa0412c80_0_4;
L_0x55efa04130b0 .part L_0x55efa0413720, 7, 1;
L_0x55efa04132f0 .part L_0x55efa04137c0, 7, 1;
L_0x55efa0413570 .part L_0x55efa04120d0, 6, 1;
S_0x55efa03f5550 .scope module, "f1" "full_adder" 5 9, 6 1 0, S_0x55efa03f52e0;
 .timescale 0 0;
    .port_info 0 /OUTPUT 1 "s"
    .port_info 1 /OUTPUT 1 "c"
    .port_info 2 /INPUT 1 "a"
    .port_info 3 /INPUT 1 "b"
    .port_info 4 /INPUT 1 "c0"
L_0x55efa040e680 .functor XOR 1, L_0x55efa040ec20, L_0x55efa040ecc0, C4<0>, C4<0>;
L_0x55efa040e6f0 .functor XOR 1, L_0x55efa040e680, L_0x55efa040d930, C4<0>, C4<0>;
L_0x55efa040e760 .functor OR 1, L_0x55efa040e840, L_0x55efa040e950, C4<0>, C4<0>;
L_0x55efa040e7d0 .functor OR 1, L_0x55efa040ea50, L_0x55efa040e760, C4<0>, C4<0>;
L_0x55efa040e840 .functor AND 1, L_0x55efa040ec20, L_0x55efa040ecc0, C4<1>, C4<1>;
L_0x55efa040e950 .functor AND 1, L_0x55efa040ec20, L_0x55efa040d930, C4<1>, C4<1>;
L_0x55efa040ea50 .functor AND 1, L_0x55efa040ecc0, L_0x55efa040d930, C4<1>, C4<1>;
v0x55efa03f57d0_0 .net "a", 0 0, L_0x55efa040ec20;  1 drivers
v0x55efa03f58b0_0 .net "b", 0 0, L_0x55efa040ecc0;  1 drivers
v0x55efa03f5970_0 .net "c", 0 0, L_0x55efa040e7d0;  1 drivers
v0x55efa03f5a40_0 .net "c0", 0 0, L_0x55efa040d930;  alias, 1 drivers
v0x55efa03f5b30_0 .net "s", 0 0, L_0x55efa040e6f0;  1 drivers
v0x55efa03f5c40_0 .net "t1", 0 0, L_0x55efa040e680;  1 drivers
v0x55efa03f5d00_0 .net "t2", 0 0, L_0x55efa040e840;  1 drivers
v0x55efa03f5dc0_0 .net "t3", 0 0, L_0x55efa040e950;  1 drivers
v0x55efa03f5e80_0 .net "t4", 0 0, L_0x55efa040ea50;  1 drivers
v0x55efa03f5fd0_0 .net "t5", 0 0, L_0x55efa040e760;  1 drivers
S_0x55efa03f6130 .scope module, "f2" "full_adder" 5 10, 6 1 0, S_0x55efa03f52e0;
 .timescale 0 0;
    .port_info 0 /OUTPUT 1 "s"
    .port_info 1 /OUTPUT 1 "c"
    .port_info 2 /INPUT 1 "a"
    .port_info 3 /INPUT 1 "b"
    .port_info 4 /INPUT 1 "c0"
L_0x55efa040ed60 .functor XOR 1, L_0x55efa040f290, L_0x55efa040f3c0, C4<0>, C4<0>;
L_0x55efa040edd0 .functor XOR 1, L_0x55efa040ed60, L_0x55efa040f4f0, C4<0>, C4<0>;
L_0x55efa040ee40 .functor OR 1, L_0x55efa040ef20, L_0x55efa040f080, C4<0>, C4<0>;
L_0x55efa040eeb0 .functor OR 1, L_0x55efa040f1d0, L_0x55efa040ee40, C4<0>, C4<0>;
L_0x55efa040ef20 .functor AND 1, L_0x55efa040f290, L_0x55efa040f3c0, C4<1>, C4<1>;
L_0x55efa040f080 .functor AND 1, L_0x55efa040f290, L_0x55efa040f4f0, C4<1>, C4<1>;
L_0x55efa040f1d0 .functor AND 1, L_0x55efa040f3c0, L_0x55efa040f4f0, C4<1>, C4<1>;
v0x55efa03f6350_0 .net "a", 0 0, L_0x55efa040f290;  1 drivers
v0x55efa03f6410_0 .net "b", 0 0, L_0x55efa040f3c0;  1 drivers
v0x55efa03f64d0_0 .net "c", 0 0, L_0x55efa040eeb0;  1 drivers
v0x55efa03f6570_0 .net "c0", 0 0, L_0x55efa040f4f0;  1 drivers
v0x55efa03f6630_0 .net "s", 0 0, L_0x55efa040edd0;  1 drivers
v0x55efa03f6740_0 .net "t1", 0 0, L_0x55efa040ed60;  1 drivers
v0x55efa03f6800_0 .net "t2", 0 0, L_0x55efa040ef20;  1 drivers
v0x55efa03f68c0_0 .net "t3", 0 0, L_0x55efa040f080;  1 drivers
v0x55efa03f6980_0 .net "t4", 0 0, L_0x55efa040f1d0;  1 drivers
v0x55efa03f6ad0_0 .net "t5", 0 0, L_0x55efa040ee40;  1 drivers
S_0x55efa03f6c30 .scope module, "f3" "full_adder" 5 11, 6 1 0, S_0x55efa03f52e0;
 .timescale 0 0;
    .port_info 0 /OUTPUT 1 "s"
    .port_info 1 /OUTPUT 1 "c"
    .port_info 2 /INPUT 1 "a"
    .port_info 3 /INPUT 1 "b"
    .port_info 4 /INPUT 1 "c0"
L_0x55efa040f620 .functor XOR 1, L_0x55efa040fbd0, L_0x55efa040fd40, C4<0>, C4<0>;
L_0x55efa040f690 .functor XOR 1, L_0x55efa040f620, L_0x55efa040fe70, C4<0>, C4<0>;
L_0x55efa040f700 .functor OR 1, L_0x55efa040f860, L_0x55efa040f9c0, C4<0>, C4<0>;
L_0x55efa040f770 .functor OR 1, L_0x55efa040fb10, L_0x55efa040f700, C4<0>, C4<0>;
L_0x55efa040f860 .functor AND 1, L_0x55efa040fbd0, L_0x55efa040fd40, C4<1>, C4<1>;
L_0x55efa040f9c0 .functor AND 1, L_0x55efa040fbd0, L_0x55efa040fe70, C4<1>, C4<1>;
L_0x55efa040fb10 .functor AND 1, L_0x55efa040fd40, L_0x55efa040fe70, C4<1>, C4<1>;
v0x55efa03f6e60_0 .net "a", 0 0, L_0x55efa040fbd0;  1 drivers
v0x55efa03f6f20_0 .net "b", 0 0, L_0x55efa040fd40;  1 drivers
v0x55efa03f6fe0_0 .net "c", 0 0, L_0x55efa040f770;  1 drivers
v0x55efa03f70b0_0 .net "c0", 0 0, L_0x55efa040fe70;  1 drivers
v0x55efa03f7170_0 .net "s", 0 0, L_0x55efa040f690;  1 drivers
v0x55efa03f7280_0 .net "t1", 0 0, L_0x55efa040f620;  1 drivers
v0x55efa03f7340_0 .net "t2", 0 0, L_0x55efa040f860;  1 drivers
v0x55efa03f7400_0 .net "t3", 0 0, L_0x55efa040f9c0;  1 drivers
v0x55efa03f74c0_0 .net "t4", 0 0, L_0x55efa040fb10;  1 drivers
v0x55efa03f7610_0 .net "t5", 0 0, L_0x55efa040f700;  1 drivers
S_0x55efa03f7770 .scope module, "f4" "full_adder" 5 12, 6 1 0, S_0x55efa03f52e0;
 .timescale 0 0;
    .port_info 0 /OUTPUT 1 "s"
    .port_info 1 /OUTPUT 1 "c"
    .port_info 2 /INPUT 1 "a"
    .port_info 3 /INPUT 1 "b"
    .port_info 4 /INPUT 1 "c0"
L_0x55efa040fff0 .functor XOR 1, L_0x55efa0410510, L_0x55efa04106d0, C4<0>, C4<0>;
L_0x55efa0410060 .functor XOR 1, L_0x55efa040fff0, L_0x55efa04108f0, C4<0>, C4<0>;
L_0x55efa04100d0 .functor OR 1, L_0x55efa04101e0, L_0x55efa0410340, C4<0>, C4<0>;
L_0x55efa0410140 .functor OR 1, L_0x55efa0410450, L_0x55efa04100d0, C4<0>, C4<0>;
L_0x55efa04101e0 .functor AND 1, L_0x55efa0410510, L_0x55efa04106d0, C4<1>, C4<1>;
L_0x55efa0410340 .functor AND 1, L_0x55efa0410510, L_0x55efa04108f0, C4<1>, C4<1>;
L_0x55efa0410450 .functor AND 1, L_0x55efa04106d0, L_0x55efa04108f0, C4<1>, C4<1>;
v0x55efa03f7970_0 .net "a", 0 0, L_0x55efa0410510;  1 drivers
v0x55efa03f7a50_0 .net "b", 0 0, L_0x55efa04106d0;  1 drivers
v0x55efa03f7b10_0 .net "c", 0 0, L_0x55efa0410140;  1 drivers
v0x55efa03f7be0_0 .net "c0", 0 0, L_0x55efa04108f0;  1 drivers
v0x55efa03f7ca0_0 .net "s", 0 0, L_0x55efa0410060;  1 drivers
v0x55efa03f7db0_0 .net "t1", 0 0, L_0x55efa040fff0;  1 drivers
v0x55efa03f7e70_0 .net "t2", 0 0, L_0x55efa04101e0;  1 drivers
v0x55efa03f7f30_0 .net "t3", 0 0, L_0x55efa0410340;  1 drivers
v0x55efa03f7ff0_0 .net "t4", 0 0, L_0x55efa0410450;  1 drivers
v0x55efa03f8140_0 .net "t5", 0 0, L_0x55efa04100d0;  1 drivers
S_0x55efa03f82a0 .scope module, "f5" "full_adder" 5 13, 6 1 0, S_0x55efa03f52e0;
 .timescale 0 0;
    .port_info 0 /OUTPUT 1 "s"
    .port_info 1 /OUTPUT 1 "c"
    .port_info 2 /INPUT 1 "a"
    .port_info 3 /INPUT 1 "b"
    .port_info 4 /INPUT 1 "c0"
L_0x55efa0410a20 .functor XOR 1, L_0x55efa0410e40, L_0x55efa0410fe0, C4<0>, C4<0>;
L_0x55efa0410a90 .functor XOR 1, L_0x55efa0410a20, L_0x55efa0411110, C4<0>, C4<0>;
L_0x55efa0410b00 .functor OR 1, L_0x55efa0410c10, L_0x55efa0410c80, C4<0>, C4<0>;
L_0x55efa0410b70 .functor OR 1, L_0x55efa0410d80, L_0x55efa0410b00, C4<0>, C4<0>;
L_0x55efa0410c10 .functor AND 1, L_0x55efa0410e40, L_0x55efa0410fe0, C4<1>, C4<1>;
L_0x55efa0410c80 .functor AND 1, L_0x55efa0410e40, L_0x55efa0411110, C4<1>, C4<1>;
L_0x55efa0410d80 .functor AND 1, L_0x55efa0410fe0, L_0x55efa0411110, C4<1>, C4<1>;
v0x55efa03f84f0_0 .net "a", 0 0, L_0x55efa0410e40;  1 drivers
v0x55efa03f85d0_0 .net "b", 0 0, L_0x55efa0410fe0;  1 drivers
v0x55efa03f8690_0 .net "c", 0 0, L_0x55efa0410b70;  1 drivers
v0x55efa03f8730_0 .net "c0", 0 0, L_0x55efa0411110;  1 drivers
v0x55efa03f87f0_0 .net "s", 0 0, L_0x55efa0410a90;  1 drivers
v0x55efa03f8900_0 .net "t1", 0 0, L_0x55efa0410a20;  1 drivers
v0x55efa03f89c0_0 .net "t2", 0 0, L_0x55efa0410c10;  1 drivers
v0x55efa03f8a80_0 .net "t3", 0 0, L_0x55efa0410c80;  1 drivers
v0x55efa03f8b40_0 .net "t4", 0 0, L_0x55efa0410d80;  1 drivers
v0x55efa03f8c90_0 .net "t5", 0 0, L_0x55efa0410b00;  1 drivers
S_0x55efa03f8df0 .scope module, "f6" "full_adder" 5 14, 6 1 0, S_0x55efa03f52e0;
 .timescale 0 0;
    .port_info 0 /OUTPUT 1 "s"
    .port_info 1 /OUTPUT 1 "c"
    .port_info 2 /INPUT 1 "a"
    .port_info 3 /INPUT 1 "b"
    .port_info 4 /INPUT 1 "c0"
L_0x55efa0410f70 .functor XOR 1, L_0x55efa04117a0, L_0x55efa04118d0, C4<0>, C4<0>;
L_0x55efa0411350 .functor XOR 1, L_0x55efa0410f70, L_0x55efa0411a90, C4<0>, C4<0>;
L_0x55efa04113c0 .functor OR 1, L_0x55efa04114d0, L_0x55efa0411590, C4<0>, C4<0>;
L_0x55efa0411430 .functor OR 1, L_0x55efa04116e0, L_0x55efa04113c0, C4<0>, C4<0>;
L_0x55efa04114d0 .functor AND 1, L_0x55efa04117a0, L_0x55efa04118d0, C4<1>, C4<1>;
L_0x55efa0411590 .functor AND 1, L_0x55efa04117a0, L_0x55efa0411a90, C4<1>, C4<1>;
L_0x55efa04116e0 .functor AND 1, L_0x55efa04118d0, L_0x55efa0411a90, C4<1>, C4<1>;
v0x55efa03f8ff0_0 .net "a", 0 0, L_0x55efa04117a0;  1 drivers
v0x55efa03f90d0_0 .net "b", 0 0, L_0x55efa04118d0;  1 drivers
v0x55efa03f9190_0 .net "c", 0 0, L_0x55efa0411430;  1 drivers
v0x55efa03f9260_0 .net "c0", 0 0, L_0x55efa0411a90;  1 drivers
v0x55efa03f9320_0 .net "s", 0 0, L_0x55efa0411350;  1 drivers
v0x55efa03f9430_0 .net "t1", 0 0, L_0x55efa0410f70;  1 drivers
v0x55efa03f94f0_0 .net "t2", 0 0, L_0x55efa04114d0;  1 drivers
v0x55efa03f95b0_0 .net "t3", 0 0, L_0x55efa0411590;  1 drivers
v0x55efa03f9670_0 .net "t4", 0 0, L_0x55efa04116e0;  1 drivers
v0x55efa03f97c0_0 .net "t5", 0 0, L_0x55efa04113c0;  1 drivers
S_0x55efa03f9920 .scope module, "f7" "full_adder" 5 15, 6 1 0, S_0x55efa03f52e0;
 .timescale 0 0;
    .port_info 0 /OUTPUT 1 "s"
    .port_info 1 /OUTPUT 1 "c"
    .port_info 2 /INPUT 1 "a"
    .port_info 3 /INPUT 1 "b"
    .port_info 4 /INPUT 1 "c0"
L_0x55efa0411bc0 .functor XOR 1, L_0x55efa0412490, L_0x55efa0412530, C4<0>, C4<0>;
L_0x55efa0411c30 .functor XOR 1, L_0x55efa0411bc0, L_0x55efa04123f0, C4<0>, C4<0>;
L_0x55efa0411ca0 .functor OR 1, L_0x55efa0411db0, L_0x55efa0411ec0, C4<0>, C4<0>;
L_0x55efa0411d10 .functor OR 1, L_0x55efa0412010, L_0x55efa0411ca0, C4<0>, C4<0>;
L_0x55efa0411db0 .functor AND 1, L_0x55efa0412490, L_0x55efa0412530, C4<1>, C4<1>;
L_0x55efa0411ec0 .functor AND 1, L_0x55efa0412490, L_0x55efa04123f0, C4<1>, C4<1>;
L_0x55efa0412010 .functor AND 1, L_0x55efa0412530, L_0x55efa04123f0, C4<1>, C4<1>;
v0x55efa03f9b20_0 .net "a", 0 0, L_0x55efa0412490;  1 drivers
v0x55efa03f9c00_0 .net "b", 0 0, L_0x55efa0412530;  1 drivers
v0x55efa03f9cc0_0 .net "c", 0 0, L_0x55efa0411d10;  1 drivers
v0x55efa03f9d90_0 .net "c0", 0 0, L_0x55efa04123f0;  1 drivers
v0x55efa03f9e50_0 .net "s", 0 0, L_0x55efa0411c30;  1 drivers
v0x55efa03f9f60_0 .net "t1", 0 0, L_0x55efa0411bc0;  1 drivers
v0x55efa03fa020_0 .net "t2", 0 0, L_0x55efa0411db0;  1 drivers
v0x55efa03fa0e0_0 .net "t3", 0 0, L_0x55efa0411ec0;  1 drivers
v0x55efa03fa1a0_0 .net "t4", 0 0, L_0x55efa0412010;  1 drivers
v0x55efa03fa2f0_0 .net "t5", 0 0, L_0x55efa0411ca0;  1 drivers
S_0x55efa03fa450 .scope module, "f8" "full_adder" 5 16, 6 1 0, S_0x55efa03f52e0;
 .timescale 0 0;
    .port_info 0 /OUTPUT 1 "s"
    .port_info 1 /OUTPUT 1 "c"
    .port_info 2 /INPUT 1 "a"
    .port_info 3 /INPUT 1 "b"
    .port_info 4 /INPUT 1 "c0"
L_0x55efa04127a0 .functor XOR 1, L_0x55efa04130b0, L_0x55efa04132f0, C4<0>, C4<0>;
L_0x55efa0412810 .functor XOR 1, L_0x55efa04127a0, L_0x55efa0413570, C4<0>, C4<0>;
L_0x55efa0412880 .functor OR 1, L_0x55efa0412960, L_0x55efa0412a70, C4<0>, C4<0>;
L_0x55efa04128f0 .functor OR 1, L_0x55efa0412bc0, L_0x55efa0412880, C4<0>, C4<0>;
L_0x55efa0412960 .functor AND 1, L_0x55efa04130b0, L_0x55efa04132f0, C4<1>, C4<1>;
L_0x55efa0412a70 .functor AND 1, L_0x55efa04130b0, L_0x55efa0413570, C4<1>, C4<1>;
L_0x55efa0412bc0 .functor AND 1, L_0x55efa04132f0, L_0x55efa0413570, C4<1>, C4<1>;
v0x55efa03fa650_0 .net "a", 0 0, L_0x55efa04130b0;  1 drivers
v0x55efa03fa730_0 .net "b", 0 0, L_0x55efa04132f0;  1 drivers
v0x55efa03fa7f0_0 .net "c", 0 0, L_0x55efa04128f0;  alias, 1 drivers
v0x55efa03fa8c0_0 .net "c0", 0 0, L_0x55efa0413570;  1 drivers
v0x55efa03fa980_0 .net "s", 0 0, L_0x55efa0412810;  1 drivers
v0x55efa03faa90_0 .net "t1", 0 0, L_0x55efa04127a0;  1 drivers
v0x55efa03fab50_0 .net "t2", 0 0, L_0x55efa0412960;  1 drivers
v0x55efa03fac10_0 .net "t3", 0 0, L_0x55efa0412a70;  1 drivers
v0x55efa03facd0_0 .net "t4", 0 0, L_0x55efa0412bc0;  1 drivers
v0x55efa03fae20_0 .net "t5", 0 0, L_0x55efa0412880;  1 drivers
S_0x55efa03fbb90 .scope module, "A2" "rca16" 3 10, 4 3 0, S_0x55efa03db810;
 .timescale 0 0;
    .port_info 0 /INPUT 16 "a"
    .port_info 1 /INPUT 16 "b"
    .port_info 2 /INPUT 1 "c0"
    .port_info 3 /OUTPUT 1 "c"
    .port_info 4 /OUTPUT 16 "s"
v0x55efa04081c0_0 .net "a", 15 0, L_0x55efa041df80;  1 drivers
v0x55efa04082c0_0 .net "b", 15 0, L_0x55efa041e020;  1 drivers
v0x55efa04083a0_0 .net "c", 0 0, L_0x55efa041cf20;  alias, 1 drivers
v0x55efa0408490_0 .net "c0", 0 0, L_0x55efa04128f0;  alias, 1 drivers
v0x55efa0408530_0 .net "s", 15 0, L_0x55efa041de90;  1 drivers
v0x55efa0408640_0 .net "temp_carry", 0 0, L_0x55efa0417dd0;  1 drivers
L_0x55efa0418c00 .part L_0x55efa041df80, 0, 8;
L_0x55efa0418ca0 .part L_0x55efa041e020, 0, 8;
L_0x55efa041dd50 .part L_0x55efa041df80, 8, 8;
L_0x55efa041ddf0 .part L_0x55efa041e020, 8, 8;
L_0x55efa041de90 .concat8 [ 8 8 0 0], L_0x55efa0418160, L_0x55efa041d2b0;
S_0x55efa03fbdb0 .scope module, "A1" "rca8" 4 9, 5 3 0, S_0x55efa03fbb90;
 .timescale 0 0;
    .port_info 0 /INPUT 8 "a"
    .port_info 1 /INPUT 8 "b"
    .port_info 2 /INPUT 1 "c0"
    .port_info 3 /OUTPUT 8 "s"
    .port_info 4 /OUTPUT 1 "c"
v0x55efa0401a00_0 .net "a", 7 0, L_0x55efa0418c00;  1 drivers
v0x55efa0401b00_0 .net "b", 7 0, L_0x55efa0418ca0;  1 drivers
v0x55efa0401be0_0 .net "c", 0 0, L_0x55efa0417dd0;  alias, 1 drivers
v0x55efa0401cb0_0 .net "c0", 0 0, L_0x55efa04128f0;  alias, 1 drivers
v0x55efa0401de0_0 .net "s", 7 0, L_0x55efa0418160;  1 drivers
v0x55efa0401e80_0 .net "temp_carry", 6 0, L_0x55efa04175b0;  1 drivers
L_0x55efa04141c0 .part L_0x55efa0418c00, 0, 1;
L_0x55efa0414260 .part L_0x55efa0418ca0, 0, 1;
L_0x55efa0414830 .part L_0x55efa0418c00, 1, 1;
L_0x55efa0414960 .part L_0x55efa0418ca0, 1, 1;
L_0x55efa0414a90 .part L_0x55efa04175b0, 0, 1;
L_0x55efa0415140 .part L_0x55efa0418c00, 2, 1;
L_0x55efa04152b0 .part L_0x55efa0418ca0, 2, 1;
L_0x55efa04153e0 .part L_0x55efa04175b0, 1, 1;
L_0x55efa0415a50 .part L_0x55efa0418c00, 3, 1;
L_0x55efa0415c10 .part L_0x55efa0418ca0, 3, 1;
L_0x55efa0415e30 .part L_0x55efa04175b0, 2, 1;
L_0x55efa0416350 .part L_0x55efa0418c00, 4, 1;
L_0x55efa04164f0 .part L_0x55efa0418ca0, 4, 1;
L_0x55efa0416620 .part L_0x55efa04175b0, 3, 1;
L_0x55efa0416c80 .part L_0x55efa0418c00, 5, 1;
L_0x55efa0416db0 .part L_0x55efa0418ca0, 5, 1;
L_0x55efa0416f70 .part L_0x55efa04175b0, 4, 1;
LS_0x55efa04175b0_0_0 .concat8 [ 1 1 1 1], L_0x55efa0413de0, L_0x55efa0414450, L_0x55efa0414d10, L_0x55efa04156b0;
LS_0x55efa04175b0_0_4 .concat8 [ 1 1 1 0], L_0x55efa04160b0, L_0x55efa0416940, L_0x55efa04171f0;
L_0x55efa04175b0 .concat8 [ 4 3 0 0], LS_0x55efa04175b0_0_0, LS_0x55efa04175b0_0_4;
L_0x55efa0417970 .part L_0x55efa0418c00, 6, 1;
L_0x55efa0417a10 .part L_0x55efa0418ca0, 6, 1;
L_0x55efa04178d0 .part L_0x55efa04175b0, 5, 1;
LS_0x55efa0418160_0_0 .concat8 [ 1 1 1 1], L_0x55efa0413ba0, L_0x55efa0414370, L_0x55efa0414c30, L_0x55efa04155d0;
LS_0x55efa0418160_0_4 .concat8 [ 1 1 1 1], L_0x55efa0415fd0, L_0x55efa0416860, L_0x55efa0417110, L_0x55efa0417cf0;
L_0x55efa0418160 .concat8 [ 4 4 0 0], LS_0x55efa0418160_0_0, LS_0x55efa0418160_0_4;
L_0x55efa0418590 .part L_0x55efa0418c00, 7, 1;
L_0x55efa04187d0 .part L_0x55efa0418ca0, 7, 1;
L_0x55efa0418a50 .part L_0x55efa04175b0, 6, 1;
S_0x55efa03fc000 .scope module, "f1" "full_adder" 5 9, 6 1 0, S_0x55efa03fbdb0;
 .timescale 0 0;
    .port_info 0 /OUTPUT 1 "s"
    .port_info 1 /OUTPUT 1 "c"
    .port_info 2 /INPUT 1 "a"
    .port_info 3 /INPUT 1 "b"
    .port_info 4 /INPUT 1 "c0"
L_0x55efa0413b30 .functor XOR 1, L_0x55efa04141c0, L_0x55efa0414260, C4<0>, C4<0>;
L_0x55efa0413ba0 .functor XOR 1, L_0x55efa0413b30, L_0x55efa04128f0, C4<0>, C4<0>;
L_0x55efa0413d70 .functor OR 1, L_0x55efa0413ea0, L_0x55efa0414000, C4<0>, C4<0>;
L_0x55efa0413de0 .functor OR 1, L_0x55efa0414100, L_0x55efa0413d70, C4<0>, C4<0>;
L_0x55efa0413ea0 .functor AND 1, L_0x55efa04141c0, L_0x55efa0414260, C4<1>, C4<1>;
L_0x55efa0414000 .functor AND 1, L_0x55efa04141c0, L_0x55efa04128f0, C4<1>, C4<1>;
L_0x55efa0414100 .functor AND 1, L_0x55efa0414260, L_0x55efa04128f0, C4<1>, C4<1>;
v0x55efa03fc270_0 .net "a", 0 0, L_0x55efa04141c0;  1 drivers
v0x55efa03fc350_0 .net "b", 0 0, L_0x55efa0414260;  1 drivers
v0x55efa03fc410_0 .net "c", 0 0, L_0x55efa0413de0;  1 drivers
v0x55efa03fc4e0_0 .net "c0", 0 0, L_0x55efa04128f0;  alias, 1 drivers
v0x55efa03fc580_0 .net "s", 0 0, L_0x55efa0413ba0;  1 drivers
v0x55efa03fc690_0 .net "t1", 0 0, L_0x55efa0413b30;  1 drivers
v0x55efa03fc750_0 .net "t2", 0 0, L_0x55efa0413ea0;  1 drivers
v0x55efa03fc810_0 .net "t3", 0 0, L_0x55efa0414000;  1 drivers
v0x55efa03fc8d0_0 .net "t4", 0 0, L_0x55efa0414100;  1 drivers
v0x55efa03fca20_0 .net "t5", 0 0, L_0x55efa0413d70;  1 drivers
S_0x55efa03fcb80 .scope module, "f2" "full_adder" 5 10, 6 1 0, S_0x55efa03fbdb0;
 .timescale 0 0;
    .port_info 0 /OUTPUT 1 "s"
    .port_info 1 /OUTPUT 1 "c"
    .port_info 2 /INPUT 1 "a"
    .port_info 3 /INPUT 1 "b"
    .port_info 4 /INPUT 1 "c0"
L_0x55efa0414300 .functor XOR 1, L_0x55efa0414830, L_0x55efa0414960, C4<0>, C4<0>;
L_0x55efa0414370 .functor XOR 1, L_0x55efa0414300, L_0x55efa0414a90, C4<0>, C4<0>;
L_0x55efa04143e0 .functor OR 1, L_0x55efa04144c0, L_0x55efa0414620, C4<0>, C4<0>;
L_0x55efa0414450 .functor OR 1, L_0x55efa0414770, L_0x55efa04143e0, C4<0>, C4<0>;
L_0x55efa04144c0 .functor AND 1, L_0x55efa0414830, L_0x55efa0414960, C4<1>, C4<1>;
L_0x55efa0414620 .functor AND 1, L_0x55efa0414830, L_0x55efa0414a90, C4<1>, C4<1>;
L_0x55efa0414770 .functor AND 1, L_0x55efa0414960, L_0x55efa0414a90, C4<1>, C4<1>;
v0x55efa03fcda0_0 .net "a", 0 0, L_0x55efa0414830;  1 drivers
v0x55efa03fce60_0 .net "b", 0 0, L_0x55efa0414960;  1 drivers
v0x55efa03fcf20_0 .net "c", 0 0, L_0x55efa0414450;  1 drivers
v0x55efa03fcff0_0 .net "c0", 0 0, L_0x55efa0414a90;  1 drivers
v0x55efa03fd0b0_0 .net "s", 0 0, L_0x55efa0414370;  1 drivers
v0x55efa03fd1c0_0 .net "t1", 0 0, L_0x55efa0414300;  1 drivers
v0x55efa03fd280_0 .net "t2", 0 0, L_0x55efa04144c0;  1 drivers
v0x55efa03fd340_0 .net "t3", 0 0, L_0x55efa0414620;  1 drivers
v0x55efa03fd400_0 .net "t4", 0 0, L_0x55efa0414770;  1 drivers
v0x55efa03fd550_0 .net "t5", 0 0, L_0x55efa04143e0;  1 drivers
S_0x55efa03fd6b0 .scope module, "f3" "full_adder" 5 11, 6 1 0, S_0x55efa03fbdb0;
 .timescale 0 0;
    .port_info 0 /OUTPUT 1 "s"
    .port_info 1 /OUTPUT 1 "c"
    .port_info 2 /INPUT 1 "a"
    .port_info 3 /INPUT 1 "b"
    .port_info 4 /INPUT 1 "c0"
L_0x55efa0414bc0 .functor XOR 1, L_0x55efa0415140, L_0x55efa04152b0, C4<0>, C4<0>;
L_0x55efa0414c30 .functor XOR 1, L_0x55efa0414bc0, L_0x55efa04153e0, C4<0>, C4<0>;
L_0x55efa0414ca0 .functor OR 1, L_0x55efa0414dd0, L_0x55efa0414f30, C4<0>, C4<0>;
L_0x55efa0414d10 .functor OR 1, L_0x55efa0415080, L_0x55efa0414ca0, C4<0>, C4<0>;
L_0x55efa0414dd0 .functor AND 1, L_0x55efa0415140, L_0x55efa04152b0, C4<1>, C4<1>;
L_0x55efa0414f30 .functor AND 1, L_0x55efa0415140, L_0x55efa04153e0, C4<1>, C4<1>;
L_0x55efa0415080 .functor AND 1, L_0x55efa04152b0, L_0x55efa04153e0, C4<1>, C4<1>;
v0x55efa03fd8e0_0 .net "a", 0 0, L_0x55efa0415140;  1 drivers
v0x55efa03fd9a0_0 .net "b", 0 0, L_0x55efa04152b0;  1 drivers
v0x55efa03fda60_0 .net "c", 0 0, L_0x55efa0414d10;  1 drivers
v0x55efa03fdb30_0 .net "c0", 0 0, L_0x55efa04153e0;  1 drivers
v0x55efa03fdbf0_0 .net "s", 0 0, L_0x55efa0414c30;  1 drivers
v0x55efa03fdd00_0 .net "t1", 0 0, L_0x55efa0414bc0;  1 drivers
v0x55efa03fddc0_0 .net "t2", 0 0, L_0x55efa0414dd0;  1 drivers
v0x55efa03fde80_0 .net "t3", 0 0, L_0x55efa0414f30;  1 drivers
v0x55efa03fdf40_0 .net "t4", 0 0, L_0x55efa0415080;  1 drivers
v0x55efa03fe090_0 .net "t5", 0 0, L_0x55efa0414ca0;  1 drivers
S_0x55efa03fe1f0 .scope module, "f4" "full_adder" 5 12, 6 1 0, S_0x55efa03fbdb0;
 .timescale 0 0;
    .port_info 0 /OUTPUT 1 "s"
    .port_info 1 /OUTPUT 1 "c"
    .port_info 2 /INPUT 1 "a"
    .port_info 3 /INPUT 1 "b"
    .port_info 4 /INPUT 1 "c0"
L_0x55efa0415560 .functor XOR 1, L_0x55efa0415a50, L_0x55efa0415c10, C4<0>, C4<0>;
L_0x55efa04155d0 .functor XOR 1, L_0x55efa0415560, L_0x55efa0415e30, C4<0>, C4<0>;
L_0x55efa0415640 .functor OR 1, L_0x55efa0415720, L_0x55efa0415880, C4<0>, C4<0>;
L_0x55efa04156b0 .functor OR 1, L_0x55efa0415990, L_0x55efa0415640, C4<0>, C4<0>;
L_0x55efa0415720 .functor AND 1, L_0x55efa0415a50, L_0x55efa0415c10, C4<1>, C4<1>;
L_0x55efa0415880 .functor AND 1, L_0x55efa0415a50, L_0x55efa0415e30, C4<1>, C4<1>;
L_0x55efa0415990 .functor AND 1, L_0x55efa0415c10, L_0x55efa0415e30, C4<1>, C4<1>;
v0x55efa03fe3f0_0 .net "a", 0 0, L_0x55efa0415a50;  1 drivers
v0x55efa03fe4d0_0 .net "b", 0 0, L_0x55efa0415c10;  1 drivers
v0x55efa03fe590_0 .net "c", 0 0, L_0x55efa04156b0;  1 drivers
v0x55efa03fe660_0 .net "c0", 0 0, L_0x55efa0415e30;  1 drivers
v0x55efa03fe720_0 .net "s", 0 0, L_0x55efa04155d0;  1 drivers
v0x55efa03fe830_0 .net "t1", 0 0, L_0x55efa0415560;  1 drivers
v0x55efa03fe8f0_0 .net "t2", 0 0, L_0x55efa0415720;  1 drivers
v0x55efa03fe9b0_0 .net "t3", 0 0, L_0x55efa0415880;  1 drivers
v0x55efa03fea70_0 .net "t4", 0 0, L_0x55efa0415990;  1 drivers
v0x55efa03febc0_0 .net "t5", 0 0, L_0x55efa0415640;  1 drivers
S_0x55efa03fed20 .scope module, "f5" "full_adder" 5 13, 6 1 0, S_0x55efa03fbdb0;
 .timescale 0 0;
    .port_info 0 /OUTPUT 1 "s"
    .port_info 1 /OUTPUT 1 "c"
    .port_info 2 /INPUT 1 "a"
    .port_info 3 /INPUT 1 "b"
    .port_info 4 /INPUT 1 "c0"
L_0x55efa0415f60 .functor XOR 1, L_0x55efa0416350, L_0x55efa04164f0, C4<0>, C4<0>;
L_0x55efa0415fd0 .functor XOR 1, L_0x55efa0415f60, L_0x55efa0416620, C4<0>, C4<0>;
L_0x55efa0416040 .functor OR 1, L_0x55efa0416120, L_0x55efa0416190, C4<0>, C4<0>;
L_0x55efa04160b0 .functor OR 1, L_0x55efa0416290, L_0x55efa0416040, C4<0>, C4<0>;
L_0x55efa0416120 .functor AND 1, L_0x55efa0416350, L_0x55efa04164f0, C4<1>, C4<1>;
L_0x55efa0416190 .functor AND 1, L_0x55efa0416350, L_0x55efa0416620, C4<1>, C4<1>;
L_0x55efa0416290 .functor AND 1, L_0x55efa04164f0, L_0x55efa0416620, C4<1>, C4<1>;
v0x55efa03fef70_0 .net "a", 0 0, L_0x55efa0416350;  1 drivers
v0x55efa03ff050_0 .net "b", 0 0, L_0x55efa04164f0;  1 drivers
v0x55efa03ff110_0 .net "c", 0 0, L_0x55efa04160b0;  1 drivers
v0x55efa03ff1b0_0 .net "c0", 0 0, L_0x55efa0416620;  1 drivers
v0x55efa03ff270_0 .net "s", 0 0, L_0x55efa0415fd0;  1 drivers
v0x55efa03ff380_0 .net "t1", 0 0, L_0x55efa0415f60;  1 drivers
v0x55efa03ff440_0 .net "t2", 0 0, L_0x55efa0416120;  1 drivers
v0x55efa03ff500_0 .net "t3", 0 0, L_0x55efa0416190;  1 drivers
v0x55efa03ff5c0_0 .net "t4", 0 0, L_0x55efa0416290;  1 drivers
v0x55efa03ff710_0 .net "t5", 0 0, L_0x55efa0416040;  1 drivers
S_0x55efa03ff870 .scope module, "f6" "full_adder" 5 14, 6 1 0, S_0x55efa03fbdb0;
 .timescale 0 0;
    .port_info 0 /OUTPUT 1 "s"
    .port_info 1 /OUTPUT 1 "c"
    .port_info 2 /INPUT 1 "a"
    .port_info 3 /INPUT 1 "b"
    .port_info 4 /INPUT 1 "c0"
L_0x55efa0416480 .functor XOR 1, L_0x55efa0416c80, L_0x55efa0416db0, C4<0>, C4<0>;
L_0x55efa0416860 .functor XOR 1, L_0x55efa0416480, L_0x55efa0416f70, C4<0>, C4<0>;
L_0x55efa04168d0 .functor OR 1, L_0x55efa04169b0, L_0x55efa0416a70, C4<0>, C4<0>;
L_0x55efa0416940 .functor OR 1, L_0x55efa0416bc0, L_0x55efa04168d0, C4<0>, C4<0>;
L_0x55efa04169b0 .functor AND 1, L_0x55efa0416c80, L_0x55efa0416db0, C4<1>, C4<1>;
L_0x55efa0416a70 .functor AND 1, L_0x55efa0416c80, L_0x55efa0416f70, C4<1>, C4<1>;
L_0x55efa0416bc0 .functor AND 1, L_0x55efa0416db0, L_0x55efa0416f70, C4<1>, C4<1>;
v0x55efa03ffa70_0 .net "a", 0 0, L_0x55efa0416c80;  1 drivers
v0x55efa03ffb50_0 .net "b", 0 0, L_0x55efa0416db0;  1 drivers
v0x55efa03ffc10_0 .net "c", 0 0, L_0x55efa0416940;  1 drivers
v0x55efa03ffce0_0 .net "c0", 0 0, L_0x55efa0416f70;  1 drivers
v0x55efa03ffda0_0 .net "s", 0 0, L_0x55efa0416860;  1 drivers
v0x55efa03ffeb0_0 .net "t1", 0 0, L_0x55efa0416480;  1 drivers
v0x55efa03fff70_0 .net "t2", 0 0, L_0x55efa04169b0;  1 drivers
v0x55efa0400030_0 .net "t3", 0 0, L_0x55efa0416a70;  1 drivers
v0x55efa04000f0_0 .net "t4", 0 0, L_0x55efa0416bc0;  1 drivers
v0x55efa0400240_0 .net "t5", 0 0, L_0x55efa04168d0;  1 drivers
S_0x55efa04003a0 .scope module, "f7" "full_adder" 5 15, 6 1 0, S_0x55efa03fbdb0;
 .timescale 0 0;
    .port_info 0 /OUTPUT 1 "s"
    .port_info 1 /OUTPUT 1 "c"
    .port_info 2 /INPUT 1 "a"
    .port_info 3 /INPUT 1 "b"
    .port_info 4 /INPUT 1 "c0"
L_0x55efa04170a0 .functor XOR 1, L_0x55efa0417970, L_0x55efa0417a10, C4<0>, C4<0>;
L_0x55efa0417110 .functor XOR 1, L_0x55efa04170a0, L_0x55efa04178d0, C4<0>, C4<0>;
L_0x55efa0417180 .functor OR 1, L_0x55efa0417290, L_0x55efa04173a0, C4<0>, C4<0>;
L_0x55efa04171f0 .functor OR 1, L_0x55efa04174f0, L_0x55efa0417180, C4<0>, C4<0>;
L_0x55efa0417290 .functor AND 1, L_0x55efa0417970, L_0x55efa0417a10, C4<1>, C4<1>;
L_0x55efa04173a0 .functor AND 1, L_0x55efa0417970, L_0x55efa04178d0, C4<1>, C4<1>;
L_0x55efa04174f0 .functor AND 1, L_0x55efa0417a10, L_0x55efa04178d0, C4<1>, C4<1>;
v0x55efa04005a0_0 .net "a", 0 0, L_0x55efa0417970;  1 drivers
v0x55efa0400680_0 .net "b", 0 0, L_0x55efa0417a10;  1 drivers
v0x55efa0400740_0 .net "c", 0 0, L_0x55efa04171f0;  1 drivers
v0x55efa0400810_0 .net "c0", 0 0, L_0x55efa04178d0;  1 drivers
v0x55efa04008d0_0 .net "s", 0 0, L_0x55efa0417110;  1 drivers
v0x55efa04009e0_0 .net "t1", 0 0, L_0x55efa04170a0;  1 drivers
v0x55efa0400aa0_0 .net "t2", 0 0, L_0x55efa0417290;  1 drivers
v0x55efa0400b60_0 .net "t3", 0 0, L_0x55efa04173a0;  1 drivers
v0x55efa0400c20_0 .net "t4", 0 0, L_0x55efa04174f0;  1 drivers
v0x55efa0400d70_0 .net "t5", 0 0, L_0x55efa0417180;  1 drivers
S_0x55efa0400ed0 .scope module, "f8" "full_adder" 5 16, 6 1 0, S_0x55efa03fbdb0;
 .timescale 0 0;
    .port_info 0 /OUTPUT 1 "s"
    .port_info 1 /OUTPUT 1 "c"
    .port_info 2 /INPUT 1 "a"
    .port_info 3 /INPUT 1 "b"
    .port_info 4 /INPUT 1 "c0"
L_0x55efa0417c80 .functor XOR 1, L_0x55efa0418590, L_0x55efa04187d0, C4<0>, C4<0>;
L_0x55efa0417cf0 .functor XOR 1, L_0x55efa0417c80, L_0x55efa0418a50, C4<0>, C4<0>;
L_0x55efa0417d60 .functor OR 1, L_0x55efa0417e40, L_0x55efa0417f50, C4<0>, C4<0>;
L_0x55efa0417dd0 .functor OR 1, L_0x55efa04180a0, L_0x55efa0417d60, C4<0>, C4<0>;
L_0x55efa0417e40 .functor AND 1, L_0x55efa0418590, L_0x55efa04187d0, C4<1>, C4<1>;
L_0x55efa0417f50 .functor AND 1, L_0x55efa0418590, L_0x55efa0418a50, C4<1>, C4<1>;
L_0x55efa04180a0 .functor AND 1, L_0x55efa04187d0, L_0x55efa0418a50, C4<1>, C4<1>;
v0x55efa04010d0_0 .net "a", 0 0, L_0x55efa0418590;  1 drivers
v0x55efa04011b0_0 .net "b", 0 0, L_0x55efa04187d0;  1 drivers
v0x55efa0401270_0 .net "c", 0 0, L_0x55efa0417dd0;  alias, 1 drivers
v0x55efa0401340_0 .net "c0", 0 0, L_0x55efa0418a50;  1 drivers
v0x55efa0401400_0 .net "s", 0 0, L_0x55efa0417cf0;  1 drivers
v0x55efa0401510_0 .net "t1", 0 0, L_0x55efa0417c80;  1 drivers
v0x55efa04015d0_0 .net "t2", 0 0, L_0x55efa0417e40;  1 drivers
v0x55efa0401690_0 .net "t3", 0 0, L_0x55efa0417f50;  1 drivers
v0x55efa0401750_0 .net "t4", 0 0, L_0x55efa04180a0;  1 drivers
v0x55efa04018a0_0 .net "t5", 0 0, L_0x55efa0417d60;  1 drivers
S_0x55efa0402000 .scope module, "A2" "rca8" 4 10, 5 3 0, S_0x55efa03fbb90;
 .timescale 0 0;
    .port_info 0 /INPUT 8 "a"
    .port_info 1 /INPUT 8 "b"
    .port_info 2 /INPUT 1 "c0"
    .port_info 3 /OUTPUT 8 "s"
    .port_info 4 /OUTPUT 1 "c"
v0x55efa0407c50_0 .net "a", 7 0, L_0x55efa041dd50;  1 drivers
v0x55efa0407d50_0 .net "b", 7 0, L_0x55efa041ddf0;  1 drivers
v0x55efa0407e30_0 .net "c", 0 0, L_0x55efa041cf20;  alias, 1 drivers
v0x55efa0407f00_0 .net "c0", 0 0, L_0x55efa0417dd0;  alias, 1 drivers
v0x55efa0407fa0_0 .net "s", 7 0, L_0x55efa041d2b0;  1 drivers
v0x55efa0408040_0 .net "temp_carry", 6 0, L_0x55efa041c700;  1 drivers
L_0x55efa04192e0 .part L_0x55efa041dd50, 0, 1;
L_0x55efa0419380 .part L_0x55efa041ddf0, 0, 1;
L_0x55efa0419950 .part L_0x55efa041dd50, 1, 1;
L_0x55efa0419a80 .part L_0x55efa041ddf0, 1, 1;
L_0x55efa0419bb0 .part L_0x55efa041c700, 0, 1;
L_0x55efa041a260 .part L_0x55efa041dd50, 2, 1;
L_0x55efa041a3d0 .part L_0x55efa041ddf0, 2, 1;
L_0x55efa041a500 .part L_0x55efa041c700, 1, 1;
L_0x55efa041ab70 .part L_0x55efa041dd50, 3, 1;
L_0x55efa041ad30 .part L_0x55efa041ddf0, 3, 1;
L_0x55efa041af50 .part L_0x55efa041c700, 2, 1;
L_0x55efa041b470 .part L_0x55efa041dd50, 4, 1;
L_0x55efa041b610 .part L_0x55efa041ddf0, 4, 1;
L_0x55efa041b740 .part L_0x55efa041c700, 3, 1;
L_0x55efa041bdd0 .part L_0x55efa041dd50, 5, 1;
L_0x55efa041bf00 .part L_0x55efa041ddf0, 5, 1;
L_0x55efa041c0c0 .part L_0x55efa041c700, 4, 1;
LS_0x55efa041c700_0_0 .concat8 [ 1 1 1 1], L_0x55efa0418e90, L_0x55efa0419570, L_0x55efa0419e30, L_0x55efa041a7d0;
LS_0x55efa041c700_0_4 .concat8 [ 1 1 1 0], L_0x55efa041b1d0, L_0x55efa041ba60, L_0x55efa041c340;
L_0x55efa041c700 .concat8 [ 4 3 0 0], LS_0x55efa041c700_0_0, LS_0x55efa041c700_0_4;
L_0x55efa041cac0 .part L_0x55efa041dd50, 6, 1;
L_0x55efa041cb60 .part L_0x55efa041ddf0, 6, 1;
L_0x55efa041ca20 .part L_0x55efa041c700, 5, 1;
LS_0x55efa041d2b0_0_0 .concat8 [ 1 1 1 1], L_0x55efa0418db0, L_0x55efa0419490, L_0x55efa0419d50, L_0x55efa041a6f0;
LS_0x55efa041d2b0_0_4 .concat8 [ 1 1 1 1], L_0x55efa041b0f0, L_0x55efa041b980, L_0x55efa041c260, L_0x55efa041ce40;
L_0x55efa041d2b0 .concat8 [ 4 4 0 0], LS_0x55efa041d2b0_0_0, LS_0x55efa041d2b0_0_4;
L_0x55efa041d6e0 .part L_0x55efa041dd50, 7, 1;
L_0x55efa041d920 .part L_0x55efa041ddf0, 7, 1;
L_0x55efa041dba0 .part L_0x55efa041c700, 6, 1;
S_0x55efa0402220 .scope module, "f1" "full_adder" 5 9, 6 1 0, S_0x55efa0402000;
 .timescale 0 0;
    .port_info 0 /OUTPUT 1 "s"
    .port_info 1 /OUTPUT 1 "c"
    .port_info 2 /INPUT 1 "a"
    .port_info 3 /INPUT 1 "b"
    .port_info 4 /INPUT 1 "c0"
L_0x55efa0418d40 .functor XOR 1, L_0x55efa04192e0, L_0x55efa0419380, C4<0>, C4<0>;
L_0x55efa0418db0 .functor XOR 1, L_0x55efa0418d40, L_0x55efa0417dd0, C4<0>, C4<0>;
L_0x55efa0418e20 .functor OR 1, L_0x55efa0418f00, L_0x55efa0419010, C4<0>, C4<0>;
L_0x55efa0418e90 .functor OR 1, L_0x55efa0419110, L_0x55efa0418e20, C4<0>, C4<0>;
L_0x55efa0418f00 .functor AND 1, L_0x55efa04192e0, L_0x55efa0419380, C4<1>, C4<1>;
L_0x55efa0419010 .functor AND 1, L_0x55efa04192e0, L_0x55efa0417dd0, C4<1>, C4<1>;
L_0x55efa0419110 .functor AND 1, L_0x55efa0419380, L_0x55efa0417dd0, C4<1>, C4<1>;
v0x55efa04024a0_0 .net "a", 0 0, L_0x55efa04192e0;  1 drivers
v0x55efa0402580_0 .net "b", 0 0, L_0x55efa0419380;  1 drivers
v0x55efa0402640_0 .net "c", 0 0, L_0x55efa0418e90;  1 drivers
v0x55efa0402710_0 .net "c0", 0 0, L_0x55efa0417dd0;  alias, 1 drivers
v0x55efa0402800_0 .net "s", 0 0, L_0x55efa0418db0;  1 drivers
v0x55efa0402910_0 .net "t1", 0 0, L_0x55efa0418d40;  1 drivers
v0x55efa04029d0_0 .net "t2", 0 0, L_0x55efa0418f00;  1 drivers
v0x55efa0402a90_0 .net "t3", 0 0, L_0x55efa0419010;  1 drivers
v0x55efa0402b50_0 .net "t4", 0 0, L_0x55efa0419110;  1 drivers
v0x55efa0402ca0_0 .net "t5", 0 0, L_0x55efa0418e20;  1 drivers
S_0x55efa0402e00 .scope module, "f2" "full_adder" 5 10, 6 1 0, S_0x55efa0402000;
 .timescale 0 0;
    .port_info 0 /OUTPUT 1 "s"
    .port_info 1 /OUTPUT 1 "c"
    .port_info 2 /INPUT 1 "a"
    .port_info 3 /INPUT 1 "b"
    .port_info 4 /INPUT 1 "c0"
L_0x55efa0419420 .functor XOR 1, L_0x55efa0419950, L_0x55efa0419a80, C4<0>, C4<0>;
L_0x55efa0419490 .functor XOR 1, L_0x55efa0419420, L_0x55efa0419bb0, C4<0>, C4<0>;
L_0x55efa0419500 .functor OR 1, L_0x55efa04195e0, L_0x55efa0419740, C4<0>, C4<0>;
L_0x55efa0419570 .functor OR 1, L_0x55efa0419890, L_0x55efa0419500, C4<0>, C4<0>;
L_0x55efa04195e0 .functor AND 1, L_0x55efa0419950, L_0x55efa0419a80, C4<1>, C4<1>;
L_0x55efa0419740 .functor AND 1, L_0x55efa0419950, L_0x55efa0419bb0, C4<1>, C4<1>;
L_0x55efa0419890 .functor AND 1, L_0x55efa0419a80, L_0x55efa0419bb0, C4<1>, C4<1>;
v0x55efa0403020_0 .net "a", 0 0, L_0x55efa0419950;  1 drivers
v0x55efa04030e0_0 .net "b", 0 0, L_0x55efa0419a80;  1 drivers
v0x55efa04031a0_0 .net "c", 0 0, L_0x55efa0419570;  1 drivers
v0x55efa0403240_0 .net "c0", 0 0, L_0x55efa0419bb0;  1 drivers
v0x55efa0403300_0 .net "s", 0 0, L_0x55efa0419490;  1 drivers
v0x55efa0403410_0 .net "t1", 0 0, L_0x55efa0419420;  1 drivers
v0x55efa04034d0_0 .net "t2", 0 0, L_0x55efa04195e0;  1 drivers
v0x55efa0403590_0 .net "t3", 0 0, L_0x55efa0419740;  1 drivers
v0x55efa0403650_0 .net "t4", 0 0, L_0x55efa0419890;  1 drivers
v0x55efa04037a0_0 .net "t5", 0 0, L_0x55efa0419500;  1 drivers
S_0x55efa0403900 .scope module, "f3" "full_adder" 5 11, 6 1 0, S_0x55efa0402000;
 .timescale 0 0;
    .port_info 0 /OUTPUT 1 "s"
    .port_info 1 /OUTPUT 1 "c"
    .port_info 2 /INPUT 1 "a"
    .port_info 3 /INPUT 1 "b"
    .port_info 4 /INPUT 1 "c0"
L_0x55efa0419ce0 .functor XOR 1, L_0x55efa041a260, L_0x55efa041a3d0, C4<0>, C4<0>;
L_0x55efa0419d50 .functor XOR 1, L_0x55efa0419ce0, L_0x55efa041a500, C4<0>, C4<0>;
L_0x55efa0419dc0 .functor OR 1, L_0x55efa0419ef0, L_0x55efa041a050, C4<0>, C4<0>;
L_0x55efa0419e30 .functor OR 1, L_0x55efa041a1a0, L_0x55efa0419dc0, C4<0>, C4<0>;
L_0x55efa0419ef0 .functor AND 1, L_0x55efa041a260, L_0x55efa041a3d0, C4<1>, C4<1>;
L_0x55efa041a050 .functor AND 1, L_0x55efa041a260, L_0x55efa041a500, C4<1>, C4<1>;
L_0x55efa041a1a0 .functor AND 1, L_0x55efa041a3d0, L_0x55efa041a500, C4<1>, C4<1>;
v0x55efa0403b30_0 .net "a", 0 0, L_0x55efa041a260;  1 drivers
v0x55efa0403bf0_0 .net "b", 0 0, L_0x55efa041a3d0;  1 drivers
v0x55efa0403cb0_0 .net "c", 0 0, L_0x55efa0419e30;  1 drivers
v0x55efa0403d80_0 .net "c0", 0 0, L_0x55efa041a500;  1 drivers
v0x55efa0403e40_0 .net "s", 0 0, L_0x55efa0419d50;  1 drivers
v0x55efa0403f50_0 .net "t1", 0 0, L_0x55efa0419ce0;  1 drivers
v0x55efa0404010_0 .net "t2", 0 0, L_0x55efa0419ef0;  1 drivers
v0x55efa04040d0_0 .net "t3", 0 0, L_0x55efa041a050;  1 drivers
v0x55efa0404190_0 .net "t4", 0 0, L_0x55efa041a1a0;  1 drivers
v0x55efa04042e0_0 .net "t5", 0 0, L_0x55efa0419dc0;  1 drivers
S_0x55efa0404440 .scope module, "f4" "full_adder" 5 12, 6 1 0, S_0x55efa0402000;
 .timescale 0 0;
    .port_info 0 /OUTPUT 1 "s"
    .port_info 1 /OUTPUT 1 "c"
    .port_info 2 /INPUT 1 "a"
    .port_info 3 /INPUT 1 "b"
    .port_info 4 /INPUT 1 "c0"
L_0x55efa041a680 .functor XOR 1, L_0x55efa041ab70, L_0x55efa041ad30, C4<0>, C4<0>;
L_0x55efa041a6f0 .functor XOR 1, L_0x55efa041a680, L_0x55efa041af50, C4<0>, C4<0>;
L_0x55efa041a760 .functor OR 1, L_0x55efa041a840, L_0x55efa041a9a0, C4<0>, C4<0>;
L_0x55efa041a7d0 .functor OR 1, L_0x55efa041aab0, L_0x55efa041a760, C4<0>, C4<0>;
L_0x55efa041a840 .functor AND 1, L_0x55efa041ab70, L_0x55efa041ad30, C4<1>, C4<1>;
L_0x55efa041a9a0 .functor AND 1, L_0x55efa041ab70, L_0x55efa041af50, C4<1>, C4<1>;
L_0x55efa041aab0 .functor AND 1, L_0x55efa041ad30, L_0x55efa041af50, C4<1>, C4<1>;
v0x55efa0404640_0 .net "a", 0 0, L_0x55efa041ab70;  1 drivers
v0x55efa0404720_0 .net "b", 0 0, L_0x55efa041ad30;  1 drivers
v0x55efa04047e0_0 .net "c", 0 0, L_0x55efa041a7d0;  1 drivers
v0x55efa04048b0_0 .net "c0", 0 0, L_0x55efa041af50;  1 drivers
v0x55efa0404970_0 .net "s", 0 0, L_0x55efa041a6f0;  1 drivers
v0x55efa0404a80_0 .net "t1", 0 0, L_0x55efa041a680;  1 drivers
v0x55efa0404b40_0 .net "t2", 0 0, L_0x55efa041a840;  1 drivers
v0x55efa0404c00_0 .net "t3", 0 0, L_0x55efa041a9a0;  1 drivers
v0x55efa0404cc0_0 .net "t4", 0 0, L_0x55efa041aab0;  1 drivers
v0x55efa0404e10_0 .net "t5", 0 0, L_0x55efa041a760;  1 drivers
S_0x55efa0404f70 .scope module, "f5" "full_adder" 5 13, 6 1 0, S_0x55efa0402000;
 .timescale 0 0;
    .port_info 0 /OUTPUT 1 "s"
    .port_info 1 /OUTPUT 1 "c"
    .port_info 2 /INPUT 1 "a"
    .port_info 3 /INPUT 1 "b"
    .port_info 4 /INPUT 1 "c0"
L_0x55efa041b080 .functor XOR 1, L_0x55efa041b470, L_0x55efa041b610, C4<0>, C4<0>;
L_0x55efa041b0f0 .functor XOR 1, L_0x55efa041b080, L_0x55efa041b740, C4<0>, C4<0>;
L_0x55efa041b160 .functor OR 1, L_0x55efa041b240, L_0x55efa041b2b0, C4<0>, C4<0>;
L_0x55efa041b1d0 .functor OR 1, L_0x55efa041b3b0, L_0x55efa041b160, C4<0>, C4<0>;
L_0x55efa041b240 .functor AND 1, L_0x55efa041b470, L_0x55efa041b610, C4<1>, C4<1>;
L_0x55efa041b2b0 .functor AND 1, L_0x55efa041b470, L_0x55efa041b740, C4<1>, C4<1>;
L_0x55efa041b3b0 .functor AND 1, L_0x55efa041b610, L_0x55efa041b740, C4<1>, C4<1>;
v0x55efa04051c0_0 .net "a", 0 0, L_0x55efa041b470;  1 drivers
v0x55efa04052a0_0 .net "b", 0 0, L_0x55efa041b610;  1 drivers
v0x55efa0405360_0 .net "c", 0 0, L_0x55efa041b1d0;  1 drivers
v0x55efa0405400_0 .net "c0", 0 0, L_0x55efa041b740;  1 drivers
v0x55efa04054c0_0 .net "s", 0 0, L_0x55efa041b0f0;  1 drivers
v0x55efa04055d0_0 .net "t1", 0 0, L_0x55efa041b080;  1 drivers
v0x55efa0405690_0 .net "t2", 0 0, L_0x55efa041b240;  1 drivers
v0x55efa0405750_0 .net "t3", 0 0, L_0x55efa041b2b0;  1 drivers
v0x55efa0405810_0 .net "t4", 0 0, L_0x55efa041b3b0;  1 drivers
v0x55efa0405960_0 .net "t5", 0 0, L_0x55efa041b160;  1 drivers
S_0x55efa0405ac0 .scope module, "f6" "full_adder" 5 14, 6 1 0, S_0x55efa0402000;
 .timescale 0 0;
    .port_info 0 /OUTPUT 1 "s"
    .port_info 1 /OUTPUT 1 "c"
    .port_info 2 /INPUT 1 "a"
    .port_info 3 /INPUT 1 "b"
    .port_info 4 /INPUT 1 "c0"
L_0x55efa041b5a0 .functor XOR 1, L_0x55efa041bdd0, L_0x55efa041bf00, C4<0>, C4<0>;
L_0x55efa041b980 .functor XOR 1, L_0x55efa041b5a0, L_0x55efa041c0c0, C4<0>, C4<0>;
L_0x55efa041b9f0 .functor OR 1, L_0x55efa041bb00, L_0x55efa041bbc0, C4<0>, C4<0>;
L_0x55efa041ba60 .functor OR 1, L_0x55efa041bd10, L_0x55efa041b9f0, C4<0>, C4<0>;
L_0x55efa041bb00 .functor AND 1, L_0x55efa041bdd0, L_0x55efa041bf00, C4<1>, C4<1>;
L_0x55efa041bbc0 .functor AND 1, L_0x55efa041bdd0, L_0x55efa041c0c0, C4<1>, C4<1>;
L_0x55efa041bd10 .functor AND 1, L_0x55efa041bf00, L_0x55efa041c0c0, C4<1>, C4<1>;
v0x55efa0405cc0_0 .net "a", 0 0, L_0x55efa041bdd0;  1 drivers
v0x55efa0405da0_0 .net "b", 0 0, L_0x55efa041bf00;  1 drivers
v0x55efa0405e60_0 .net "c", 0 0, L_0x55efa041ba60;  1 drivers
v0x55efa0405f30_0 .net "c0", 0 0, L_0x55efa041c0c0;  1 drivers
v0x55efa0405ff0_0 .net "s", 0 0, L_0x55efa041b980;  1 drivers
v0x55efa0406100_0 .net "t1", 0 0, L_0x55efa041b5a0;  1 drivers
v0x55efa04061c0_0 .net "t2", 0 0, L_0x55efa041bb00;  1 drivers
v0x55efa0406280_0 .net "t3", 0 0, L_0x55efa041bbc0;  1 drivers
v0x55efa0406340_0 .net "t4", 0 0, L_0x55efa041bd10;  1 drivers
v0x55efa0406490_0 .net "t5", 0 0, L_0x55efa041b9f0;  1 drivers
S_0x55efa04065f0 .scope module, "f7" "full_adder" 5 15, 6 1 0, S_0x55efa0402000;
 .timescale 0 0;
    .port_info 0 /OUTPUT 1 "s"
    .port_info 1 /OUTPUT 1 "c"
    .port_info 2 /INPUT 1 "a"
    .port_info 3 /INPUT 1 "b"
    .port_info 4 /INPUT 1 "c0"
L_0x55efa041c1f0 .functor XOR 1, L_0x55efa041cac0, L_0x55efa041cb60, C4<0>, C4<0>;
L_0x55efa041c260 .functor XOR 1, L_0x55efa041c1f0, L_0x55efa041ca20, C4<0>, C4<0>;
L_0x55efa041c2d0 .functor OR 1, L_0x55efa041c3e0, L_0x55efa041c4f0, C4<0>, C4<0>;
L_0x55efa041c340 .functor OR 1, L_0x55efa041c640, L_0x55efa041c2d0, C4<0>, C4<0>;
L_0x55efa041c3e0 .functor AND 1, L_0x55efa041cac0, L_0x55efa041cb60, C4<1>, C4<1>;
L_0x55efa041c4f0 .functor AND 1, L_0x55efa041cac0, L_0x55efa041ca20, C4<1>, C4<1>;
L_0x55efa041c640 .functor AND 1, L_0x55efa041cb60, L_0x55efa041ca20, C4<1>, C4<1>;
v0x55efa04067f0_0 .net "a", 0 0, L_0x55efa041cac0;  1 drivers
v0x55efa04068d0_0 .net "b", 0 0, L_0x55efa041cb60;  1 drivers
v0x55efa0406990_0 .net "c", 0 0, L_0x55efa041c340;  1 drivers
v0x55efa0406a60_0 .net "c0", 0 0, L_0x55efa041ca20;  1 drivers
v0x55efa0406b20_0 .net "s", 0 0, L_0x55efa041c260;  1 drivers
v0x55efa0406c30_0 .net "t1", 0 0, L_0x55efa041c1f0;  1 drivers
v0x55efa0406cf0_0 .net "t2", 0 0, L_0x55efa041c3e0;  1 drivers
v0x55efa0406db0_0 .net "t3", 0 0, L_0x55efa041c4f0;  1 drivers
v0x55efa0406e70_0 .net "t4", 0 0, L_0x55efa041c640;  1 drivers
v0x55efa0406fc0_0 .net "t5", 0 0, L_0x55efa041c2d0;  1 drivers
S_0x55efa0407120 .scope module, "f8" "full_adder" 5 16, 6 1 0, S_0x55efa0402000;
 .timescale 0 0;
    .port_info 0 /OUTPUT 1 "s"
    .port_info 1 /OUTPUT 1 "c"
    .port_info 2 /INPUT 1 "a"
    .port_info 3 /INPUT 1 "b"
    .port_info 4 /INPUT 1 "c0"
L_0x55efa041cdd0 .functor XOR 1, L_0x55efa041d6e0, L_0x55efa041d920, C4<0>, C4<0>;
L_0x55efa041ce40 .functor XOR 1, L_0x55efa041cdd0, L_0x55efa041dba0, C4<0>, C4<0>;
L_0x55efa041ceb0 .functor OR 1, L_0x55efa041cf90, L_0x55efa041d0a0, C4<0>, C4<0>;
L_0x55efa041cf20 .functor OR 1, L_0x55efa041d1f0, L_0x55efa041ceb0, C4<0>, C4<0>;
L_0x55efa041cf90 .functor AND 1, L_0x55efa041d6e0, L_0x55efa041d920, C4<1>, C4<1>;
L_0x55efa041d0a0 .functor AND 1, L_0x55efa041d6e0, L_0x55efa041dba0, C4<1>, C4<1>;
L_0x55efa041d1f0 .functor AND 1, L_0x55efa041d920, L_0x55efa041dba0, C4<1>, C4<1>;
v0x55efa0407320_0 .net "a", 0 0, L_0x55efa041d6e0;  1 drivers
v0x55efa0407400_0 .net "b", 0 0, L_0x55efa041d920;  1 drivers
v0x55efa04074c0_0 .net "c", 0 0, L_0x55efa041cf20;  alias, 1 drivers
v0x55efa0407590_0 .net "c0", 0 0, L_0x55efa041dba0;  1 drivers
v0x55efa0407650_0 .net "s", 0 0, L_0x55efa041ce40;  1 drivers
v0x55efa0407760_0 .net "t1", 0 0, L_0x55efa041cdd0;  1 drivers
v0x55efa0407820_0 .net "t2", 0 0, L_0x55efa041cf90;  1 drivers
v0x55efa04078e0_0 .net "t3", 0 0, L_0x55efa041d0a0;  1 drivers
v0x55efa04079a0_0 .net "t4", 0 0, L_0x55efa041d1f0;  1 drivers
v0x55efa0407af0_0 .net "t5", 0 0, L_0x55efa041ceb0;  1 drivers
    .scope S_0x55efa03dd3f0;
T_0 ;
    %pushi/vec4 168, 0, 32;
    %store/vec4 v0x55efa0408d30_0, 0, 32;
    %pushi/vec4 69, 0, 32;
    %store/vec4 v0x55efa0408e10_0, 0, 32;
    %pushi/vec4 0, 0, 1;
    %store/vec4 v0x55efa0409010_0, 0, 1;
    %pushi/vec4 237, 0, 33;
    %store/vec4 v0x55efa0409140_0, 0, 33;
    %delay 10, 0;
    %pushi/vec4 1234567891, 0, 32;
    %store/vec4 v0x55efa0408d30_0, 0, 32;
    %pushi/vec4 4189534612, 0, 32;
    %store/vec4 v0x55efa0408e10_0, 0, 32;
    %pushi/vec4 0, 0, 1;
    %store/vec4 v0x55efa0409010_0, 0, 1;
    %pushi/vec4 2712051251, 0, 32;
    %concati/vec4 1, 0, 1;
    %store/vec4 v0x55efa0409140_0, 0, 33;
    %end;
    .thread T_0;
    .scope S_0x55efa03dd3f0;
T_1 ;
    %vpi_call 2 20 "$monitor", "a=%b=%d b=%b=%d  \011 s=%b=%d \011expected sum=%b=%d  \011 time=%0d", v0x55efa0408d30_0, v0x55efa0408d30_0, v0x55efa0408e10_0, v0x55efa0408e10_0, v0x55efa04092a0_0, v0x55efa04092a0_0, v0x55efa0409140_0, v0x55efa0409140_0, $time {0 0 0};
    %end;
    .thread T_1;
# The file index is used to find the file name in the following table.
:file_names 7;
    "N/A";
    "<interactive>";
    "test32.v";
    "./32bit.v";
    "./16bit.v";
    "./8bit.v";
    "./../Full_Adder/FA.v";
